Log file open, 11/15/18 20:02:35
LogWindows: Failed to load 'aqProf.dll' (GetLastError=126)
LogWindows: File 'aqProf.dll' does not exist
LogWindows: Failed to load 'VtuneApi.dll' (GetLastError=126)
LogWindows: File 'VtuneApi.dll' does not exist
LogWindows: Failed to load 'VtuneApi32e.dll' (GetLastError=126)
LogWindows: File 'VtuneApi32e.dll' does not exist
LogInit: Display: Running engine for game: GAME310_RamboBambi
LogPlatformFile: Not using cached read wrapper
LogTaskGraph: Started task graph with 5 named threads and 11 total threads with 3 sets of task threads.
LogStats: Stats thread started at 0.192030
LogD3D11RHI: Loaded GFSDK_Aftermath_Lib.x64.dll
LogICUInternationalization: Display: ICU TimeZone Detection - Raw Offset: -5:00, Platform Override: ''
LogPluginManager: Mounting plugin Paper2D
LogPluginManager: Mounting plugin AISupport
LogPluginManager: Mounting plugin LightPropagationVolume
LogPluginManager: Mounting plugin CLionSourceCodeAccess
LogPluginManager: Mounting plugin CodeLiteSourceCodeAccess
LogPluginManager: Mounting plugin GitSourceControl
LogPluginManager: Mounting plugin KDevelopSourceCodeAccess
LogPluginManager: Mounting plugin NullSourceCodeAccess
LogPluginManager: Mounting plugin PerforceSourceControl
LogPluginManager: Mounting plugin SubversionSourceControl
LogPluginManager: Mounting plugin UObjectPlugin
LogPluginManager: Mounting plugin VisualStudioCodeSourceCodeAccess
LogPluginManager: Mounting plugin VisualStudioSourceCodeAccess
LogPluginManager: Mounting plugin XCodeSourceCodeAccess
LogPluginManager: Mounting plugin AssetManagerEditor
LogPluginManager: Mounting plugin CryptoKeys
LogPluginManager: Mounting plugin DataValidation
LogPluginManager: Mounting plugin FacialAnimation
LogPluginManager: Mounting plugin GameplayTagsEditor
LogPluginManager: Mounting plugin MacGraphicsSwitching
LogPluginManager: Mounting plugin MeshEditor
LogPluginManager: Mounting plugin MobileLauncherProfileWizard
LogPluginManager: Mounting plugin PluginBrowser
LogPluginManager: Mounting plugin SpeedTreeImporter
LogPluginManager: Mounting plugin DatasmithContent
LogPluginManager: Mounting plugin AlembicImporter
LogPluginManager: Mounting plugin AppleImageUtils
LogPluginManager: Mounting plugin AppleVision
LogPluginManager: Mounting plugin BackChannel
LogPluginManager: Mounting plugin CharacterAI
LogPluginManager: Mounting plugin GeometryCache
LogPluginManager: Mounting plugin HTML5Networking
LogPluginManager: Mounting plugin ProxyLODPlugin
LogPluginManager: Mounting plugin MagicLeap
LogPluginManager: Mounting plugin MagicLeapEmulator
LogPluginManager: Mounting plugin MagicLeapMedia
LogPluginManager: Mounting plugin AndroidMedia
LogPluginManager: Mounting plugin AvfMedia
LogPluginManager: Mounting plugin ImgMedia
LogPluginManager: Mounting plugin LinearTimecode
LogPluginManager: Mounting plugin MediaCompositing
LogPluginManager: Mounting plugin MediaPlayerEditor
LogPluginManager: Mounting plugin WmfMedia
LogPluginManager: Mounting plugin TcpMessaging
LogPluginManager: Mounting plugin UdpMessaging
LogPluginManager: Mounting plugin ActorSequence
LogPluginManager: Mounting plugin LevelSequenceEditor
LogPluginManager: Mounting plugin MatineeToLevelSequence
LogPluginManager: Mounting plugin NetcodeUnitTest
LogPluginManager: Mounting plugin NUTUnrealEngine4
LogPluginManager: Mounting plugin OnlineSubsystemGooglePlay
LogPluginManager: Mounting plugin OnlineSubsystemIOS
LogPluginManager: Mounting plugin OnlineSubsystem
LogPluginManager: Mounting plugin OnlineSubsystemNull
LogPluginManager: Mounting plugin OnlineSubsystemUtils
LogPluginManager: Mounting plugin LauncherChunkInstaller
LogPluginManager: Mounting plugin AndroidDeviceProfileSelector
LogPluginManager: Mounting plugin AndroidMoviePlayer
LogPluginManager: Mounting plugin AndroidPermission
LogPluginManager: Mounting plugin AppleMoviePlayer
LogPluginManager: Mounting plugin ArchVisCharacter
LogPluginManager: Mounting plugin AudioCapture
LogPluginManager: Mounting plugin CableComponent
LogPluginManager: Mounting plugin CustomMeshComponent
LogPluginManager: Mounting plugin EditableMesh
LogPluginManager: Mounting plugin ExampleDeviceProfileSelector
LogPluginManager: Mounting plugin GoogleCloudMessaging
LogPluginManager: Mounting plugin ImmediatePhysics
LogPluginManager: Mounting plugin IOSDeviceProfileSelector
LogPluginManager: Mounting plugin LinuxDeviceProfileSelector
LogPluginManager: Mounting plugin LocationServicesBPLibrary
LogPluginManager: Mounting plugin MobilePatchingUtils
LogPluginManager: Mounting plugin OculusVR
LogPluginManager: Plugin shader directory ../../../Engine/Plugins/Runtime/Oculus/OculusVR/Shaders found
LogPluginManager: Mapping shader source directory ../../../Engine/Plugins/Runtime/Oculus/OculusVR/Shaders to virtual directory /Plugin/OculusVR
LogPluginManager: Mounting plugin PhysXVehicles
LogPluginManager: Mounting plugin ProceduralMeshComponent
LogPluginManager: Mounting plugin RuntimePhysXCooking
LogPluginManager: Mounting plugin SteamVR
LogPluginManager: Mounting plugin WindowsMoviePlayer
LogStreaming: Display: Took  0.312s to configure plugins.
LogInit: Using libcurl 7.55.1-DEV
LogInit:  - built for x86_64-pc-win32
LogInit:  - supports SSL with OpenSSL/1.0.2h
LogInit:  - supports HTTP deflate (compression) using libz 1.2.8
LogInit:  - other features:
LogInit:      CURL_VERSION_SSL
LogInit:      CURL_VERSION_LIBZ
LogInit:      CURL_VERSION_IPV6
LogInit:      CURL_VERSION_ASYNCHDNS
LogInit:      CURL_VERSION_LARGEFILE
LogInit:      CURL_VERSION_IDN
LogInit:  CurlRequestOptions (configurable via config and command line):
LogInit:  - bVerifyPeer = false  - Libcurl will NOT verify peer certificate
LogInit:  - bUseHttpProxy = false  - Libcurl will NOT use HTTP proxy
LogInit:  - bDontReuseConnections = false  - Libcurl will reuse connections
LogInit:  - CertBundlePath = nullptr  - Libcurl will use whatever was configured at build time.
LogInit:  - MaxHostConnections = 16  - Libcurl will limit the number of connections to a host
LogInit:  - LocalHostAddr = Default
LogInit:  - BufferSize = 65536
LogInit: WinSock: version 1.1 (2.2), MaxSocks=32767, MaxUdp=65467
LogInit: Build: ++UE4+Release-4.20-CL-4302132
LogInit: Engine Version: 4.20.2-4302132+++UE4+Release-4.20
LogInit: Compatible Engine Version: 4.20.0-4212847+++UE4+Release-4.20
LogInit: Net CL: 4212847
LogInit: OS: Windows 8.1 (), CPU: AMD A10-6800K APU with Radeon(tm) HD Graphics  , GPU: AMD Radeon HD 8670D
LogInit: Compiled (64-bit): Aug 21 2018 02:06:06
LogInit: Compiled with Visual C++: 19.13.26129.00
LogInit: Build Configuration: Development
LogInit: Branch Name: ++UE4+Release-4.20
LogInit: Command Line: 
LogInit: Base Directory: C:/Program Files/Epic Games/UE_4.20/Engine/Binaries/Win64/
LogInit: Installed Engine Build: 1
LogDevObjectVersion: Number of dev versions registered: 20
LogDevObjectVersion:   Dev-Blueprints (B0D832E4-1F89-4F0D-ACCF-7EB736FD4AA2): 10
LogDevObjectVersion:   Dev-Build (E1C64328-A22C-4D53-A36C-8E866417BD8C): 0
LogDevObjectVersion:   Dev-Core (375EC13C-06E4-48FB-B500-84F0262A717E): 2
LogDevObjectVersion:   Dev-Editor (E4B068ED-F494-42E9-A231-DA0B2E46BB41): 24
LogDevObjectVersion:   Dev-Framework (CFFC743F-43B0-4480-9391-14DF171D2073): 34
LogDevObjectVersion:   Dev-Mobile (B02B49B5-BB20-44E9-A304-32B752E40360): 2
LogDevObjectVersion:   Dev-Networking (A4E4105C-59A1-49B5-A7C5-40C4547EDFEE): 0
LogDevObjectVersion:   Dev-Online (39C831C9-5AE6-47DC-9A44-9C173E1C8E7C): 0
LogDevObjectVersion:   Dev-Physics (78F01B33-EBEA-4F98-B9B4-84EACCB95AA2): 0
LogDevObjectVersion:   Dev-Platform (6631380F-2D4D-43E0-8009-CF276956A95A): 0
LogDevObjectVersion:   Dev-Rendering (12F88B9F-8875-4AFC-A67C-D90C383ABD29): 26
LogDevObjectVersion:   Dev-Sequencer (7B5AE74C-D270-4C10-A958-57980B212A5A): 9
LogDevObjectVersion:   Dev-VR (D7296918-1DD6-4BDD-9DE2-64A83CC13884): 2
LogDevObjectVersion:   Dev-LoadTimes (C2A15278-BFE7-4AFE-6C17-90FF531DF755): 1
LogDevObjectVersion:   Private-Geometry (6EACA3D4-40EC-4CC1-B786-8BED09428FC5): 3
LogDevObjectVersion:   Dev-AnimPhys (29E575DD-E0A3-4627-9D10-D276232CDCEA): 17
LogDevObjectVersion:   Dev-ReflectionCapture (6B266CEC-1EC7-4B8F-A30B-E4D90942FC07): 1
LogDevObjectVersion:   Dev-Automation (0DF73D61-A23F-47EA-B727-89E90C41499A): 1
LogDevObjectVersion:   FortniteMain (601D1886-AC64-4F84-AA16-D3DE0DEAC7D6): 12
LogDevObjectVersion:   Dev-Enterprise (9DFFBCD6-494F-0158-E221-12823C92A888): 1
LogStreaming: Display: Took  0.002s to delete old logs.
LogInit: Presizing for max 8388607 objects, including 0 objects not considered by GC, pre-allocating 0 bytes for permanent pool.
LogInit: Object subsystem initialized
[2018.11.16-01.02.36:265][  0]LogInit: Selected Device Profile: [Windows]
[2018.11.16-01.02.36:265][  0]LogInit: Applying CVar settings loaded from the selected device profile: [Windows]
[2018.11.16-01.02.36:289][  0]LogHAL: Display: Platform has ~ 8 GB [7722369024 / 8589934592 / 8], which maps to Default [LargestMinGB=32, LargerMinGB=12, DefaultMinGB=8, SmallerMinGB=6, SmallestMinGB=0)
[2018.11.16-01.02.36:289][  0]LogInit: Setting Device Profile CVar: [[r.Vulkan.UseRealUBs:1]]
[2018.11.16-01.02.36:289][  0]LogInit: Going up to parent DeviceProfile []
[2018.11.16-01.02.36:290][  0]LogInit: Computer: RYAN
[2018.11.16-01.02.36:290][  0]LogInit: User: RyanLindsay
[2018.11.16-01.02.36:290][  0]LogInit: CPU Page size=4096, Cores=2
[2018.11.16-01.02.36:290][  0]LogInit: High frequency timer resolution =14.318180 MHz
[2018.11.16-01.02.36:290][  0]LogMemory: Memory total: Physical=7.2GB (8GB approx)
[2018.11.16-01.02.36:291][  0]LogMemory: Platform Memory Stats for Windows
[2018.11.16-01.02.36:291][  0]LogMemory: Process Physical Memory: 100.17 MB used, 100.17 MB peak
[2018.11.16-01.02.36:291][  0]LogMemory: Process Virtual Memory: 100.41 MB used, 100.41 MB peak
[2018.11.16-01.02.36:291][  0]LogMemory: Physical Memory: 5045.96 MB used,  2318.66 MB free, 7364.63 MB total
[2018.11.16-01.02.36:291][  0]LogMemory: Virtual Memory: 484.15 MB used,  2318.66 MB free, 134217728.00 MB total
[2018.11.16-01.02.36:329][  0]LogInit: Using OS detected language (en-US).
[2018.11.16-01.02.36:329][  0]LogInit: Using OS detected locale (en-US).
[2018.11.16-01.02.36:331][  0]LogTextLocalizationManager: No specific localization for 'en-US' exists, so the 'en' localization will be used.
[2018.11.16-01.02.36:887][  0]LogStreaming: Display: Took  0.558s to InitEngineTextLocalization.
[2018.11.16-01.02.36:888][  0]LogInit: Setting process to per monitor DPI aware
[2018.11.16-01.02.36:973][  0]LogSlate: New Slate User Created.  User Index 0, Is Virtual User: 0
[2018.11.16-01.02.36:973][  0]LogSlate: Slate User Registered.  User Index 0, Is Virtual User: 0
[2018.11.16-01.02.37:462][  0]LogHMD: Failed to initialize OpenVR with code 105
[2018.11.16-01.02.37:463][  0]LogD3D11RHI: D3D11 adapters:
[2018.11.16-01.02.37:474][  0]LogD3D11RHI:    0. 'AMD Radeon HD 8670D' (Feature Level 11_0)
[2018.11.16-01.02.37:474][  0]LogD3D11RHI:       754/0/3456 MB DedicatedVideo/DedicatedSystem/SharedSystem, Outputs:1, VendorId:0x1002
[2018.11.16-01.02.37:476][  0]LogD3D11RHI:    1. 'Microsoft Basic Render Driver' (Feature Level 11_0)
[2018.11.16-01.02.37:476][  0]LogD3D11RHI:       0/0/256 MB DedicatedVideo/DedicatedSystem/SharedSystem, Outputs:0, VendorId:0x1414
[2018.11.16-01.02.37:476][  0]LogD3D11RHI: Chosen D3D11 Adapter: 0
[2018.11.16-01.02.37:485][  0]LogD3D11RHI: Creating new Direct3DDevice
[2018.11.16-01.02.37:486][  0]LogD3D11RHI:     GPU DeviceId: 0x990c (for the marketing name, search the web for "GPU Device Id")
[2018.11.16-01.02.37:486][  0]LogWindows: EnumDisplayDevices:
[2018.11.16-01.02.37:486][  0]LogWindows:    0. 'AMD Radeon HD 8670D' (P:1 D:1)
[2018.11.16-01.02.37:486][  0]LogWindows:    1. 'AMD Radeon HD 8670D' (P:0 D:0)
[2018.11.16-01.02.37:486][  0]LogWindows:    2. 'AMD Radeon HD 8670D' (P:0 D:0)
[2018.11.16-01.02.37:486][  0]LogWindows: DebugString: FoundDriverCount:3 
[2018.11.16-01.02.37:487][  0]LogD3D11RHI:     Adapter Name: AMD Radeon HD 8670D
[2018.11.16-01.02.37:487][  0]LogD3D11RHI:   Driver Version: 13.152.0.0 (internal:13.152.0.0, unified:13.152.0.0)
[2018.11.16-01.02.37:487][  0]LogD3D11RHI:      Driver Date: 8-30-2013
[2018.11.16-01.02.37:487][  0]LogRHI: Texture pool is 528 MB (70% of 754 MB)
[2018.11.16-01.02.37:498][  0]LogD3D11RHI: Async texture creation enabled
[2018.11.16-01.02.37:512][  0]LogD3D11RHI: GPU Timing Frequency: 50.000000 (Debug: 2 1)
[2018.11.16-01.02.40:069][  0]LogWindowsTextInputMethodSystem: Display: IME system now deactivated.
[2018.11.16-01.02.40:073][  0]LogShaderCompilers: Guid format shader working directory is -3 characters bigger than the processId version (../../../../../../Users/Ryan Lindsay/GAME310_RamboBambi/Intermediate/Shaders/WorkingDirectory/13076/).
[2018.11.16-01.02.40:073][  0]LogShaderCompilers: Cleaned the shader compiler working directory 'C:/Users/Ryan Lindsay/AppData/Local/Temp/UnrealShaderWorkingDir/7C5970114FA595A843D5FC8D18D874E4/'.
[2018.11.16-01.02.40:480][  0]LogTemp: Display: Loaded TP AllDesktopTargetPlatform
[2018.11.16-01.02.40:503][  0]LogTemp: Display: Loaded TP MacClientTargetPlatform
[2018.11.16-01.02.40:525][  0]LogTemp: Display: Loaded TP MacNoEditorTargetPlatform
[2018.11.16-01.02.40:548][  0]LogTemp: Display: Loaded TP MacServerTargetPlatform
[2018.11.16-01.02.40:571][  0]LogTemp: Display: Loaded TP MacTargetPlatform
[2018.11.16-01.02.40:594][  0]LogTemp: Display: Loaded TP WindowsClientTargetPlatform
[2018.11.16-01.02.40:617][  0]LogTemp: Display: Loaded TP WindowsNoEditorTargetPlatform
[2018.11.16-01.02.40:639][  0]LogTemp: Display: Loaded TP WindowsServerTargetPlatform
[2018.11.16-01.02.40:649][  0]LogTemp: Display: Loaded TP WindowsTargetPlatform
[2018.11.16-01.02.40:794][  0]LogTemp: Display: Loaded TP AndroidTargetPlatform
[2018.11.16-01.02.40:794][  0]LogTemp: Display: Loaded TP AndroidTargetPlatform
[2018.11.16-01.02.40:794][  0]LogTemp: Display: Loaded TP AndroidTargetPlatform
[2018.11.16-01.02.40:794][  0]LogTemp: Display: Loaded TP AndroidTargetPlatform
[2018.11.16-01.02.40:794][  0]LogTemp: Display: Loaded TP AndroidTargetPlatform
[2018.11.16-01.02.40:794][  0]LogTemp: Display: Loaded TP AndroidTargetPlatform
[2018.11.16-01.02.40:794][  0]LogTemp: Display: Loaded TP AndroidTargetPlatform
[2018.11.16-01.02.40:794][  0]LogTemp: Display: Loaded TP AndroidTargetPlatform
[2018.11.16-01.02.40:794][  0]LogTemp: Display: Loaded TP AndroidTargetPlatform
[2018.11.16-01.02.40:794][  0]LogTemp: Display: Loaded TP AndroidTargetPlatform
[2018.11.16-01.02.40:794][  0]LogTemp: Display: Loaded TP AndroidTargetPlatform
[2018.11.16-01.02.40:794][  0]LogTemp: Display: Loaded TP AndroidTargetPlatform
[2018.11.16-01.02.40:794][  0]LogTemp: Display: Loaded TP AndroidTargetPlatform
[2018.11.16-01.02.40:794][  0]LogTemp: Display: Loaded TP AndroidTargetPlatform
[2018.11.16-01.02.40:794][  0]LogTemp: Display: Loaded TP AndroidTargetPlatform
[2018.11.16-01.02.40:794][  0]LogTemp: Display: Loaded TP AndroidTargetPlatform
[2018.11.16-01.02.40:794][  0]LogTemp: Display: Loaded TP AndroidTargetPlatform
[2018.11.16-01.02.40:794][  0]LogTemp: Display: Loaded TP AndroidTargetPlatform
[2018.11.16-01.02.40:796][  0]LogTemp: Display: Loaded TP HTML5TargetPlatform
[2018.11.16-01.02.40:877][  0]LogTemp: Display: Loaded TP IOSTargetPlatform
[2018.11.16-01.02.40:877][  0]LogTemp: Display: Loaded TP IOSTargetPlatform
[2018.11.16-01.02.40:919][  0]LogTemp: Display: Loaded TP TVOSTargetPlatform
[2018.11.16-01.02.40:919][  0]LogTemp: Display: Loaded TP TVOSTargetPlatform
[2018.11.16-01.02.40:943][  0]LogTemp: Display: Loaded TP LinuxClientTargetPlatform
[2018.11.16-01.02.40:964][  0]LogTemp: Display: Loaded TP LinuxNoEditorTargetPlatform
[2018.11.16-01.02.40:986][  0]LogTemp: Display: Loaded TP LinuxServerTargetPlatform
[2018.11.16-01.02.41:009][  0]LogTemp: Display: Loaded TP LinuxTargetPlatform
[2018.11.16-01.02.41:024][  0]LogTemp: Display: Loaded TP LuminTargetPlatform
[2018.11.16-01.02.41:024][  0]LogTargetPlatformManager: Display: Building Assets For Windows
[2018.11.16-01.02.41:115][  0]LogXGEController: Cannot use XGE Controller as Incredibuild is not installed on this machine.
[2018.11.16-01.02.41:116][  0]LogShaderCompilers: Cannot use XGE Shader Compiler as Incredibuild is not installed on this machine.
[2018.11.16-01.02.41:116][  0]LogShaderCompilers: Display: Using Local Shader Compiler.
[2018.11.16-01.02.42:801][  0]LogDerivedDataCache: Display: Max Cache Size: 512 MB
[2018.11.16-01.02.42:921][  0]LogDerivedDataCache: Loaded boot cache 0.12s 71MB C:/Users/Ryan Lindsay/AppData/Local/UnrealEngine/4.20/DerivedDataCache/Boot.ddc.
[2018.11.16-01.02.42:921][  0]LogDerivedDataCache: Display: Loaded Boot cache: C:/Users/Ryan Lindsay/AppData/Local/UnrealEngine/4.20/DerivedDataCache/Boot.ddc
[2018.11.16-01.02.42:921][  0]LogDerivedDataCache: FDerivedDataBackendGraph:  Pak pak cache file ../../../../../../Users/Ryan Lindsay/GAME310_RamboBambi/DerivedDataCache/DDC.ddp not found, will not use a pak cache.
[2018.11.16-01.02.42:921][  0]LogDerivedDataCache: Unable to find inner node Pak for hierarchical cache Hierarchy.
[2018.11.16-01.02.42:921][  0]LogDerivedDataCache: FDerivedDataBackendGraph:  CompressedPak pak cache file ../../../../../../Users/Ryan Lindsay/GAME310_RamboBambi/DerivedDataCache/Compressed.ddp not found, will not use a pak cache.
[2018.11.16-01.02.42:921][  0]LogDerivedDataCache: Unable to find inner node CompressedPak for hierarchical cache Hierarchy.
[2018.11.16-01.02.42:937][  0]LogDerivedDataCache: Display: Pak cache opened for reading ../../../Engine/DerivedDataCache/Compressed.ddp.
[2018.11.16-01.02.42:950][  0]LogDerivedDataCache: Using Local data cache path C:/Users/Ryan Lindsay/AppData/Local/UnrealEngine/Common/DerivedDataCache: Writable
[2018.11.16-01.02.42:950][  0]LogDerivedDataCache: Shared data cache path not found in *engine.ini, will not use an Shared cache.
[2018.11.16-01.02.42:950][  0]LogDerivedDataCache: Unable to find inner node Shared for hierarchical cache Hierarchy.
[2018.11.16-01.02.42:980][  0]LogMaterial: Verifying Global Shaders for PCD3D_SM5
[2018.11.16-01.02.42:982][  0]LogSlate: Using FreeType 2.6.0
[2018.11.16-01.02.42:983][  0]LogSlate: SlateFontServices - WITH_FREETYPE: 1, WITH_HARFBUZZ: 1
[2018.11.16-01.02.43:098][  0]LogAssetRegistry: FAssetRegistry took 0.0312 seconds to start up
[2018.11.16-01.02.43:723][  0]LogInit: Selected Device Profile: [Windows]
[2018.11.16-01.02.43:814][  0]LogSimplygon: Simplygon DLL not present - disabling.
[2018.11.16-01.02.43:819][  0]LogMeshReduction: Using SimplygonSwarm for distributed automatic mesh merging
[2018.11.16-01.02.43:819][  0]LogMeshReduction: Using ProxyLODMeshReduction for automatic mesh merging
[2018.11.16-01.02.43:819][  0]LogMeshReduction: Using QuadricMeshReduction for automatic static mesh reduction
[2018.11.16-01.02.43:819][  0]LogMeshReduction: No automatic skeletal mesh reduction module available
[2018.11.16-01.02.44:264][  0]LogNetVersion: GAME310_RamboBambi 1.0.0, NetCL: 4212847, EngineNetVer: 5, GameNetVer: 0 (Checksum: 251346224)
[2018.11.16-01.02.47:785][  0]LogPackageLocalizationCache: Processed 11 localized package path(s) for 2 prioritized culture(s) in 0.212411 seconds
[2018.11.16-01.02.47:795][  0]LogUObjectArray: 38425 objects as part of root set at end of initial load.
[2018.11.16-01.02.47:795][  0]LogUObjectAllocator: 6690872 out of 0 bytes used by permanent object pool.
[2018.11.16-01.02.47:795][  0]LogUObjectArray: CloseDisregardForGC: 0/0 objects in disregard for GC pool
[2018.11.16-01.02.49:064][  0]LogTcpMessaging: Initializing TcpMessaging bridge
[2018.11.16-01.02.49:080][  0]LogUdpMessaging: Initializing bridge on interface 0.0.0.0:0 to multicast group 230.0.0.1:6666.
[2018.11.16-01.02.50:260][  0]SourceControl: Source control is disabled
[2018.11.16-01.02.50:260][  0]SourceControl: Source control is disabled
[2018.11.16-01.02.50:269][  0]SourceControl: Source control is disabled
[2018.11.16-01.02.50:270][  0]SourceControl: Source control is disabled
[2018.11.16-01.02.50:497][  0]LogAndroidPermission: UAndroidPermissionCallbackProxy::GetInstance
[2018.11.16-01.02.50:610][  0]LogOcInput: OculusInput pre-init called
[2018.11.16-01.02.50:693][  0]LogEngine: Initializing Engine...
[2018.11.16-01.02.50:697][  0]LogHMD: Failed to initialize OpenVR with code 105
[2018.11.16-01.02.50:700][  0]LogStats: UGameplayTagsManager::ConstructGameplayTagTree: ImportINI prefixes -  0.000 s
[2018.11.16-01.02.50:700][  0]LogStats: UGameplayTagsManager::ConstructGameplayTagTree: Construct from data asset -  0.000 s
[2018.11.16-01.02.50:700][  0]LogStats: UGameplayTagsManager::ConstructGameplayTagTree: ImportINI -  0.000 s
[2018.11.16-01.02.50:700][  0]LogStats: UGameplayTagsManager::ConstructGameplayTagTree: GameplayTagTreeChangedEvent.Broadcast -  0.000 s
[2018.11.16-01.02.51:026][  0]LogInit: Initializing FReadOnlyCVARCache
[2018.11.16-01.02.51:047][  0]LogAIModule: Creating AISystem for world Untitled
[2018.11.16-01.02.51:070][  0]LogInit: XAudio2 using 'Speakers (Realtek High Definition Audio)' : 2 channels at 48 kHz using 32 bits per sample (channel mask 0x3)
[2018.11.16-01.02.51:470][  0]LogInit: FAudioDevice initialized.
[2018.11.16-01.02.51:471][  0]LogNetVersion: Set ProjectVersion to 1.0.0.0. Version Checksum will be recalculated on next use.
[2018.11.16-01.02.51:739][  0]LogDerivedDataCache: Saved boot cache 0.27s 72MB C:/Users/Ryan Lindsay/AppData/Local/UnrealEngine/4.20/DerivedDataCache/Boot.ddc.
[2018.11.16-01.02.51:777][  0]LogInit: Texture streaming: Enabled
[2018.11.16-01.02.51:816][  0]LogEngineSessionManager: EngineSessionManager initialized
[2018.11.16-01.02.51:844][  0]LogInit: Transaction tracking system initialized
[2018.11.16-01.02.51:879][  0]BlueprintLog: New page: Editor Load
[2018.11.16-01.02.52:014][  0]LocalizationService: Localization service is disabled
[2018.11.16-01.02.52:806][  0]LogCook: Display: Max memory allowance for cook 16384mb min free memory 0mb
[2018.11.16-01.02.52:806][  0]LogCook: Display: Mobile HDR setting 1
[2018.11.16-01.02.52:806][  0]LogGameplayTags: Display: UGameplayTagsManager::DoneAddingNativeTags. DelegateIsBound: 0
[2018.11.16-01.02.52:806][  0]LogStats: UGameplayTagsManager::ConstructGameplayTagTree: ImportINI prefixes -  0.000 s
[2018.11.16-01.02.52:807][  0]LogStats: UGameplayTagsManager::ConstructGameplayTagTree: Construct from data asset -  0.000 s
[2018.11.16-01.02.52:807][  0]LogStats: UGameplayTagsManager::ConstructGameplayTagTree: ImportINI -  0.000 s
[2018.11.16-01.02.52:807][  0]LogStats: UGameplayTagsManager::ConstructGameplayTagTree: GameplayTagTreeChangedEvent.Broadcast -  0.000 s
[2018.11.16-01.02.53:050][  0]LogFileCache: Scanning file cache for directory 'C:/Users/Ryan Lindsay/GAME310_RamboBambi/Content/' took 0.06s
[2018.11.16-01.02.53:895][  0]SourceControl: Source control is disabled
[2018.11.16-01.02.53:895][  0]Cmd: MAP LOAD FILE="../../../../../../Users/Ryan Lindsay/GAME310_RamboBambi/Content/Levels/Level1/Level1.umap" TEMPLATE=0 SHOWPROGRESS=1 FEATURELEVEL=3
[2018.11.16-01.02.54:159][  0]LightingResults: New page: Lighting Build
[2018.11.16-01.02.54:165][  0]MapCheck: New page: Map Check
[2018.11.16-01.02.54:165][  0]LightingResults: New page: Lighting Build
[2018.11.16-01.03.18:454][  0]LogTexture: Display: Building textures: HQ_Lightmap0_1 (AutoDXT, 512X512)
[2018.11.16-01.03.18:454][  0]LogTexture: Display: Building textures: HQ_Lightmap0_2 (AutoDXT, 64X64)
[2018.11.16-01.03.18:454][  0]LogTexture: Display: Building textures: LQ_Lightmap_0_1 (DXT1, 512X512)
[2018.11.16-01.03.20:158][  0]LogTexture: Display: Building textures: LQ_Lightmap_0_2 (DXT1, 64X64)
[2018.11.16-01.03.20:158][  0]LogTexture: Display: Building textures: ShadowMapTexture2D_5 (BGRA8, 1024X128)
[2018.11.16-01.03.20:953][  0]LogAudioDerivedData: Display: Building compressed audio format OGG hash OGG wave Grappling...
[2018.11.16-01.03.20:958][  0]LogTemp: Couldn't find amount to resample to.
[2018.11.16-01.03.22:443][  0]LogAudioDerivedData: Display: Building compressed audio format OGG hash OGG wave Alert...
[2018.11.16-01.03.22:444][  0]LogTemp: Couldn't find amount to resample to.
[2018.11.16-01.03.22:515][  0]LogAudioDerivedData: Display: Updated SoundWave->RawPCMDataSize from 0 to 534492 while cooking SoundWave /Game/Audio/SFX/Files/Alert.Alert.
[2018.11.16-01.03.29:217][  0]LogStaticMesh: Building static mesh ConveyorBelt...
[2018.11.16-01.03.29:497][  0]LogStaticMesh: Built static mesh [0.37s] /Game/Levels/Level1/ConveyorBelt.ConveyorBelt
[2018.11.16-01.03.29:675][  0]LogStaticMesh: Building static mesh Ceiling...
[2018.11.16-01.03.29:685][  0]LogStaticMesh: Built static mesh [0.01s] /Game/Levels/Level1/Ceiling.Ceiling
[2018.11.16-01.03.30:663][  0]LogAIModule: Creating AISystem for world Level1
[2018.11.16-01.03.31:384][  0]LogEditorServer: Finished looking for orphan Actors (0.001 secs)
[2018.11.16-01.03.31:439][  0]Cmd: MAP CHECKDEP NOCLEARLOG
[2018.11.16-01.03.31:718][  0]MapCheck: Map check complete: 0 Error(s), 0 Warning(s), took 279.114ms to complete.
[2018.11.16-01.03.31:719][  0]LogFileHelpers: Loading map 'Level1' took 37.824
[2018.11.16-01.03.33:442][  0]LogSlate: Updating window title bar state: overlay mode, drag disabled, window buttons hidden, title bar hidden
[2018.11.16-01.03.33:487][  0]LogSlate: Updating window title bar state: overlay mode, drag disabled, window buttons hidden, title bar hidden
[2018.11.16-01.03.33:511][  0]LogSlate: Updating window title bar state: overlay mode, drag disabled, window buttons hidden, title bar hidden
[2018.11.16-01.03.33:523][  0]LogSlate: Updating window title bar state: overlay mode, drag disabled, window buttons hidden, title bar hidden
[2018.11.16-01.03.33:630][  0]LogCollectionManager: Loaded 0 collections in 0.002005 seconds
[2018.11.16-01.03.34:038][  0]LogFileCache: Scanning file cache for directory 'C:/Users/Ryan Lindsay/GAME310_RamboBambi/Saved/Collections/' took 0.01s
[2018.11.16-01.03.34:038][  0]LogFileCache: Scanning file cache for directory 'C:/Users/Ryan Lindsay/GAME310_RamboBambi/Content/Developers/RyanLindsay/Collections/' took 0.01s
[2018.11.16-01.03.34:038][  0]LogFileCache: Scanning file cache for directory 'C:/Users/Ryan Lindsay/GAME310_RamboBambi/Content/Collections/' took 0.01s
[2018.11.16-01.03.34:038][  0]LogCollectionManager: Rebuilt the GUID cache for 0 collections in 0.000001 seconds
[2018.11.16-01.03.34:057][  0]LogContentBrowser: Native class hierarchy populated in 0.0193 seconds. Added 2572 classes and 603 folders.
[2018.11.16-01.03.34:127][  0]LogContentBrowser: Native class hierarchy updated for 'WidgetCarousel' in 0.0005 seconds. Added 0 classes and 0 folders.
[2018.11.16-01.03.41:768][  0]LogContentBrowser: Native class hierarchy updated for 'AddContentDialog' in 0.0004 seconds. Added 0 classes and 0 folders.
[2018.11.16-01.03.41:946][  0]LogContentBrowser: Native class hierarchy updated for 'SceneOutliner' in 0.0004 seconds. Added 1 classes and 2 folders.
[2018.11.16-01.03.44:589][  0]LogContentBrowser: Native class hierarchy updated for 'HierarchicalLODOutliner' in 0.0007 seconds. Added 0 classes and 0 folders.
[2018.11.16-01.03.44:589][  0]LogLoad: (Engine Initialization) Total time: 71.75 seconds
[2018.11.16-01.03.44:589][  0]LogLoad: (Engine Initialization) Total Blueprint compile time: 0.00 seconds
[2018.11.16-01.03.44:599][  0]LogWindowsTextInputMethodSystem: Display: IME system now deactivated.
[2018.11.16-01.03.44:921][  0]LogContentStreaming: Texture pool size now 400 MB
[2018.11.16-01.03.44:923][  0]LogSlate: Took 0.000406 seconds to synchronously load lazily loaded font '../../../Engine/Content/Slate/Fonts/Roboto-Regular.ttf' (155K)
[2018.11.16-01.03.44:925][  0]LogSlate: Took 0.000333 seconds to synchronously load lazily loaded font '../../../Engine/Content/Slate/Fonts/Roboto-Bold.ttf' (160K)
[2018.11.16-01.03.45:622][  0]LogSlate: Took 0.643212 seconds to synchronously load lazily loaded font '../../../Engine/Content/Editor/Slate/Fonts/FontAwesome.ttf' (139K)
[2018.11.16-01.03.47:080][  0]LogRenderer: Reallocating scene render targets to support 376x360 Format 9 NumSamples 1 (Frame:1).
[2018.11.16-01.03.47:080][  0]LogD3D11RHI: Error: agsDriverExtensionsDX11_SetDepthBounds(1,0.000000, 1.000000) returned error code 2. **********PLEASE UPDATE YOUR VIDEO DRIVERS*********
[2018.11.16-01.03.47:080][  0]LogSlate: Took 0.203041 seconds to synchronously load lazily loaded font '../../../Engine/Content/Slate/Fonts/Roboto-Light.ttf' (167K)
[2018.11.16-01.03.47:315][  1]LogFileCache: Retrieving MD5 hashes for directory 'C:/Users/Ryan Lindsay/GAME310_RamboBambi/Content/' took 2.70s
[2018.11.16-01.03.58:483][565]LogSlate: FSceneViewport::OnFocusLost() reason 0
[2018.11.16-01.03.58:907][580]LogRenderer: Reallocating scene render targets to support 856x576 Format 9 NumSamples 1 (Frame:565).
[2018.11.16-01.04.04:147][687]LogTemp: Repeating last play command: New Editor Window (PIE)
[2018.11.16-01.04.04:225][687]LogPlayLevel: PlayLevel: No blueprints needed recompiling
[2018.11.16-01.04.04:415][687]PIE: New page: PIE session: Level1 (Nov 15, 2018, 3:04:04 PM)
[2018.11.16-01.04.04:415][687]LogPlayLevel: Creating play world package: /Game/Levels/Level1/UEDPIE_0_Level1
[2018.11.16-01.04.04:474][687]LogPlayLevel: PIE: StaticDuplicateObject took: (0.059363s)
[2018.11.16-01.04.04:476][687]LogAIModule: Creating AISystem for world Level1
[2018.11.16-01.04.04:477][687]LogPlayLevel: PIE: World Init took: (0.002228s)
[2018.11.16-01.04.04:477][687]LogPlayLevel: PIE: Created PIE world by copying editor world from /Game/Levels/Level1/Level1.Level1 to /Game/Levels/Level1/UEDPIE_0_Level1.Level1 (0.061826s)
[2018.11.16-01.04.04:533][687]LogInit: XAudio2 using 'Speakers (Realtek High Definition Audio)' : 2 channels at 48 kHz using 32 bits per sample (channel mask 0x3)
[2018.11.16-01.04.04:741][687]LogInit: FAudioDevice initialized.
[2018.11.16-01.04.04:776][687]LogSlate: Updating window title bar state: overlay mode, drag disabled, window buttons hidden, title bar hidden
[2018.11.16-01.04.04:917][687]LogLoad: Game class is 'ThirdPersonGameMode_C'
[2018.11.16-01.04.04:977][687]LogWorld: Bringing World /Game/Levels/Level1/UEDPIE_0_Level1.Level1 up for play (max tick rate 0) at 2018.11.15-20.04.04
[2018.11.16-01.04.05:266][687]LogWorld: Bringing up level for play took: 0.312405
[2018.11.16-01.04.05:329][687]LogSpawn: Warning: SpawnActor failed because no class was specified
[2018.11.16-01.04.05:456][687]LogContentBrowser: Native class hierarchy updated for 'MovieSceneCapture' in 0.0010 seconds. Added 10 classes and 0 folders.
[2018.11.16-01.04.05:689][687]PIE: Play in editor start time for /Game/Levels/Level1/UEDPIE_0_Level1 0.515
[2018.11.16-01.04.24:803][224]LogCharacterMovement: ThirdPersonCharacter_C_0 is stuck and failed to move! Velocity: X=-61.06 Y=-30.70 Z=0.00 Location: X=63.14 Y=-1773.96 Z=288.65 Normal: X=-0.86 Y=-0.51 Z=0.00 PenetrationDepth:7.308 Actor:EnemyBP_2 Component:CharacterMesh0 BoneName:lowerarm_l (0 other events since notify)
[2018.11.16-01.04.35:641][532]LogCharacterMovement: EnemyBP4 is stuck and failed to move! Velocity: X=0.06 Y=69.90 Z=0.00 Location: X=57.58 Y=142.86 Z=98.31 Normal: X=0.99 Y=0.10 Z=-0.00 PenetrationDepth:15.368 Actor:EnemyBP_2 Component:CharacterMesh0 BoneName:hand_r (0 other events since notify)
[2018.11.16-01.04.39:616][643]LogCharacterMovement: EnemyBP2_2 is stuck and failed to move! Velocity: X=2.51 Y=-72.73 Z=0.00 Location: X=259.86 Y=21.84 Z=98.00 Normal: X=-0.99 Y=0.16 Z=-0.00 PenetrationDepth:10.911 Actor:EnemyBP_2 Component:CharacterMesh0 BoneName:hand_l (0 other events since notify)
[2018.11.16-01.04.41:931][708]LogAssetRegistry: Asset discovery search completed in 118.8561 seconds
[2018.11.16-01.04.41:937][708]LogCollectionManager: Rebuilt the object cache for 0 collections in 0.000001 seconds (found 0 objects)
[2018.11.16-01.04.41:937][708]LogCollectionManager: Fixed up redirectors for 0 collections in 0.000266 seconds (updated 0 objects)
[2018.11.16-01.04.44:596][784]LogCharacterMovement: EnemyBP4 is stuck and failed to move! Velocity: X=-139.41 Y=57.27 Z=0.00 Location: X=-249.62 Y=-1399.20 Z=288.69 Normal: X=-0.02 Y=1.00 Z=-0.00 PenetrationDepth:6.509 Actor:EnemyBP_2 Component:CharacterMesh0 BoneName:hand_l (4 other events since notify)
[2018.11.16-01.04.56:076][ 67]LogCharacterMovement: EnemyBP4 is stuck and failed to move! Velocity: X=-57.41 Y=504.18 Z=0.00 Location: X=92.64 Y=-2740.39 Z=288.67 Normal: X=0.95 Y=-0.32 Z=-0.00 PenetrationDepth:4.957 Actor:EnemyBP3_5 Component:CharacterMesh0 BoneName:hand_l (1 other events since notify)
[2018.11.16-01.04.58:504][136]LogCharacterMovement: EnemyBP2_2 is stuck and failed to move! Velocity: X=63.80 Y=35.33 Z=0.00 Location: X=13.74 Y=-2621.09 Z=288.65 Normal: X=-0.50 Y=-0.86 Z=-0.00 PenetrationDepth:4.720 Actor:EnemyBP_2 Component:CharacterMesh0 BoneName:hand_l (2 other events since notify)
[2018.11.16-01.04.58:505][136]LogCharacterMovement: EnemyBP3_5 is stuck and failed to move! Velocity: X=33.79 Y=64.63 Z=0.00 Location: X=57.81 Y=-2673.04 Z=288.65 Normal: X=0.51 Y=-0.86 Z=-0.00 PenetrationDepth:8.594 Actor:EnemyBP2_2 Component:CharacterMesh0 BoneName:hand_l (0 other events since notify)
[2018.11.16-01.05.02:775][245]LogSlate: Updating window title bar state: overlay mode, drag disabled, window buttons hidden, title bar hidden
[2018.11.16-01.05.02:856][245]LogSlate: Window 'GAME310_RamboBambi Game Preview Standalone (64-bit/PCD3D_SM5)' being destroyed
[2018.11.16-01.05.02:923][245]LogPlayLevel: Display: Shutting down PIE online subsystems
[2018.11.16-01.05.03:106][246]LogPlayLevel: Display: Destroying online subsystem :Context_2
[2018.11.16-01.05.12:870][448]LogEditorViewport: Clicking on Actor (LMB): PointLight (PointLight)
[2018.11.16-01.05.20:337][582]LogEditorViewport: Clicking on Actor (CTRL LMB): PointLight (PointLight)
[2018.11.16-01.05.30:312][758]LogSlate: FSceneViewport::OnFocusLost() reason 0
[2018.11.16-01.05.30:421][760]LogTemp: Repeating last play command: New Editor Window (PIE)
[2018.11.16-01.05.30:474][760]LogPlayLevel: PlayLevel: No blueprints needed recompiling
[2018.11.16-01.05.30:474][760]PIE: New page: PIE session: Level1 (Nov 15, 2018, 3:05:30 PM)
[2018.11.16-01.05.30:474][760]LogPlayLevel: Creating play world package: /Game/Levels/Level1/UEDPIE_0_Level1
[2018.11.16-01.05.30:484][760]LogPlayLevel: PIE: StaticDuplicateObject took: (0.009580s)
[2018.11.16-01.05.30:485][760]LogAIModule: Creating AISystem for world Level1
[2018.11.16-01.05.30:485][760]LogPlayLevel: PIE: World Init took: (0.001263s)
[2018.11.16-01.05.30:485][760]LogPlayLevel: PIE: Created PIE world by copying editor world from /Game/Levels/Level1/Level1.Level1 to /Game/Levels/Level1/UEDPIE_0_Level1.Level1 (0.011043s)
[2018.11.16-01.05.30:531][760]LogInit: XAudio2 using 'Speakers (Realtek High Definition Audio)' : 2 channels at 48 kHz using 32 bits per sample (channel mask 0x3)
[2018.11.16-01.05.30:596][760]LogInit: FAudioDevice initialized.
[2018.11.16-01.05.30:601][760]LogSlate: Updating window title bar state: overlay mode, drag disabled, window buttons hidden, title bar hidden
[2018.11.16-01.05.30:637][760]LogLoad: Game class is 'ThirdPersonGameMode_C'
[2018.11.16-01.05.30:643][760]LogWorld: Bringing World /Game/Levels/Level1/UEDPIE_0_Level1.Level1 up for play (max tick rate 0) at 2018.11.15-20.05.30
[2018.11.16-01.05.30:645][760]LogWorld: Bringing up level for play took: 0.007135
[2018.11.16-01.05.30:658][760]LogSpawn: Warning: SpawnActor failed because no class was specified
[2018.11.16-01.05.30:667][760]PIE: Play in editor start time for /Game/Levels/Level1/UEDPIE_0_Level1 -0.507
[2018.11.16-01.05.35:633][887]LogSlate: Updating window title bar state: overlay mode, drag disabled, window buttons hidden, title bar hidden
[2018.11.16-01.05.35:691][887]LogSlate: Window 'GAME310_RamboBambi Game Preview Standalone (64-bit/PCD3D_SM5)' being destroyed
[2018.11.16-01.05.35:729][887]LogPlayLevel: Display: Shutting down PIE online subsystems
[2018.11.16-01.05.35:847][888]LogPlayLevel: Display: Destroying online subsystem :Context_3
[2018.11.16-01.05.44:503][ 49]LogEditorViewport: Clicking on Actor (LMB): PointLight (PointLight2)
[2018.11.16-01.05.59:035][307]LogEditorViewport: Clicking on Actor (CTRL LMB): PointLight (PointLight2)
[2018.11.16-01.06.07:477][450]LogEditorViewport: Clicking on Actor (LMB): PointLight (PointLight6)
[2018.11.16-01.06.09:034][475]LogEditorViewport: Clicking on Actor (CTRL LMB): PointLight (PointLight8)
[2018.11.16-01.06.14:235][556]LogSlate: FSceneViewport::OnFocusLost() reason 0
[2018.11.16-01.06.14:375][559]LogTemp: Repeating last play command: New Editor Window (PIE)
[2018.11.16-01.06.14:433][559]LogPlayLevel: PlayLevel: No blueprints needed recompiling
[2018.11.16-01.06.14:433][559]PIE: New page: PIE session: Level1 (Nov 15, 2018, 3:06:14 PM)
[2018.11.16-01.06.14:433][559]LogPlayLevel: Creating play world package: /Game/Levels/Level1/UEDPIE_0_Level1
[2018.11.16-01.06.14:442][559]LogPlayLevel: PIE: StaticDuplicateObject took: (0.009314s)
[2018.11.16-01.06.14:444][559]LogAIModule: Creating AISystem for world Level1
[2018.11.16-01.06.14:444][559]LogPlayLevel: PIE: World Init took: (0.001304s)
[2018.11.16-01.06.14:444][559]LogPlayLevel: PIE: Created PIE world by copying editor world from /Game/Levels/Level1/Level1.Level1 to /Game/Levels/Level1/UEDPIE_0_Level1.Level1 (0.010820s)
[2018.11.16-01.06.14:498][559]LogInit: XAudio2 using 'Speakers (Realtek High Definition Audio)' : 2 channels at 48 kHz using 32 bits per sample (channel mask 0x3)
[2018.11.16-01.06.14:527][559]LogInit: FAudioDevice initialized.
[2018.11.16-01.06.14:533][559]LogSlate: Updating window title bar state: overlay mode, drag disabled, window buttons hidden, title bar hidden
[2018.11.16-01.06.14:572][559]LogLoad: Game class is 'ThirdPersonGameMode_C'
[2018.11.16-01.06.14:580][559]LogWorld: Bringing World /Game/Levels/Level1/UEDPIE_0_Level1.Level1 up for play (max tick rate 0) at 2018.11.15-20.06.14
[2018.11.16-01.06.14:583][559]LogWorld: Bringing up level for play took: 0.009826
[2018.11.16-01.06.14:597][559]LogSpawn: Warning: SpawnActor failed because no class was specified
[2018.11.16-01.06.14:606][559]PIE: Play in editor start time for /Game/Levels/Level1/UEDPIE_0_Level1 -0.567
[2018.11.16-01.06.31:379][958]LogCharacterMovement: ThirdPersonCharacter_C_0 is stuck and failed to move! Velocity: X=-327.04 Y=20.45 Z=0.00 Location: X=-809.82 Y=-2885.88 Z=777.97 Normal: X=0.77 Y=-0.09 Z=-0.63 PenetrationDepth:0.282 Actor:EnemyBP2_2 Component:CharacterMesh0 BoneName:hand_l (0 other events since notify)
[2018.11.16-01.06.33:741][ 16]LogCharacterMovement: EnemyBP_2 is stuck and failed to move! Velocity: X=4.28 Y=85.55 Z=0.00 Location: X=-993.50 Y=-2801.62 Z=779.92 Normal: X=-0.76 Y=-0.65 Z=0.00 PenetrationDepth:3.600 Actor:EnemyBP3_5 Component:CharacterMesh0 BoneName:hand_r (0 other events since notify)
[2018.11.16-01.06.36:400][ 80]LogSlate: Updating window title bar state: overlay mode, drag disabled, window buttons hidden, title bar hidden
[2018.11.16-01.06.36:569][ 80]LogSlate: Window 'GAME310_RamboBambi Game Preview Standalone (64-bit/PCD3D_SM5)' being destroyed
[2018.11.16-01.06.36:610][ 80]LogPlayLevel: Display: Shutting down PIE online subsystems
[2018.11.16-01.06.36:736][ 81]LogPlayLevel: Display: Destroying online subsystem :Context_4
[2018.11.16-01.06.41:042][151]LogEditorViewport: Clicking on Actor (LMB): PointLight (PointLight2)
[2018.11.16-01.06.46:546][231]Cmd: CAMERA ALIGN ACTIVEVIEWPORTONLY
[2018.11.16-01.06.50:708][306]Cmd: CAMERA ALIGN ACTIVEVIEWPORTONLY
[2018.11.16-01.07.02:300][492]LogEditorViewport: Clicking on Actor (CTRL LMB): PointLight (PointLight11)
[2018.11.16-01.07.07:066][561]LogEditorViewport: Clicking on Actor (CTRL LMB): PointLight (PointLight11)
[2018.11.16-01.07.08:480][579]LogEditorViewport: Clicking on Actor (CTRL LMB): PointLight (PointLight12)
[2018.11.16-01.07.27:223][817]Cmd: CAMERA ALIGN ACTIVEVIEWPORTONLY
[2018.11.16-01.07.54:492][147]LogSlate: FSceneViewport::OnFocusLost() reason 0
[2018.11.16-01.07.54:684][151]LogTemp: Repeating last play command: New Editor Window (PIE)
[2018.11.16-01.07.54:751][151]LogPlayLevel: PlayLevel: No blueprints needed recompiling
[2018.11.16-01.07.54:751][151]PIE: New page: PIE session: Level1 (Nov 15, 2018, 3:07:54 PM)
[2018.11.16-01.07.54:751][151]LogPlayLevel: Creating play world package: /Game/Levels/Level1/UEDPIE_0_Level1
[2018.11.16-01.07.54:761][151]LogPlayLevel: PIE: StaticDuplicateObject took: (0.009263s)
[2018.11.16-01.07.54:762][151]LogAIModule: Creating AISystem for world Level1
[2018.11.16-01.07.54:762][151]LogPlayLevel: PIE: World Init took: (0.001722s)
[2018.11.16-01.07.54:763][151]LogPlayLevel: PIE: Created PIE world by copying editor world from /Game/Levels/Level1/Level1.Level1 to /Game/Levels/Level1/UEDPIE_0_Level1.Level1 (0.011223s)
[2018.11.16-01.07.54:818][151]LogInit: XAudio2 using 'Speakers (Realtek High Definition Audio)' : 2 channels at 48 kHz using 32 bits per sample (channel mask 0x3)
[2018.11.16-01.07.54:833][151]LogInit: FAudioDevice initialized.
[2018.11.16-01.07.54:839][151]LogSlate: Updating window title bar state: overlay mode, drag disabled, window buttons hidden, title bar hidden
[2018.11.16-01.07.54:885][151]LogLoad: Game class is 'ThirdPersonGameMode_C'
[2018.11.16-01.07.54:897][151]LogWorld: Bringing World /Game/Levels/Level1/UEDPIE_0_Level1.Level1 up for play (max tick rate 0) at 2018.11.15-20.07.54
[2018.11.16-01.07.54:900][151]LogWorld: Bringing up level for play took: 0.014476
[2018.11.16-01.07.54:916][151]LogSpawn: Warning: SpawnActor failed because no class was specified
[2018.11.16-01.07.54:926][151]PIE: Play in editor start time for /Game/Levels/Level1/UEDPIE_0_Level1 -0.248
[2018.11.16-01.08.07:900][402]LogCharacterMovement: ThirdPersonCharacter_C_0 is stuck and failed to move! Velocity: X=-89.88 Y=184.55 Z=0.00 Location: X=-980.59 Y=-2631.53 Z=779.92 Normal: X=0.94 Y=-0.33 Z=0.00 PenetrationDepth:2.904 Actor:EnemyBP2_2 Component:CharacterMesh0 BoneName:hand_l (0 other events since notify)
[2018.11.16-01.08.14:655][537]LogCharacterMovement: EnemyBP2_2 is stuck and failed to move! Velocity: X=5.79 Y=-102.05 Z=0.00 Location: X=-971.05 Y=-2086.87 Z=779.92 Normal: X=-0.14 Y=0.99 Z=0.00 PenetrationDepth:12.692 Actor:EnemyBP3_5 Component:CharacterMesh0 BoneName:ball_l (0 other events since notify)
[2018.11.16-01.08.22:636][697]LogCharacterMovement: EnemyBP2_2 is stuck and failed to move! Velocity: X=65.13 Y=-2.88 Z=0.00 Location: X=441.52 Y=-2323.09 Z=287.41 Normal: X=-0.54 Y=0.77 Z=-0.34 PenetrationDepth:10.281 Actor:EnemyBP3_5 Component:CharacterMesh0 BoneName:lowerarm_r (1 other events since notify)
[2018.11.16-01.08.24:024][725]LogCharacterMovement: EnemyBP2_2 is stuck and failed to move! Velocity: X=50.75 Y=-7.66 Z=0.00 Location: X=440.01 Y=-2329.25 Z=288.65 Normal: X=0.67 Y=0.74 Z=0.00 PenetrationDepth:5.810 Actor:EnemyBP4 Component:CharacterMesh0 BoneName:hand_r (0 other events since notify)
[2018.11.16-01.08.33:363][908]LogSlate: Updating window title bar state: overlay mode, drag disabled, window buttons hidden, title bar hidden
[2018.11.16-01.08.33:457][908]LogSlate: Window 'GAME310_RamboBambi Game Preview Standalone (64-bit/PCD3D_SM5)' being destroyed
[2018.11.16-01.08.33:504][908]LogPlayLevel: Display: Shutting down PIE online subsystems
[2018.11.16-01.08.33:625][909]LogPlayLevel: Display: Destroying online subsystem :Context_5
[2018.11.16-01.13.19:104][921]LogSlate: FSceneViewport::OnFocusLost() reason 0
[2018.11.16-01.13.19:320][923]LogMaterial: Display: Missing cached shader map for material M_Computer, compiling. 
[2018.11.16-01.13.19:462][923]LogShaderCompilers: Display: Shaders left to compile 22
[2018.11.16-01.13.19:462][923]LogShaderCompilers: Display: Shaders left to compile 12
[2018.11.16-01.13.19:462][923]LogShaderCompilers: Display: Shaders left to compile 2
[2018.11.16-01.13.28:929][ 22]LogEditorViewport: Clicking on Actor (LMB): ObjectiveManager_C (ObjectiveManager)
[2018.11.16-01.13.34:911][ 91]LogSlate: FSceneViewport::OnFocusLost() reason 0
[2018.11.16-01.13.43:683][194]LogSlate: FSceneViewport::OnFocusLost() reason 0
[2018.11.16-01.13.50:564][282]LogEditorViewport: Clicking on Actor (LMB): ObjectiveManager_C (ObjectiveManager)
[2018.11.16-01.13.52:903][309]LogSlate: FSceneViewport::OnFocusLost() reason 0
[2018.11.16-01.14.00:006][400]LogSlate: FSceneViewport::OnFocusLost() reason 0
[2018.11.16-01.14.07:490][505]LogEditorViewport: Clicking on Actor (LMB): ObjectiveManager_C (ObjectiveManager)
[2018.11.16-01.14.10:752][546]LogSlate: FSceneViewport::OnFocusLost() reason 0
[2018.11.16-01.15.03:898][209]LogEditorViewport: Clicking on Actor (LMB): Objective_Computer_C (Objective_Computer2)
[2018.11.16-01.15.05:440][226]LogEditorViewport: Clicking on Actor (CTRL LMB): Objective_Computer_C (Objective_Computer3)
[2018.11.16-01.15.08:003][257]LogEditorViewport: Clicking on Actor (CTRL LMB): Objective_Computer_C (Objective_Computer)
[2018.11.16-01.15.14:310][336]Cmd: CAMERA ALIGN ACTIVEVIEWPORTONLY
[2018.11.16-01.15.15:039][347]Cmd: CAMERA ALIGN ACTIVEVIEWPORTONLY
[2018.11.16-01.15.17:629][376]Cmd: CAMERA ALIGN ACTIVEVIEWPORTONLY
[2018.11.16-01.15.19:902][408]LogEditorViewport: Clicking on Actor (LMB): Objective_Computer_C (Objective_Computer3)
[2018.11.16-01.15.42:453][692]LogEditorViewport: Clicking on Actor (LMB): Objective_Computer_C (Objective_Computer)
[2018.11.16-01.15.51:872][813]LogEditorViewport: Clicking on Actor (CTRL LMB): Objective_Computer_C (Objective_Computer2)
[2018.11.16-01.15.55:376][856]Cmd: CAMERA ALIGN ACTIVEVIEWPORTONLY
[2018.11.16-01.16.02:040][938]LogEditorViewport: Clicking on Actor (LMB): Objective_Computer_C (Objective_Computer)
[2018.11.16-01.16.32:975][314]LogEditorViewport: Clicking on Actor (LMB): Objective_Computer_C (Objective_Computer2)
[2018.11.16-01.16.47:034][479]Cmd: CAMERA ALIGN ACTIVEVIEWPORTONLY
[2018.11.16-01.16.57:022][607]LogSlate: FSceneViewport::OnFocusLost() reason 0
[2018.11.16-01.16.57:101][608]LogTemp: Repeating last play command: New Editor Window (PIE)
[2018.11.16-01.16.57:390][608]LogPlayLevel: PlayLevel: No blueprints needed recompiling
[2018.11.16-01.16.57:391][608]PIE: New page: PIE session: Level1 (Nov 15, 2018, 3:16:57 PM)
[2018.11.16-01.16.57:391][608]LogPlayLevel: Creating play world package: /Game/Levels/Level1/UEDPIE_0_Level1
[2018.11.16-01.16.57:410][608]LogPlayLevel: PIE: StaticDuplicateObject took: (0.018544s)
[2018.11.16-01.16.57:411][608]LogAIModule: Creating AISystem for world Level1
[2018.11.16-01.16.57:412][608]LogPlayLevel: PIE: World Init took: (0.002601s)
[2018.11.16-01.16.57:413][608]LogPlayLevel: PIE: Created PIE world by copying editor world from /Game/Levels/Level1/Level1.Level1 to /Game/Levels/Level1/UEDPIE_0_Level1.Level1 (0.021491s)
[2018.11.16-01.16.57:471][608]LogInit: XAudio2 using 'Speakers (Realtek High Definition Audio)' : 2 channels at 48 kHz using 32 bits per sample (channel mask 0x3)
[2018.11.16-01.16.57:483][608]LogInit: FAudioDevice initialized.
[2018.11.16-01.16.57:489][608]LogSlate: Updating window title bar state: overlay mode, drag disabled, window buttons hidden, title bar hidden
[2018.11.16-01.16.57:526][608]LogLoad: Game class is 'ThirdPersonGameMode_C'
[2018.11.16-01.16.57:534][608]LogWorld: Bringing World /Game/Levels/Level1/UEDPIE_0_Level1.Level1 up for play (max tick rate 0) at 2018.11.15-20.16.57
[2018.11.16-01.16.57:562][608]LogWorld: Bringing up level for play took: 0.035354
[2018.11.16-01.16.57:575][608]LogSpawn: Warning: SpawnActor failed because no class was specified
[2018.11.16-01.16.57:585][608]PIE: Play in editor start time for /Game/Levels/Level1/UEDPIE_0_Level1 0.411
[2018.11.16-01.17.04:993][747]LogBlueprintUserMessages: [Objective_Computer_2] Computer
[2018.11.16-01.17.06:307][773]LogCharacterMovement: ThirdPersonCharacter_C_0 is stuck and failed to move! Velocity: X=-126.02 Y=112.35 Z=0.00 Location: X=8.70 Y=-2997.18 Z=286.60 Normal: X=0.33 Y=0.00 Z=-0.94 PenetrationDepth:0.282 Actor:Objective_Computer_2 Component:Cube BoneName:None (0 other events since notify)
[2018.11.16-01.17.09:547][838]LogCharacterMovement: EnemyBP3_5 is stuck and failed to move! Velocity: X=61.03 Y=99.46 Z=0.00 Location: X=-573.03 Y=-2171.65 Z=288.65 Normal: X=0.58 Y=-0.82 Z=0.00 PenetrationDepth:0.339 Actor:EnemyBP2_2 Component:CharacterMesh0 BoneName:lowerarm_r (0 other events since notify)
[2018.11.16-01.17.13:066][909]LogBlueprintUserMessages: [Objective_Computer2_5] Computer
[2018.11.16-01.17.14:790][944]LogCharacterMovement: EnemyBP3_5 is stuck and failed to move! Velocity: X=54.89 Y=152.39 Z=0.00 Location: X=-1810.27 Y=-1973.84 Z=796.65 Normal: X=1.00 Y=-0.06 Z=-0.00 PenetrationDepth:0.514 Actor:EnemyBP4 Component:CharacterMesh0 BoneName:hand_l (0 other events since notify)
[2018.11.16-01.17.22:016][ 87]LogBlueprintUserMessages: [Objective_Computer3_8] Computer
[2018.11.16-01.17.22:017][ 87]LogBlueprintUserMessages: [ObjectiveManager_2] Escape
[2018.11.16-01.17.22:066][ 88]LogBlueprintUserMessages: [ObjectiveManager_2] Escape
[2018.11.16-01.17.22:113][ 89]LogBlueprintUserMessages: [ObjectiveManager_2] Escape
[2018.11.16-01.17.22:159][ 90]LogBlueprintUserMessages: [ObjectiveManager_2] Escape
[2018.11.16-01.17.22:209][ 91]LogBlueprintUserMessages: [ObjectiveManager_2] Escape
[2018.11.16-01.17.22:256][ 92]LogBlueprintUserMessages: [ObjectiveManager_2] Escape
[2018.11.16-01.17.22:305][ 93]LogBlueprintUserMessages: [ObjectiveManager_2] Escape
[2018.11.16-01.17.22:355][ 94]LogBlueprintUserMessages: [ObjectiveManager_2] Escape
[2018.11.16-01.17.22:405][ 95]LogBlueprintUserMessages: [ObjectiveManager_2] Escape
[2018.11.16-01.17.22:455][ 96]LogBlueprintUserMessages: [ObjectiveManager_2] Escape
[2018.11.16-01.17.22:505][ 97]LogBlueprintUserMessages: [ObjectiveManager_2] Escape
[2018.11.16-01.17.22:550][ 98]LogBlueprintUserMessages: [ObjectiveManager_2] Escape
[2018.11.16-01.17.22:598][ 99]LogBlueprintUserMessages: [ObjectiveManager_2] Escape
[2018.11.16-01.17.22:646][100]LogBlueprintUserMessages: [ObjectiveManager_2] Escape
[2018.11.16-01.17.22:702][101]LogBlueprintUserMessages: [ObjectiveManager_2] Escape
[2018.11.16-01.17.22:747][102]LogBlueprintUserMessages: [ObjectiveManager_2] Escape
[2018.11.16-01.17.22:796][103]LogBlueprintUserMessages: [ObjectiveManager_2] Escape
[2018.11.16-01.17.22:845][104]LogBlueprintUserMessages: [ObjectiveManager_2] Escape
[2018.11.16-01.17.22:894][105]LogBlueprintUserMessages: [ObjectiveManager_2] Escape
[2018.11.16-01.17.22:939][106]LogBlueprintUserMessages: [ObjectiveManager_2] Escape
[2018.11.16-01.17.22:989][107]LogBlueprintUserMessages: [ObjectiveManager_2] Escape
[2018.11.16-01.17.23:035][108]LogBlueprintUserMessages: [ObjectiveManager_2] Escape
[2018.11.16-01.17.23:084][109]LogBlueprintUserMessages: [ObjectiveManager_2] Escape
[2018.11.16-01.17.23:131][110]LogBlueprintUserMessages: [ObjectiveManager_2] Escape
[2018.11.16-01.17.23:183][111]LogBlueprintUserMessages: [ObjectiveManager_2] Escape
[2018.11.16-01.17.23:232][112]LogBlueprintUserMessages: [ObjectiveManager_2] Escape
[2018.11.16-01.17.23:280][113]LogBlueprintUserMessages: [ObjectiveManager_2] Escape
[2018.11.16-01.17.23:331][114]LogBlueprintUserMessages: [ObjectiveManager_2] Escape
[2018.11.16-01.17.23:379][115]LogBlueprintUserMessages: [ObjectiveManager_2] Escape
[2018.11.16-01.17.23:429][116]LogBlueprintUserMessages: [ObjectiveManager_2] Escape
[2018.11.16-01.17.23:481][117]LogBlueprintUserMessages: [ObjectiveManager_2] Escape
[2018.11.16-01.17.23:536][118]LogBlueprintUserMessages: [ObjectiveManager_2] Escape
[2018.11.16-01.17.23:587][119]LogBlueprintUserMessages: [ObjectiveManager_2] Escape
[2018.11.16-01.17.23:637][120]LogBlueprintUserMessages: [ObjectiveManager_2] Escape
[2018.11.16-01.17.23:690][121]LogBlueprintUserMessages: [ObjectiveManager_2] Escape
[2018.11.16-01.17.23:744][122]LogBlueprintUserMessages: [ObjectiveManager_2] Escape
[2018.11.16-01.17.23:797][123]LogBlueprintUserMessages: [ObjectiveManager_2] Escape
[2018.11.16-01.17.23:847][124]LogBlueprintUserMessages: [ObjectiveManager_2] Escape
[2018.11.16-01.17.23:902][125]LogBlueprintUserMessages: [ObjectiveManager_2] Escape
[2018.11.16-01.17.23:961][126]LogBlueprintUserMessages: [ObjectiveManager_2] Escape
[2018.11.16-01.17.24:011][127]LogBlueprintUserMessages: [ObjectiveManager_2] Escape
[2018.11.16-01.17.24:064][128]LogBlueprintUserMessages: [ObjectiveManager_2] Escape
[2018.11.16-01.17.24:121][129]LogBlueprintUserMessages: [ObjectiveManager_2] Escape
[2018.11.16-01.17.24:175][130]LogBlueprintUserMessages: [ObjectiveManager_2] Escape
[2018.11.16-01.17.24:230][131]LogBlueprintUserMessages: [ObjectiveManager_2] Escape
[2018.11.16-01.17.24:284][132]LogBlueprintUserMessages: [ObjectiveManager_2] Escape
[2018.11.16-01.17.24:342][133]LogBlueprintUserMessages: [ObjectiveManager_2] Escape
[2018.11.16-01.17.24:398][134]LogBlueprintUserMessages: [ObjectiveManager_2] Escape
[2018.11.16-01.17.24:446][135]LogBlueprintUserMessages: [ObjectiveManager_2] Escape
[2018.11.16-01.17.24:502][136]LogBlueprintUserMessages: [ObjectiveManager_2] Escape
[2018.11.16-01.17.24:559][137]LogBlueprintUserMessages: [ObjectiveManager_2] Escape
[2018.11.16-01.17.24:611][138]LogBlueprintUserMessages: [ObjectiveManager_2] Escape
[2018.11.16-01.17.24:666][139]LogBlueprintUserMessages: [ObjectiveManager_2] Escape
[2018.11.16-01.17.24:721][140]LogBlueprintUserMessages: [ObjectiveManager_2] Escape
[2018.11.16-01.17.24:772][141]LogBlueprintUserMessages: [ObjectiveManager_2] Escape
[2018.11.16-01.17.24:823][142]LogBlueprintUserMessages: [ObjectiveManager_2] Escape
[2018.11.16-01.17.24:874][143]LogBlueprintUserMessages: [ObjectiveManager_2] Escape
[2018.11.16-01.17.24:925][144]LogBlueprintUserMessages: [ObjectiveManager_2] Escape
[2018.11.16-01.17.24:977][145]LogBlueprintUserMessages: [ObjectiveManager_2] Escape
[2018.11.16-01.17.25:028][146]LogBlueprintUserMessages: [ObjectiveManager_2] Escape
[2018.11.16-01.17.25:080][147]LogBlueprintUserMessages: [ObjectiveManager_2] Escape
[2018.11.16-01.17.25:133][148]LogBlueprintUserMessages: [ObjectiveManager_2] Escape
[2018.11.16-01.17.25:187][149]LogBlueprintUserMessages: [ObjectiveManager_2] Escape
[2018.11.16-01.17.25:239][150]LogBlueprintUserMessages: [ObjectiveManager_2] Escape
[2018.11.16-01.17.25:290][151]LogBlueprintUserMessages: [ObjectiveManager_2] Escape
[2018.11.16-01.17.25:342][152]LogBlueprintUserMessages: [ObjectiveManager_2] Escape
[2018.11.16-01.17.25:394][153]LogBlueprintUserMessages: [ObjectiveManager_2] Escape
[2018.11.16-01.17.25:449][154]LogBlueprintUserMessages: [ObjectiveManager_2] Escape
[2018.11.16-01.17.25:500][155]LogBlueprintUserMessages: [ObjectiveManager_2] Escape
[2018.11.16-01.17.25:553][156]LogBlueprintUserMessages: [ObjectiveManager_2] Escape
[2018.11.16-01.17.25:607][157]LogBlueprintUserMessages: [ObjectiveManager_2] Escape
[2018.11.16-01.17.25:657][158]LogBlueprintUserMessages: [ObjectiveManager_2] Escape
[2018.11.16-01.17.25:714][159]LogBlueprintUserMessages: [ObjectiveManager_2] Escape
[2018.11.16-01.17.25:765][160]LogBlueprintUserMessages: [ObjectiveManager_2] Escape
[2018.11.16-01.17.25:817][161]LogBlueprintUserMessages: [ObjectiveManager_2] Escape
[2018.11.16-01.17.25:868][162]LogBlueprintUserMessages: [ObjectiveManager_2] Escape
[2018.11.16-01.17.25:919][163]LogBlueprintUserMessages: [ObjectiveManager_2] Escape
[2018.11.16-01.17.25:969][164]LogBlueprintUserMessages: [ObjectiveManager_2] Escape
[2018.11.16-01.17.25:977][164]LogSlate: Updating window title bar state: overlay mode, drag disabled, window buttons hidden, title bar hidden
[2018.11.16-01.17.26:066][164]LogSlate: Window 'GAME310_RamboBambi Game Preview Standalone (64-bit/PCD3D_SM5)' being destroyed
[2018.11.16-01.17.26:106][164]LogPlayLevel: Display: Shutting down PIE online subsystems
[2018.11.16-01.17.26:211][165]LogPlayLevel: Display: Destroying online subsystem :Context_9
[2018.11.16-01.18.04:382][446]LogSlate: Took 0.000685 seconds to synchronously load lazily loaded font '../../../Engine/Content/Slate/Fonts/Roboto-Light.ttf' (167K)
[2018.11.16-01.18.14:615][473]LogSavePackage: Moving '../../../../../../Users/Ryan Lindsay/GAME310_RamboBambi/Saved/Level1_Auto14493C97E44BE14A7F187AD861E34559F.tmp' to '../../../../../../Users/Ryan Lindsay/GAME310_RamboBambi/Saved/Autosaves/Game/Levels/Level1/Level1_Auto1.umap'
[2018.11.16-01.18.14:727][473]LogFileHelpers: Editor autosave (incl. sublevels) for '/Game/Levels/Level1/Level1' took 1.119
[2018.11.16-01.18.14:727][473]LogFileHelpers: Editor autosave (incl. sublevels) for all levels took 1.119
[2018.11.16-01.40.46:478][931]LogSlate: FSceneViewport::OnFocusLost() reason 0
[2018.11.16-01.41.08:567][214]LogNavigationPoint: PostEditMove Clear paths rebuilt
[2018.11.16-01.41.12:385][265]LogNavigationPoint: PostEditMove Clear paths rebuilt
[2018.11.16-01.41.15:138][301]LogNavigationPoint: PostEditMove Clear paths rebuilt
[2018.11.16-01.41.15:742][309]Cmd: CAMERA ALIGN ACTIVEVIEWPORTONLY
[2018.11.16-01.41.17:646][333]LogSlate: FSceneViewport::OnFocusLost() reason 0
[2018.11.16-01.41.17:795][335]LogTemp: Repeating last play command: New Editor Window (PIE)
[2018.11.16-01.41.17:849][335]LogPlayLevel: PlayLevel: No blueprints needed recompiling
[2018.11.16-01.41.17:849][335]PIE: New page: PIE session: Level1 (Nov 15, 2018, 3:41:17 PM)
[2018.11.16-01.41.17:849][335]LogPlayLevel: Creating play world package: /Game/Levels/Level1/UEDPIE_0_Level1
[2018.11.16-01.41.17:878][335]LogPlayLevel: PIE: StaticDuplicateObject took: (0.028625s)
[2018.11.16-01.41.17:891][335]LogAIModule: Creating AISystem for world Level1
[2018.11.16-01.41.17:891][335]LogPlayLevel: PIE: World Init took: (0.012924s)
[2018.11.16-01.41.17:891][335]LogPlayLevel: PIE: Created PIE world by copying editor world from /Game/Levels/Level1/Level1.Level1 to /Game/Levels/Level1/UEDPIE_0_Level1.Level1 (0.041753s)
[2018.11.16-01.41.17:933][335]LogInit: XAudio2 using 'Speakers (Realtek High Definition Audio)' : 2 channels at 48 kHz using 32 bits per sample (channel mask 0x3)
[2018.11.16-01.41.17:945][335]LogInit: FAudioDevice initialized.
[2018.11.16-01.41.17:952][335]LogSlate: Updating window title bar state: overlay mode, drag disabled, window buttons hidden, title bar hidden
[2018.11.16-01.41.17:990][335]LogLoad: Game class is 'ThirdPersonGameMode_C'
[2018.11.16-01.41.17:999][335]LogWorld: Bringing World /Game/Levels/Level1/UEDPIE_0_Level1.Level1 up for play (max tick rate 0) at 2018.11.15-20.41.17
[2018.11.16-01.41.18:001][335]LogWorld: Bringing up level for play took: 0.010845
[2018.11.16-01.41.18:015][335]LogSpawn: Warning: SpawnActor failed because no class was specified
[2018.11.16-01.41.18:024][335]PIE: Play in editor start time for /Game/Levels/Level1/UEDPIE_0_Level1 0.85
[2018.11.16-01.41.43:115][838]LogSlate: Updating window title bar state: overlay mode, drag disabled, window buttons hidden, title bar hidden
[2018.11.16-01.41.43:190][838]LogSlate: Window 'GAME310_RamboBambi Game Preview Standalone (64-bit/PCD3D_SM5)' being destroyed
[2018.11.16-01.41.43:232][838]LogPlayLevel: Display: Shutting down PIE online subsystems
[2018.11.16-01.41.43:302][839]LogPlayLevel: Display: Destroying online subsystem :Context_10
[2018.11.16-01.41.48:627][907]LogEditorViewport: Clicking on Actor (LMB): Objective_Computer_C (Objective_Computer2)
[2018.11.16-01.41.56:526][  5]LogSlate: FSceneViewport::OnFocusLost() reason 0
[2018.11.16-01.41.56:603][  6]LogTemp: Repeating last play command: New Editor Window (PIE)
[2018.11.16-01.41.56:671][  6]LogPlayLevel: PlayLevel: No blueprints needed recompiling
[2018.11.16-01.41.56:671][  6]PIE: New page: PIE session: Level1 (Nov 15, 2018, 3:41:56 PM)
[2018.11.16-01.41.56:671][  6]LogPlayLevel: Creating play world package: /Game/Levels/Level1/UEDPIE_0_Level1
[2018.11.16-01.41.56:690][  6]LogPlayLevel: PIE: StaticDuplicateObject took: (0.019052s)
[2018.11.16-01.41.56:692][  6]LogAIModule: Creating AISystem for world Level1
[2018.11.16-01.41.56:692][  6]LogPlayLevel: PIE: World Init took: (0.002112s)
[2018.11.16-01.41.56:693][  6]LogPlayLevel: PIE: Created PIE world by copying editor world from /Game/Levels/Level1/Level1.Level1 to /Game/Levels/Level1/UEDPIE_0_Level1.Level1 (0.021502s)
[2018.11.16-01.41.56:735][  6]LogInit: XAudio2 using 'Speakers (Realtek High Definition Audio)' : 2 channels at 48 kHz using 32 bits per sample (channel mask 0x3)
[2018.11.16-01.41.56:747][  6]LogInit: FAudioDevice initialized.
[2018.11.16-01.41.56:753][  6]LogSlate: Updating window title bar state: overlay mode, drag disabled, window buttons hidden, title bar hidden
[2018.11.16-01.41.56:794][  6]LogLoad: Game class is 'ThirdPersonGameMode_C'
[2018.11.16-01.41.56:802][  6]LogWorld: Bringing World /Game/Levels/Level1/UEDPIE_0_Level1.Level1 up for play (max tick rate 0) at 2018.11.15-20.41.56
[2018.11.16-01.41.56:804][  6]LogWorld: Bringing up level for play took: 0.009336
[2018.11.16-01.41.56:817][  6]LogSpawn: Warning: SpawnActor failed because no class was specified
[2018.11.16-01.41.56:819][  6]LogBlueprintUserMessages: [Objective_Computer2_5] Computer
[2018.11.16-01.41.56:826][  6]PIE: Play in editor start time for /Game/Levels/Level1/UEDPIE_0_Level1 -0.349
[2018.11.16-01.42.00:720][ 79]LogSlate: Updating window title bar state: overlay mode, drag disabled, window buttons hidden, title bar hidden
[2018.11.16-01.42.00:783][ 79]LogSlate: Window 'GAME310_RamboBambi Game Preview Standalone (64-bit/PCD3D_SM5)' being destroyed
[2018.11.16-01.42.00:819][ 79]LogPlayLevel: Display: Shutting down PIE online subsystems
[2018.11.16-01.42.00:891][ 80]LogPlayLevel: Display: Destroying online subsystem :Context_11
[2018.11.16-01.42.02:881][106]Cmd: TRANSACTION UNDO
[2018.11.16-01.42.02:881][106]LogEditorTransaction: Undo Move Actors
[2018.11.16-01.42.03:867][148]LogEditorViewport: Clicking on Actor (LMB): Objective_Computer_C (Objective_Computer2)
[2018.11.16-01.42.08:381][202]LogSlate: FSceneViewport::OnFocusLost() reason 0
[2018.11.16-01.42.08:514][203]LogTemp: Repeating last play command: New Editor Window (PIE)
[2018.11.16-01.42.08:566][203]LogPlayLevel: PlayLevel: No blueprints needed recompiling
[2018.11.16-01.42.08:567][203]PIE: New page: PIE session: Level1 (Nov 15, 2018, 3:42:08 PM)
[2018.11.16-01.42.08:567][203]LogPlayLevel: Creating play world package: /Game/Levels/Level1/UEDPIE_0_Level1
[2018.11.16-01.42.08:577][203]LogPlayLevel: PIE: StaticDuplicateObject took: (0.010035s)
[2018.11.16-01.42.08:578][203]LogAIModule: Creating AISystem for world Level1
[2018.11.16-01.42.08:578][203]LogPlayLevel: PIE: World Init took: (0.001051s)
[2018.11.16-01.42.08:578][203]LogPlayLevel: PIE: Created PIE world by copying editor world from /Game/Levels/Level1/Level1.Level1 to /Game/Levels/Level1/UEDPIE_0_Level1.Level1 (0.011324s)
[2018.11.16-01.42.08:615][203]LogInit: XAudio2 using 'Speakers (Realtek High Definition Audio)' : 2 channels at 48 kHz using 32 bits per sample (channel mask 0x3)
[2018.11.16-01.42.08:628][203]LogInit: FAudioDevice initialized.
[2018.11.16-01.42.08:634][203]LogSlate: Updating window title bar state: overlay mode, drag disabled, window buttons hidden, title bar hidden
[2018.11.16-01.42.08:669][203]LogLoad: Game class is 'ThirdPersonGameMode_C'
[2018.11.16-01.42.08:678][203]LogWorld: Bringing World /Game/Levels/Level1/UEDPIE_0_Level1.Level1 up for play (max tick rate 0) at 2018.11.15-20.42.08
[2018.11.16-01.42.08:681][203]LogWorld: Bringing up level for play took: 0.011112
[2018.11.16-01.42.08:696][203]LogSpawn: Warning: SpawnActor failed because no class was specified
[2018.11.16-01.42.08:706][203]PIE: Play in editor start time for /Game/Levels/Level1/UEDPIE_0_Level1 -0.468
[2018.11.16-01.43.50:870][986]LogSlate: Updating window title bar state: overlay mode, drag disabled, window buttons hidden, title bar hidden
[2018.11.16-01.43.50:923][986]LogSlate: Window 'GAME310_RamboBambi Game Preview Standalone (64-bit/PCD3D_SM5)' being destroyed
[2018.11.16-01.43.50:957][986]LogPlayLevel: Display: Shutting down PIE online subsystems
[2018.11.16-01.43.51:024][987]LogPlayLevel: Display: Destroying online subsystem :Context_12
[2018.11.16-01.43.51:852][998]MapCheck: New page: Map Check
[2018.11.16-01.43.51:895][998]Cmd: MAP REBUILD ALLVISIBLE
[2018.11.16-01.43.51:917][998]LogEditorServer: Rebuildmap Clear paths rebuilt
[2018.11.16-01.43.52:272][998]LogMaterial: Display: Missing cached shader map for material FDebugViewModeMaterialProxy MaterialInstanceDynamic_0, compiling. 
[2018.11.16-01.43.52:310][998]LogShaderCompilers: Display: Shaders left to compile 1
[2018.11.16-01.43.52:310][998]LogMaterial: Display: Missing cached shader map for material FDebugViewModeMaterialProxy M_Metal_Burnished_Steel, compiling. 
[2018.11.16-01.43.52:328][998]LogShaderCompilers: Display: Shaders left to compile 1
[2018.11.16-01.43.52:328][998]LogMaterial: Display: Missing cached shader map for material FDebugViewModeMaterialProxy WorldGridMaterial, compiling. Is special engine material.
[2018.11.16-01.43.52:345][998]LogShaderCompilers: Display: Shaders left to compile 1
[2018.11.16-01.43.52:345][998]LogMaterial: Display: Missing cached shader map for material FDebugViewModeMaterialProxy M_Metal_Copper, compiling. 
[2018.11.16-01.43.52:355][998]LogMaterial: Display: Missing cached shader map for material FDebugViewModeMaterialProxy ChainLink, compiling. 
[2018.11.16-01.43.52:366][998]LogMaterial: Display: Missing cached shader map for material FDebugViewModeMaterialProxy BasicShapeMaterial, compiling. 
[2018.11.16-01.43.52:377][998]LogMaterial: Display: Missing cached shader map for material FDebugViewModeMaterialProxy M_UE4Man_Body, compiling. 
[2018.11.16-01.43.52:392][998]LogMaterial: Display: Missing cached shader map for material FDebugViewModeMaterialProxy M_UE4Man_ChestLogo, compiling. 
[2018.11.16-01.43.52:405][998]LogMaterial: Display: Missing cached shader map for material FDebugViewModeMaterialProxy M_Computer, compiling. 
[2018.11.16-01.43.52:414][998]LogMaterial: Display: Missing cached shader map for material FDebugViewModeMaterialProxy M_Metal_Steel, compiling. 
[2018.11.16-01.43.55:371][998]LogShaderCompilers: Display: Shaders left to compile 7
[2018.11.16-01.43.55:371][998]LogShaderCompilers: Display: Shaders left to compile 6
[2018.11.16-01.43.55:371][998]LogShaderCompilers: Display: Shaders left to compile 5
[2018.11.16-01.43.55:371][998]LogShaderCompilers: Display: Shaders left to compile 4
[2018.11.16-01.43.55:372][998]LogShaderCompilers: Display: Shaders left to compile 3
[2018.11.16-01.43.55:372][998]LogShaderCompilers: Display: Shaders left to compile 2
[2018.11.16-01.43.55:372][998]LogShaderCompilers: Display: Shaders left to compile 1
[2018.11.16-01.43.55:372][998]TextureStreamingBuild: Display: Compiling optional shaders took 3.143 seconds.
[2018.11.16-01.43.55:465][998]LogLevel: Display: Export Material TexCoord Scales took 0.093 seconds.
[2018.11.16-01.43.55:492][998]TextureStreamingBuild: Display: Build Texture Streaming took 0.026 seconds.
[2018.11.16-01.43.55:559][998]LightingResults: New page: Lighting Build - Nov 15, 2018, 3:43:55 PM
[2018.11.16-01.43.56:671][998]LogSwarmInterface: [OpenConnection] Registering TCP channel ...
[2018.11.16-01.43.57:388][998]LogSwarmInterface: [OpenConnection] Connecting to agent ...
[2018.11.16-01.43.57:581][998]LogSwarmInterface: [TryOpenConnection] Testing the Agent
[2018.11.16-01.44.00:846][998]LogSwarmInterface: [TryOpenConnection] Opening Connection to Agent
[2018.11.16-01.44.00:846][998]LogSwarmInterface: [TryOpenConnection] Local Process ID is 13076
[2018.11.16-01.44.13:426][998]LogStaticLightingSystem: Warning: No importance volume found, so the scene bounding box was used.  You can optimize your scene's quality and lighting build times by adding importance volumes.
[2018.11.16-01.44.13:437][998]LogStaticLightingSystem: Running Lightmass w/ ImmediateImport mode ENABLED
[2018.11.16-01.44.13:437][998]LogStaticLightingSystem: Running Lightmass w/ ImmediateProcess mode ENABLED
[2018.11.16-01.44.13:437][998]LogStaticLightingSystem: Running Lightmass w/ Sorting mode ENABLED
[2018.11.16-01.44.13:437][998]LogStaticLightingSystem: Running Lightmass w/ Mapping paddings ENABLED
[2018.11.16-01.44.13:437][998]LogStaticLightingSystem: Running Lightmass w/ Mapping debug paddings DISABLED
[2018.11.16-01.44.14:506][998]Cmd: MAP CHECK DONTDISPLAYDIALOG
[2018.11.16-01.44.14:506][998]MapCheck: New page: Level1 - Nov 15, 2018, 3:44:14 PM
[2018.11.16-01.44.14:524][998]MapCheck: Error: WorldSettings_1 Maps need lighting rebuilt 
[2018.11.16-01.44.15:047][998]MapCheck: Map check complete: 1 Error(s), 0 Warning(s), took 541.069ms to complete.
[2018.11.16-01.44.15:072][998]LogEditorBuildUtils: Build time 0:23
[2018.11.16-01.44.15:935][999]LogSavePackage: Moving '../../../../../../Users/Ryan Lindsay/GAME310_RamboBambi/Saved/Level1_Auto20BB9FCF947228399C8E1F8A54E451AB0.tmp' to '../../../../../../Users/Ryan Lindsay/GAME310_RamboBambi/Saved/Autosaves/Game/Levels/Level1/Level1_Auto2.umap'
[2018.11.16-01.44.15:943][999]LogFileHelpers: Editor autosave (incl. sublevels) for '/Game/Levels/Level1/Level1' took 0.413
[2018.11.16-01.44.15:943][999]LogFileHelpers: Editor autosave (incl. sublevels) for all levels took 0.413
[2018.11.16-01.44.16:006][999]LogMaterial: Display: Missing cached shader map for material FLightmassMaterialRenderer M_Metal_Burnished_Steel, compiling. 
[2018.11.16-01.44.16:014][999]LogMaterial: Display: Missing cached shader map for material FLightmassMaterialRenderer M_Metal_Burnished_Steel, compiling. 
[2018.11.16-01.44.16:028][999]LogShaderCompilers: Display: Shaders left to compile 4
[2018.11.16-01.44.28:140][ 98]LogSlate: Window 'Message Log' being destroyed
[2018.11.16-01.44.28:220][ 98]LogSlate: Window 'Message Log' being destroyed
[2018.11.16-01.44.35:058][179]LightingResults: Warning: SecondFloor-Boundary Object has overlapping UVs.
[2018.11.16-01.44.35:058][179]LightingResults: SecondFloor-Boundary Lightmap UV are overlapping by 2.4%. Please adjust content - Enable Error Coloring to visualize.
[2018.11.16-01.44.36:368][194]LightingResults: Warning: Stairs Object has overlapping UVs.
[2018.11.16-01.44.36:368][194]LightingResults: Stairs Lightmap UV are overlapping by 50.0%. Please adjust content - Enable Error Coloring to visualize.
[2018.11.16-01.44.41:692][257]LightingResults: Warning: RampWalls Object has overlapping UVs.
[2018.11.16-01.44.41:692][257]LightingResults: RampWalls Lightmap UV are overlapping by 17.3%. Please adjust content - Enable Error Coloring to visualize.
[2018.11.16-01.44.42:771][269]LightingResults: Warning: Exit Object has overlapping UVs.
[2018.11.16-01.44.42:771][269]LightingResults: Exit Lightmap UV are overlapping by 4.3%. Please adjust content - Enable Error Coloring to visualize.
[2018.11.16-01.44.43:123][273]LightingResults: Warning: Entry Object has overlapping UVs.
[2018.11.16-01.44.43:123][273]LightingResults: Entry Lightmap UV are overlapping by 4.3%. Please adjust content - Enable Error Coloring to visualize.
[2018.11.16-01.44.45:160][298]Job is a success!
[2018.11.16-01.44.45:738][299]LogVolumetricLightmapImport: Imported Volumetric Lightmap in 0.030s
[2018.11.16-01.44.45:738][299]LogVolumetricLightmapImport:      Indirection Texture 16x16x16 = 0.0Mb
[2018.11.16-01.44.45:738][299]LogVolumetricLightmapImport:      BrickData 440x5x5 = 0.4Mb
[2018.11.16-01.44.45:738][299]LogVolumetricLightmapImport:      Bricks at Level
[2018.11.16-01.44.45:738][299]LogVolumetricLightmapImport:          0: 1.1% covering 100.0% of volume
[2018.11.16-01.44.45:738][299]LogVolumetricLightmapImport:          1: 4.5% covering 6.3% of volume
[2018.11.16-01.44.45:738][299]LogVolumetricLightmapImport:          2: 94.3% covering 2.0% of volume
[2018.11.16-01.44.46:361][299]LightingResults: Warning: PointLight5 Severe performance loss: Failed to allocate shadowmap channel for stationary light due to overlap - light will fall back to dynamic shadows!
[2018.11.16-01.44.46:361][299]LightingResults: Warning: PointLight6 Severe performance loss: Failed to allocate shadowmap channel for stationary light due to overlap - light will fall back to dynamic shadows!
[2018.11.16-01.44.46:361][299]LightingResults: Warning: PointLight7 Severe performance loss: Failed to allocate shadowmap channel for stationary light due to overlap - light will fall back to dynamic shadows!
[2018.11.16-01.44.46:361][299]LightingResults: Warning: PointLight8 Severe performance loss: Failed to allocate shadowmap channel for stationary light due to overlap - light will fall back to dynamic shadows!
[2018.11.16-01.44.46:362][299]LightingResults: Warning: PointLight9 Severe performance loss: Failed to allocate shadowmap channel for stationary light due to overlap - light will fall back to dynamic shadows!
[2018.11.16-01.44.46:362][299]LightingResults: Warning: PointLight2 Severe performance loss: Failed to allocate shadowmap channel for stationary light due to overlap - light will fall back to dynamic shadows!
[2018.11.16-01.44.46:362][299]LightingResults: Warning: PointLight11 Severe performance loss: Failed to allocate shadowmap channel for stationary light due to overlap - light will fall back to dynamic shadows!
[2018.11.16-01.44.46:362][299]LightingResults: Warning: PointLight12 Severe performance loss: Failed to allocate shadowmap channel for stationary light due to overlap - light will fall back to dynamic shadows!
[2018.11.16-01.44.46:362][299]LightingResults: Warning: PointLight13 Severe performance loss: Failed to allocate shadowmap channel for stationary light due to overlap - light will fall back to dynamic shadows!
[2018.11.16-01.44.46:363][299]LightingResults: Warning: PointLight14 Severe performance loss: Failed to allocate shadowmap channel for stationary light due to overlap - light will fall back to dynamic shadows!
[2018.11.16-01.44.46:363][299]LightingResults: Warning: PointLight15 Severe performance loss: Failed to allocate shadowmap channel for stationary light due to overlap - light will fall back to dynamic shadows!
[2018.11.16-01.44.46:363][299]LightingResults: Warning: PointLight16 Severe performance loss: Failed to allocate shadowmap channel for stationary light due to overlap - light will fall back to dynamic shadows!
[2018.11.16-01.44.46:363][299]LightingResults: Warning: PointLight17 Severe performance loss: Failed to allocate shadowmap channel for stationary light due to overlap - light will fall back to dynamic shadows!
[2018.11.16-01.44.46:363][299]LightingResults: Warning: PointLight18 Severe performance loss: Failed to allocate shadowmap channel for stationary light due to overlap - light will fall back to dynamic shadows!
[2018.11.16-01.44.47:038][299]LogTexture: Display: Building textures: LQ_Lightmap_1_1 (DXT1, 512X512)
[2018.11.16-01.44.47:038][299]LogTexture: Display: Building textures: HQ_Lightmap1_1 (AutoDXT, 512X512)
[2018.11.16-01.44.47:038][299]LogTexture: Display: Building textures: HQ_Lightmap1_2 (AutoDXT, 64X64)
[2018.11.16-01.44.47:038][299]LogTexture: Display: Building textures: LQ_Lightmap_1_2 (DXT1, 64X64)
[2018.11.16-01.44.47:667][299]LogTexture: Display: Building textures: ShadowMapTexture2D_0 (BGRA8, 1024X128)
[2018.11.16-01.45.08:702][299]Lightmass on RYAN: 27.2 sec total, 756 ms importing, 38 ms setup, 9.19 sec photons, 16.8 sec processing, 0 ms extra exporting [22/22 mappings]. Threads: 1:07 min total, 20.3 sec processing.
[2018.11.16-01.45.08:795][299]LogStaticLightingSystem: Illumination: 1:13 min (670 ms encoding lightmaps, 629 ms encoding shadowmaps)
[2018.11.16-01.45.08:795][299]LogStaticLightingSystem: Lightmap texture memory:  0.5 MB (0.5 MB streaming, 0.0 MB non-streaming), 4 textures
[2018.11.16-01.45.08:795][299]LogStaticLightingSystem: Shadowmap texture memory: 0.7 MB (0.7 MB streaming, 0.0 MB non-streaming), 1 textures
[2018.11.16-01.45.09:455][299]DumpUnbuiltLightIteractions
[2018.11.16-01.45.09:455][299]Lights with unbuilt interactions: 0
[2018.11.16-01.45.09:456][299]
[2018.11.16-01.45.09:456][299]Primitives with unbuilt interactions: 0
[2018.11.16-01.45.09:692][300]Cmd: MAP CHECK NOTIFYRESULTS
[2018.11.16-01.45.09:692][300]MapCheck: New page: Level1 - Nov 15, 2018, 3:45:09 PM
[2018.11.16-01.45.09:967][300]MapCheck: Map check complete: 0 Error(s), 0 Warning(s), took 274.397ms to complete.
[2018.11.16-01.45.13:174][339]LogSlate: Window 'Message Log' being destroyed
[2018.11.16-01.45.13:197][339]LogSlate: Window 'Message Log' being destroyed
[2018.11.16-01.45.15:482][368]LogTemp: Repeating last play command: New Editor Window (PIE)
[2018.11.16-01.45.21:402][368]LogPlayLevel: PlayLevel: No blueprints needed recompiling
[2018.11.16-01.45.21:402][368]PIE: New page: PIE session: Level1 (Nov 15, 2018, 3:45:21 PM)
[2018.11.16-01.45.21:402][368]LogPlayLevel: Creating play world package: /Game/Levels/Level1/UEDPIE_0_Level1
[2018.11.16-01.45.21:415][368]LogPlayLevel: PIE: StaticDuplicateObject took: (0.012598s)
[2018.11.16-01.45.21:416][368]LogAIModule: Creating AISystem for world Level1
[2018.11.16-01.45.21:417][368]LogPlayLevel: PIE: World Init took: (0.001513s)
[2018.11.16-01.45.21:417][368]LogPlayLevel: PIE: Created PIE world by copying editor world from /Game/Levels/Level1/Level1.Level1 to /Game/Levels/Level1/UEDPIE_0_Level1.Level1 (0.014409s)
[2018.11.16-01.45.21:460][368]LogInit: XAudio2 using 'Speakers (Realtek High Definition Audio)' : 2 channels at 48 kHz using 32 bits per sample (channel mask 0x3)
[2018.11.16-01.45.21:473][368]LogInit: FAudioDevice initialized.
[2018.11.16-01.45.21:479][368]LogSlate: Updating window title bar state: overlay mode, drag disabled, window buttons hidden, title bar hidden
[2018.11.16-01.45.21:520][368]LogLoad: Game class is 'ThirdPersonGameMode_C'
[2018.11.16-01.45.21:530][368]LogWorld: Bringing World /Game/Levels/Level1/UEDPIE_0_Level1.Level1 up for play (max tick rate 0) at 2018.11.15-20.45.21
[2018.11.16-01.45.21:534][368]LogWorld: Bringing up level for play took: 0.012680
[2018.11.16-01.45.21:550][368]LogSpawn: Warning: SpawnActor failed because no class was specified
[2018.11.16-01.45.21:563][368]PIE: Play in editor start time for /Game/Levels/Level1/UEDPIE_0_Level1 0.39
[2018.11.16-01.45.27:319][473]LogRenderer: Reallocating scene render targets to support 960x576 Format 9 NumSamples 1 (Frame:107).
[2018.11.16-01.45.54:621][617]LogBlueprintUserMessages: [Objective_Computer2_5] Computer
[2018.11.16-01.45.54:838][620]LogCharacterMovement: ThirdPersonCharacter_C_0 is stuck and failed to move! Velocity: X=-353.04 Y=-130.87 Z=0.00 Location: X=-1861.35 Y=-1931.88 Z=794.55 Normal: X=0.00 Y=0.00 Z=-1.00 PenetrationDepth:0.555 Actor:Objective_Computer2_5 Component:Cube BoneName:None (0 other events since notify)
[2018.11.16-01.45.56:058][637]LogSlate: Updating window title bar state: overlay mode, drag disabled, window buttons hidden, title bar hidden
[2018.11.16-01.45.56:129][637]LogSlate: Window 'GAME310_RamboBambi Game Preview Standalone (64-bit/PCD3D_SM5)' being destroyed
[2018.11.16-01.45.56:170][637]LogPlayLevel: Display: Shutting down PIE online subsystems
[2018.11.16-01.45.56:285][638]LogPlayLevel: Display: Destroying online subsystem :Context_13
[2018.11.16-01.55.21:730][411]LogFileHelpers: Editor autosave (incl. sublevels) for '/Game/Levels/Level1/Level1' took 0.033
[2018.11.16-01.55.21:735][411]OBJ SavePackage: Generating thumbnails for [0] asset(s) in package [/Game/Levels/Level1/Level1_BuiltData] ([1] browsable assets)...
[2018.11.16-01.55.21:735][411]OBJ SavePackage: Finished generating thumbnails for package [/Game/Levels/Level1/Level1_BuiltData]
[2018.11.16-01.55.22:385][411]LogSavePackage: Moving '../../../../../../Users/Ryan Lindsay/GAME310_RamboBambi/Saved/Level1_BuiltData_Auto3F3F987E64AF8255F1BD9C9AD5012EEF0.tmp' to '../../../../../../Users/Ryan Lindsay/GAME310_RamboBambi/Saved/Autosaves/Game/Levels/Level1/Level1_BuiltData_Auto3.uasset'
[2018.11.16-01.55.22:458][411]LogFileHelpers: Auto-saving content packages took 0.727
[2018.11.16-02.07.14:553][893]LogAssetEditorManager: Opening Asset editor for Blueprint /Game/Objectives/Objective_Computer.Objective_Computer
[2018.11.16-02.07.17:082][893]LogContentBrowser: Native class hierarchy updated for 'BlueprintGraph' in 0.0019 seconds. Added 116 classes and 0 folders.
[2018.11.16-02.07.20:107][893]LogSlate: Took 0.023291 seconds to synchronously load lazily loaded font '../../../Engine/Content/Slate/Fonts/Roboto-BoldCondensed.ttf' (158K)
[2018.11.16-02.07.50:669][474]LogSlate: Took 0.024856 seconds to synchronously load lazily loaded font '../../../Engine/Content/Slate/Fonts/Roboto-Italic.ttf' (157K)
