Log file open, 12/02/18 21:33:41
LogWindows: Failed to load 'aqProf.dll' (GetLastError=126)
LogWindows: File 'aqProf.dll' does not exist
LogWindows: Failed to load 'VtuneApi.dll' (GetLastError=126)
LogWindows: File 'VtuneApi.dll' does not exist
LogWindows: Failed to load 'VtuneApi32e.dll' (GetLastError=126)
LogWindows: File 'VtuneApi32e.dll' does not exist
LogInit: Display: Running engine without a game
LogPlatformFile: Not using cached read wrapper
LogInit: Display: Loading recent project file: ../../../../../../Users/Asher/OneDrive - George Mason University/GAME310_RamboBambi/GAME310_RamboBambi.uproject
LogTaskGraph: Started task graph with 5 named threads and 11 total threads with 3 sets of task threads.
LogStats: Stats thread started at 16.413197
LogD3D11RHI: Loaded GFSDK_Aftermath_Lib.x64.dll
LogICUInternationalization: Display: ICU TimeZone Detection - Raw Offset: -5:00, Platform Override: ''
LogPluginManager: Mounting plugin Paper2D
LogPluginManager: Mounting plugin AISupport
LogPluginManager: Mounting plugin LightPropagationVolume
LogPluginManager: Mounting plugin CLionSourceCodeAccess
LogPluginManager: Mounting plugin CodeLiteSourceCodeAccess
LogPluginManager: Mounting plugin GitSourceControl
LogPluginManager: Mounting plugin KDevelopSourceCodeAccess
LogPluginManager: Mounting plugin NullSourceCodeAccess
LogPluginManager: Mounting plugin PerforceSourceControl
LogPluginManager: Mounting plugin SubversionSourceControl
LogPluginManager: Mounting plugin UObjectPlugin
LogPluginManager: Mounting plugin VisualStudioCodeSourceCodeAccess
LogPluginManager: Mounting plugin VisualStudioSourceCodeAccess
LogPluginManager: Mounting plugin XCodeSourceCodeAccess
LogPluginManager: Mounting plugin AssetManagerEditor
LogPluginManager: Mounting plugin CryptoKeys
LogPluginManager: Mounting plugin DataValidation
LogPluginManager: Mounting plugin FacialAnimation
LogPluginManager: Mounting plugin GameplayTagsEditor
LogPluginManager: Mounting plugin MacGraphicsSwitching
LogPluginManager: Mounting plugin MeshEditor
LogPluginManager: Mounting plugin MobileLauncherProfileWizard
LogPluginManager: Mounting plugin PluginBrowser
LogPluginManager: Mounting plugin SpeedTreeImporter
LogPluginManager: Mounting plugin DatasmithContent
LogPluginManager: Mounting plugin AlembicImporter
LogPluginManager: Mounting plugin AppleImageUtils
LogPluginManager: Mounting plugin AppleVision
LogPluginManager: Mounting plugin BackChannel
LogPluginManager: Mounting plugin CharacterAI
LogPluginManager: Mounting plugin GeometryCache
LogPluginManager: Mounting plugin HTML5Networking
LogPluginManager: Mounting plugin ProxyLODPlugin
LogPluginManager: Mounting plugin MagicLeap
LogPluginManager: Mounting plugin MagicLeapEmulator
LogPluginManager: Mounting plugin MagicLeapMedia
LogPluginManager: Mounting plugin AndroidMedia
LogPluginManager: Mounting plugin AvfMedia
LogPluginManager: Mounting plugin ImgMedia
LogPluginManager: Mounting plugin LinearTimecode
LogPluginManager: Mounting plugin MediaCompositing
LogPluginManager: Mounting plugin MediaPlayerEditor
LogPluginManager: Mounting plugin WmfMedia
LogPluginManager: Mounting plugin TcpMessaging
LogPluginManager: Mounting plugin UdpMessaging
LogPluginManager: Mounting plugin ActorSequence
LogPluginManager: Mounting plugin LevelSequenceEditor
LogPluginManager: Mounting plugin MatineeToLevelSequence
LogPluginManager: Mounting plugin NetcodeUnitTest
LogPluginManager: Mounting plugin NUTUnrealEngine4
LogPluginManager: Mounting plugin OnlineSubsystemGooglePlay
LogPluginManager: Mounting plugin OnlineSubsystemIOS
LogPluginManager: Mounting plugin OnlineSubsystem
LogPluginManager: Mounting plugin OnlineSubsystemNull
LogPluginManager: Mounting plugin OnlineSubsystemUtils
LogPluginManager: Mounting plugin LauncherChunkInstaller
LogPluginManager: Mounting plugin AndroidDeviceProfileSelector
LogPluginManager: Mounting plugin AndroidMoviePlayer
LogPluginManager: Mounting plugin AndroidPermission
LogPluginManager: Mounting plugin AppleMoviePlayer
LogPluginManager: Mounting plugin ArchVisCharacter
LogPluginManager: Mounting plugin AudioCapture
LogPluginManager: Mounting plugin CableComponent
LogPluginManager: Mounting plugin CustomMeshComponent
LogPluginManager: Mounting plugin EditableMesh
LogPluginManager: Mounting plugin ExampleDeviceProfileSelector
LogPluginManager: Mounting plugin GoogleCloudMessaging
LogPluginManager: Mounting plugin ImmediatePhysics
LogPluginManager: Mounting plugin IOSDeviceProfileSelector
LogPluginManager: Mounting plugin LinuxDeviceProfileSelector
LogPluginManager: Mounting plugin LocationServicesBPLibrary
LogPluginManager: Mounting plugin MobilePatchingUtils
LogPluginManager: Mounting plugin OculusVR
LogPluginManager: Plugin shader directory ../../../Engine/Plugins/Runtime/Oculus/OculusVR/Shaders found
LogPluginManager: Mapping shader source directory ../../../Engine/Plugins/Runtime/Oculus/OculusVR/Shaders to virtual directory /Plugin/OculusVR
LogPluginManager: Mounting plugin PhysXVehicles
LogPluginManager: Mounting plugin ProceduralMeshComponent
LogPluginManager: Mounting plugin RuntimePhysXCooking
LogPluginManager: Mounting plugin SteamVR
LogPluginManager: Mounting plugin WindowsMoviePlayer
LogStreaming: Display: Took  1.390s to configure plugins.
LogInit: Using libcurl 7.55.1-DEV
LogInit:  - built for x86_64-pc-win32
LogInit:  - supports SSL with OpenSSL/1.0.2h
LogInit:  - supports HTTP deflate (compression) using libz 1.2.8
LogInit:  - other features:
LogInit:      CURL_VERSION_SSL
LogInit:      CURL_VERSION_LIBZ
LogInit:      CURL_VERSION_IPV6
LogInit:      CURL_VERSION_ASYNCHDNS
LogInit:      CURL_VERSION_LARGEFILE
LogInit:      CURL_VERSION_IDN
LogInit:  CurlRequestOptions (configurable via config and command line):
LogInit:  - bVerifyPeer = false  - Libcurl will NOT verify peer certificate
LogInit:  - bUseHttpProxy = false  - Libcurl will NOT use HTTP proxy
LogInit:  - bDontReuseConnections = false  - Libcurl will reuse connections
LogInit:  - CertBundlePath = nullptr  - Libcurl will use whatever was configured at build time.
LogInit:  - MaxHostConnections = 16  - Libcurl will limit the number of connections to a host
LogInit:  - LocalHostAddr = Default
LogInit:  - BufferSize = 65536
LogInit: WinSock: version 1.1 (2.2), MaxSocks=32767, MaxUdp=65467
LogInit: Build: ++UE4+Release-4.20-CL-4369336
LogInit: Engine Version: 4.20.3-4369336+++UE4+Release-4.20
LogInit: Compatible Engine Version: 4.20.0-4212847+++UE4+Release-4.20
LogInit: Net CL: 4212847
LogInit: OS: Windows 10 (), CPU:         Intel(R) Core(TM) i3-2100 CPU @ 3.10GHz, GPU: NVIDIA GeForce GTX 970
LogInit: Compiled (64-bit): Sep 17 2018 12:26:19
LogInit: Compiled with Visual C++: 19.13.26129.00
LogInit: Build Configuration: Development
LogInit: Branch Name: ++UE4+Release-4.20
LogInit: Command Line: 
LogInit: Base Directory: C:/Program Files/Epic Games/UE_4.20/Engine/Binaries/Win64/
LogInit: Installed Engine Build: 1
LogDevObjectVersion: Number of dev versions registered: 20
LogDevObjectVersion:   Dev-Blueprints (B0D832E4-1F89-4F0D-ACCF-7EB736FD4AA2): 10
LogDevObjectVersion:   Dev-Build (E1C64328-A22C-4D53-A36C-8E866417BD8C): 0
LogDevObjectVersion:   Dev-Core (375EC13C-06E4-48FB-B500-84F0262A717E): 2
LogDevObjectVersion:   Dev-Editor (E4B068ED-F494-42E9-A231-DA0B2E46BB41): 24
LogDevObjectVersion:   Dev-Framework (CFFC743F-43B0-4480-9391-14DF171D2073): 34
LogDevObjectVersion:   Dev-Mobile (B02B49B5-BB20-44E9-A304-32B752E40360): 2
LogDevObjectVersion:   Dev-Networking (A4E4105C-59A1-49B5-A7C5-40C4547EDFEE): 0
LogDevObjectVersion:   Dev-Online (39C831C9-5AE6-47DC-9A44-9C173E1C8E7C): 0
LogDevObjectVersion:   Dev-Physics (78F01B33-EBEA-4F98-B9B4-84EACCB95AA2): 0
LogDevObjectVersion:   Dev-Platform (6631380F-2D4D-43E0-8009-CF276956A95A): 0
LogDevObjectVersion:   Dev-Rendering (12F88B9F-8875-4AFC-A67C-D90C383ABD29): 26
LogDevObjectVersion:   Dev-Sequencer (7B5AE74C-D270-4C10-A958-57980B212A5A): 9
LogDevObjectVersion:   Dev-VR (D7296918-1DD6-4BDD-9DE2-64A83CC13884): 2
LogDevObjectVersion:   Dev-LoadTimes (C2A15278-BFE7-4AFE-6C17-90FF531DF755): 1
LogDevObjectVersion:   Private-Geometry (6EACA3D4-40EC-4CC1-B786-8BED09428FC5): 3
LogDevObjectVersion:   Dev-AnimPhys (29E575DD-E0A3-4627-9D10-D276232CDCEA): 17
LogDevObjectVersion:   Dev-ReflectionCapture (6B266CEC-1EC7-4B8F-A30B-E4D90942FC07): 1
LogDevObjectVersion:   Dev-Automation (0DF73D61-A23F-47EA-B727-89E90C41499A): 1
LogDevObjectVersion:   FortniteMain (601D1886-AC64-4F84-AA16-D3DE0DEAC7D6): 12
LogDevObjectVersion:   Dev-Enterprise (9DFFBCD6-494F-0158-E221-12823C92A888): 1
LogStreaming: Display: Took  0.261s to delete old logs.
LogInit: Presizing for max 8388607 objects, including 0 objects not considered by GC, pre-allocating 0 bytes for permanent pool.
LogInit: Object subsystem initialized
[2018.12.03-02.34.07:416][  0]LogInit: Selected Device Profile: [Windows]
[2018.12.03-02.34.07:437][  0]LogInit: Applying CVar settings loaded from the selected device profile: [Windows]
[2018.12.03-02.34.07:569][  0]LogHAL: Display: Platform has ~ 8 GB [8571604992 / 8589934592 / 8], which maps to Default [LargestMinGB=32, LargerMinGB=12, DefaultMinGB=8, SmallerMinGB=6, SmallestMinGB=0)
[2018.12.03-02.34.07:712][  0]LogInit: Setting Device Profile CVar: [[r.Vulkan.UseRealUBs:1]]
[2018.12.03-02.34.07:712][  0]LogInit: Going up to parent DeviceProfile []
[2018.12.03-02.34.08:209][  0]LogInit: Computer: ANNIE
[2018.12.03-02.34.08:209][  0]LogInit: User: Asher
[2018.12.03-02.34.08:209][  0]LogInit: CPU Page size=4096, Cores=2
[2018.12.03-02.34.08:209][  0]LogInit: High frequency timer resolution =3.020478 MHz
[2018.12.03-02.34.08:210][  0]LogMemory: Memory total: Physical=8.0GB (8GB approx)
[2018.12.03-02.34.08:268][  0]LogMemory: Platform Memory Stats for Windows
[2018.12.03-02.34.08:268][  0]LogMemory: Process Physical Memory: 101.29 MB used, 101.29 MB peak
[2018.12.03-02.34.08:268][  0]LogMemory: Process Virtual Memory: 84.20 MB used, 84.20 MB peak
[2018.12.03-02.34.08:268][  0]LogMemory: Physical Memory: 4460.53 MB used,  3713.99 MB free, 8174.52 MB total
[2018.12.03-02.34.08:268][  0]LogMemory: Virtual Memory: 4616.63 MB used,  3713.99 MB free, 134217728.00 MB total
[2018.12.03-02.34.13:322][  0]LogInit: Using OS detected language (en-US).
[2018.12.03-02.34.13:322][  0]LogInit: Using OS detected locale (en-US).
[2018.12.03-02.34.13:719][  0]LogTextLocalizationManager: No specific localization for 'en-US' exists, so the 'en' localization will be used.
[2018.12.03-02.34.22:561][  0]LogStreaming: Display: Took  9.266s to InitEngineTextLocalization.
[2018.12.03-02.34.22:561][  0]LogInit: Setting process to per monitor DPI aware
[2018.12.03-02.34.25:478][  0]LogSlate: New Slate User Created.  User Index 0, Is Virtual User: 0
[2018.12.03-02.34.25:479][  0]LogSlate: Slate User Registered.  User Index 0, Is Virtual User: 0
[2018.12.03-02.34.51:927][  0]LogHMD: Failed to initialize OpenVR with code 110
[2018.12.03-02.34.51:993][  0]LogD3D11RHI: D3D11 adapters:
[2018.12.03-02.34.53:511][  0]LogD3D11RHI:    0. 'NVIDIA GeForce GTX 970' (Feature Level 11_0)
[2018.12.03-02.34.53:511][  0]LogD3D11RHI:       4043/0/4087 MB DedicatedVideo/DedicatedSystem/SharedSystem, Outputs:2, VendorId:0x10de
[2018.12.03-02.34.53:513][  0]LogD3D11RHI:    1. 'Microsoft Basic Render Driver' (Feature Level 11_0)
[2018.12.03-02.34.53:513][  0]LogD3D11RHI:       0/0/4087 MB DedicatedVideo/DedicatedSystem/SharedSystem, Outputs:0, VendorId:0x1414
[2018.12.03-02.34.53:513][  0]LogD3D11RHI: Chosen D3D11 Adapter: 0
[2018.12.03-02.34.53:522][  0]LogD3D11RHI: Creating new Direct3DDevice
[2018.12.03-02.34.53:522][  0]LogD3D11RHI:     GPU DeviceId: 0x13c2 (for the marketing name, search the web for "GPU Device Id")
[2018.12.03-02.34.53:540][  0]LogWindows: EnumDisplayDevices:
[2018.12.03-02.34.53:540][  0]LogWindows:    0. 'NVIDIA GeForce GTX 970' (P:1 D:1)
[2018.12.03-02.34.53:540][  0]LogWindows:    1. 'NVIDIA GeForce GTX 970' (P:0 D:1)
[2018.12.03-02.34.53:541][  0]LogWindows:    2. 'NVIDIA GeForce GTX 970' (P:0 D:0)
[2018.12.03-02.34.53:541][  0]LogWindows:    3. 'NVIDIA GeForce GTX 970' (P:0 D:0)
[2018.12.03-02.34.53:541][  0]LogWindows: DebugString: FoundDriverCount:4 
[2018.12.03-02.34.53:541][  0]LogD3D11RHI:     Adapter Name: NVIDIA GeForce GTX 970
[2018.12.03-02.34.53:572][  0]LogD3D11RHI:   Driver Version: 411.70 (internal:24.21.14.1170, unified:411.70)
[2018.12.03-02.34.53:572][  0]LogD3D11RHI:      Driver Date: 9-25-2018
[2018.12.03-02.34.53:572][  0]LogRHI: Texture pool is 2830 MB (70% of 4043 MB)
[2018.12.03-02.34.54:211][  0]LogD3D11RHI: Async texture creation enabled
[2018.12.03-02.34.54:848][  0]LogD3D11RHI: GPU Timing Frequency: 1000.000000 (Debug: 2 2)
[2018.12.03-02.34.55:138][  0]LogShaderCompilers: Guid format shader working directory is -37 characters bigger than the processId version (../../../../../../Users/Asher/OneDrive - George Mason University/GAME310_RamboBambi/Intermediate/Shaders/WorkingDirectory/8320/).
[2018.12.03-02.34.55:138][  0]LogShaderCompilers: Cleaned the shader compiler working directory 'C:/Users/Asher/AppData/Local/Temp/UnrealShaderWorkingDir/D446BA3345DC56F37EB795916C9F6BC3/'.
[2018.12.03-02.35.06:060][  0]LogTemp: Display: Loaded TP AllDesktopTargetPlatform
[2018.12.03-02.35.06:221][  0]LogTemp: Display: Loaded TP MacClientTargetPlatform
[2018.12.03-02.35.06:357][  0]LogTemp: Display: Loaded TP MacNoEditorTargetPlatform
[2018.12.03-02.35.06:502][  0]LogTemp: Display: Loaded TP MacServerTargetPlatform
[2018.12.03-02.35.06:740][  0]LogTemp: Display: Loaded TP MacTargetPlatform
[2018.12.03-02.35.06:989][  0]LogTemp: Display: Loaded TP WindowsClientTargetPlatform
[2018.12.03-02.35.07:227][  0]LogTemp: Display: Loaded TP WindowsNoEditorTargetPlatform
[2018.12.03-02.35.07:433][  0]LogTemp: Display: Loaded TP WindowsServerTargetPlatform
[2018.12.03-02.35.07:606][  0]LogTemp: Display: Loaded TP WindowsTargetPlatform
[2018.12.03-02.35.08:253][  0]LogTemp: Display: Loaded TP AndroidTargetPlatform
[2018.12.03-02.35.08:253][  0]LogTemp: Display: Loaded TP AndroidTargetPlatform
[2018.12.03-02.35.08:253][  0]LogTemp: Display: Loaded TP AndroidTargetPlatform
[2018.12.03-02.35.08:253][  0]LogTemp: Display: Loaded TP AndroidTargetPlatform
[2018.12.03-02.35.08:253][  0]LogTemp: Display: Loaded TP AndroidTargetPlatform
[2018.12.03-02.35.08:253][  0]LogTemp: Display: Loaded TP AndroidTargetPlatform
[2018.12.03-02.35.08:253][  0]LogTemp: Display: Loaded TP AndroidTargetPlatform
[2018.12.03-02.35.08:253][  0]LogTemp: Display: Loaded TP AndroidTargetPlatform
[2018.12.03-02.35.08:253][  0]LogTemp: Display: Loaded TP AndroidTargetPlatform
[2018.12.03-02.35.08:253][  0]LogTemp: Display: Loaded TP AndroidTargetPlatform
[2018.12.03-02.35.08:253][  0]LogTemp: Display: Loaded TP AndroidTargetPlatform
[2018.12.03-02.35.08:253][  0]LogTemp: Display: Loaded TP AndroidTargetPlatform
[2018.12.03-02.35.08:253][  0]LogTemp: Display: Loaded TP AndroidTargetPlatform
[2018.12.03-02.35.08:253][  0]LogTemp: Display: Loaded TP AndroidTargetPlatform
[2018.12.03-02.35.08:253][  0]LogTemp: Display: Loaded TP AndroidTargetPlatform
[2018.12.03-02.35.08:253][  0]LogTemp: Display: Loaded TP AndroidTargetPlatform
[2018.12.03-02.35.08:253][  0]LogTemp: Display: Loaded TP AndroidTargetPlatform
[2018.12.03-02.35.08:253][  0]LogTemp: Display: Loaded TP AndroidTargetPlatform
[2018.12.03-02.35.08:605][  0]LogTemp: Display: Loaded TP HTML5TargetPlatform
[2018.12.03-02.35.09:881][  0]LogTemp: Display: Loaded TP IOSTargetPlatform
[2018.12.03-02.35.09:881][  0]LogTemp: Display: Loaded TP IOSTargetPlatform
[2018.12.03-02.35.10:039][  0]LogTemp: Display: Loaded TP TVOSTargetPlatform
[2018.12.03-02.35.10:039][  0]LogTemp: Display: Loaded TP TVOSTargetPlatform
[2018.12.03-02.35.10:977][  0]LogTemp: Display: Loaded TP LinuxClientTargetPlatform
[2018.12.03-02.35.11:337][  0]LogTemp: Display: Loaded TP LinuxNoEditorTargetPlatform
[2018.12.03-02.35.11:930][  0]LogTemp: Display: Loaded TP LinuxServerTargetPlatform
[2018.12.03-02.35.12:271][  0]LogTemp: Display: Loaded TP LinuxTargetPlatform
[2018.12.03-02.35.12:437][  0]LogTemp: Display: Loaded TP LuminTargetPlatform
[2018.12.03-02.35.12:437][  0]LogTargetPlatformManager: Display: Building Assets For Windows
[2018.12.03-02.35.19:511][  0]LogXGEController: Cleaning working directory: C:/Users/Asher/AppData/Local/Temp/UnrealXGEWorkingDir/
[2018.12.03-02.35.19:511][  0]LogXGEController: Cannot use XGE Controller as Incredibuild is not installed on this machine.
[2018.12.03-02.35.19:511][  0]LogShaderCompilers: Cannot use XGE Shader Compiler as Incredibuild is not installed on this machine.
[2018.12.03-02.35.19:511][  0]LogShaderCompilers: Display: Using Local Shader Compiler.
[2018.12.03-02.35.42:518][  0]LogDerivedDataCache: Display: Max Cache Size: 512 MB
[2018.12.03-02.36.02:206][  0]LogDerivedDataCache: Loaded boot cache 19.61s 71MB C:/Users/Asher/AppData/Local/UnrealEngine/4.20/DerivedDataCache/Boot.ddc.
[2018.12.03-02.36.02:206][  0]LogDerivedDataCache: Display: Loaded Boot cache: C:/Users/Asher/AppData/Local/UnrealEngine/4.20/DerivedDataCache/Boot.ddc
[2018.12.03-02.36.02:206][  0]LogDerivedDataCache: FDerivedDataBackendGraph:  Pak pak cache file ../../../../../../Users/Asher/OneDrive - George Mason University/GAME310_RamboBambi/DerivedDataCache/DDC.ddp not found, will not use a pak cache.
[2018.12.03-02.36.02:206][  0]LogDerivedDataCache: Unable to find inner node Pak for hierarchical cache Hierarchy.
[2018.12.03-02.36.02:206][  0]LogDerivedDataCache: FDerivedDataBackendGraph:  CompressedPak pak cache file ../../../../../../Users/Asher/OneDrive - George Mason University/GAME310_RamboBambi/DerivedDataCache/Compressed.ddp not found, will not use a pak cache.
[2018.12.03-02.36.02:206][  0]LogDerivedDataCache: Unable to find inner node CompressedPak for hierarchical cache Hierarchy.
[2018.12.03-02.36.02:306][  0]LogDerivedDataCache: Display: Pak cache opened for reading ../../../Engine/DerivedDataCache/Compressed.ddp.
[2018.12.03-02.36.02:410][  0]LogDerivedDataCache: Using Local data cache path C:/Users/Asher/AppData/Local/UnrealEngine/Common/DerivedDataCache: Writable
[2018.12.03-02.36.02:410][  0]LogDerivedDataCache: Shared data cache path not found in *engine.ini, will not use an Shared cache.
[2018.12.03-02.36.02:410][  0]LogDerivedDataCache: Unable to find inner node Shared for hierarchical cache Hierarchy.
[2018.12.03-02.36.02:626][  0]LogMaterial: Verifying Global Shaders for PCD3D_SM5
[2018.12.03-02.36.03:133][  0]LogSlate: Using FreeType 2.6.0
[2018.12.03-02.36.03:309][  0]LogSlate: SlateFontServices - WITH_FREETYPE: 1, WITH_HARFBUZZ: 1
[2018.12.03-02.36.18:316][  0]LogAssetRegistry: FAssetRegistry took 0.2410 seconds to start up
[2018.12.03-02.36.28:677][  0]LogInit: Selected Device Profile: [Windows]
[2018.12.03-02.36.40:051][  0]LogSimplygon: Simplygon DLL not present - disabling.
[2018.12.03-02.36.41:398][  0]LogMeshReduction: Using SimplygonSwarm for distributed automatic mesh merging
[2018.12.03-02.36.41:429][  0]LogMeshReduction: Using ProxyLODMeshReduction for automatic mesh merging
[2018.12.03-02.36.41:474][  0]LogMeshReduction: Using QuadricMeshReduction for automatic static mesh reduction
[2018.12.03-02.36.41:474][  0]LogMeshReduction: No automatic skeletal mesh reduction module available
[2018.12.03-02.36.43:493][  0]LogNetVersion: GAME310_RamboBambi 1.0.0, NetCL: 4212847, EngineNetVer: 5, GameNetVer: 0 (Checksum: 251346224)
[2018.12.03-02.37.11:438][  0]LogPackageLocalizationCache: Processed 11 localized package path(s) for 2 prioritized culture(s) in 0.516216 seconds
[2018.12.03-02.37.11:514][  0]LogUObjectArray: 38425 objects as part of root set at end of initial load.
[2018.12.03-02.37.11:514][  0]LogUObjectAllocator: 6690872 out of 0 bytes used by permanent object pool.
[2018.12.03-02.37.11:514][  0]LogUObjectArray: CloseDisregardForGC: 0/0 objects in disregard for GC pool
[2018.12.03-02.38.52:698][  0]LogTcpMessaging: Initializing TcpMessaging bridge
[2018.12.03-02.38.52:776][  0]LogUdpMessaging: Initializing bridge on interface 0.0.0.0:0 to multicast group 230.0.0.1:6666.
[2018.12.03-02.38.54:815][  0]SourceControl: Source control is disabled
[2018.12.03-02.38.54:815][  0]SourceControl: Source control is disabled
[2018.12.03-02.38.54:903][  0]SourceControl: Source control is disabled
[2018.12.03-02.38.54:920][  0]SourceControl: Source control is disabled
[2018.12.03-02.38.57:773][  0]LogAndroidPermission: UAndroidPermissionCallbackProxy::GetInstance
[2018.12.03-02.38.59:999][  0]LogOcInput: OculusInput pre-init called
[2018.12.03-02.39.05:548][  0]LogAutomationTest: Warning: Smoke tests took > 2s to run: 2.01s
[2018.12.03-02.39.06:225][  0]LogEngine: Initializing Engine...
[2018.12.03-02.39.06:990][  0]LogHMD: Failed to initialize OpenVR with code 110
[2018.12.03-02.39.07:364][  0]LogStats: UGameplayTagsManager::ConstructGameplayTagTree: ImportINI prefixes -  0.043 s
[2018.12.03-02.39.07:364][  0]LogStats: UGameplayTagsManager::ConstructGameplayTagTree: Construct from data asset -  0.000 s
[2018.12.03-02.39.07:364][  0]LogStats: UGameplayTagsManager::ConstructGameplayTagTree: ImportINI -  0.000 s
[2018.12.03-02.39.07:409][  0]LogStats: UGameplayTagsManager::ConstructGameplayTagTree: GameplayTagTreeChangedEvent.Broadcast -  0.045 s
[2018.12.03-02.39.07:877][  0]LogInit: Initializing FReadOnlyCVARCache
[2018.12.03-02.39.08:333][  0]LogAIModule: Creating AISystem for world Untitled
[2018.12.03-02.39.08:608][  0]LogInit: XAudio2 using 'Headphones (2- INSIGNIA NS-CAHBTOE01 Stereo)' : 2 channels at 44.1 kHz using 16 bits per sample (channel mask 0x3)
[2018.12.03-02.39.08:658][  0]LogInit: FAudioDevice initialized.
[2018.12.03-02.39.08:659][  0]LogNetVersion: Set ProjectVersion to 1.0.0.0. Version Checksum will be recalculated on next use.
[2018.12.03-02.39.09:022][  0]LogDerivedDataCache: Saved boot cache 0.36s 71MB C:/Users/Asher/AppData/Local/UnrealEngine/4.20/DerivedDataCache/Boot.ddc.
[2018.12.03-02.39.09:040][  0]LogInit: Texture streaming: Enabled
[2018.12.03-02.39.09:197][  0]LogEngineSessionManager: EngineSessionManager initialized
[2018.12.03-02.39.09:198][  0]LogEngineSessionManager: EngineSessionManager sent abnormal shutdown report. Type=AbnormalShutdown, SessionId={704F91FB-4119-4F7F-0306-9AB7CD2876C3}
[2018.12.03-02.39.09:921][  0]LogInit: Transaction tracking system initialized
[2018.12.03-02.39.11:484][  0]BlueprintLog: New page: Editor Load
[2018.12.03-02.39.14:595][  0]LocalizationService: Localization service is disabled
[2018.12.03-02.39.19:414][  0]LogFileCache: Scanning file cache for directory 'C:/Users/Asher/OneDrive - George Mason University/GAME310_RamboBambi/Content/' took 0.03s
[2018.12.03-02.39.19:414][  0]LogCook: Display: Max memory allowance for cook 16384mb min free memory 0mb
[2018.12.03-02.39.19:414][  0]LogCook: Display: Mobile HDR setting 1
[2018.12.03-02.39.19:465][  0]LogGameplayTags: Display: UGameplayTagsManager::DoneAddingNativeTags. DelegateIsBound: 0
[2018.12.03-02.39.19:465][  0]LogStats: UGameplayTagsManager::ConstructGameplayTagTree: ImportINI prefixes -  0.000 s
[2018.12.03-02.39.19:465][  0]LogStats: UGameplayTagsManager::ConstructGameplayTagTree: Construct from data asset -  0.000 s
[2018.12.03-02.39.19:465][  0]LogStats: UGameplayTagsManager::ConstructGameplayTagTree: ImportINI -  0.000 s
[2018.12.03-02.39.19:466][  0]LogStats: UGameplayTagsManager::ConstructGameplayTagTree: GameplayTagTreeChangedEvent.Broadcast -  0.000 s
[2018.12.03-02.39.45:297][  0]SourceControl: Source control is disabled
[2018.12.03-02.39.45:361][  0]Cmd: MAP LOAD FILE="../../../../../../Users/Asher/OneDrive - George Mason University/GAME310_RamboBambi/Content/Levels/Level1/Level1.umap" TEMPLATE=0 SHOWPROGRESS=1 FEATURELEVEL=3
[2018.12.03-02.39.45:468][  0]LightingResults: New page: Lighting Build
[2018.12.03-02.39.46:036][  0]MapCheck: New page: Map Check
[2018.12.03-02.39.46:036][  0]LightingResults: New page: Lighting Build
[2018.12.03-02.40.24:832][  0]LogAIModule: Creating AISystem for world Level1
[2018.12.03-02.40.27:222][  0]LogEditorServer: Finished looking for orphan Actors (0.000 secs)
[2018.12.03-02.40.27:913][  0]Cmd: MAP CHECKDEP NOCLEARLOG
[2018.12.03-02.40.28:377][  0]MapCheck: Map check complete: 0 Error(s), 0 Warning(s), took 463.579ms to complete.
[2018.12.03-02.40.28:419][  0]LogFileHelpers: Loading map 'Level1' took 43.058
[2018.12.03-02.40.36:525][  0]LogSlate: Updating window title bar state: overlay mode, drag disabled, window buttons hidden, title bar hidden
[2018.12.03-02.40.36:646][  0]LogSlate: Updating window title bar state: overlay mode, drag disabled, window buttons hidden, title bar hidden
[2018.12.03-02.40.36:656][  0]LogSlate: Updating window title bar state: overlay mode, drag disabled, window buttons hidden, title bar hidden
[2018.12.03-02.40.36:668][  0]LogSlate: Updating window title bar state: overlay mode, drag disabled, window buttons hidden, title bar hidden
[2018.12.03-02.40.37:530][  0]LogCollectionManager: Loaded 0 collections in 0.003517 seconds
[2018.12.03-02.40.39:904][  0]LogFileCache: Scanning file cache for directory 'C:/Users/Asher/OneDrive - George Mason University/GAME310_RamboBambi/Saved/Collections/' took 0.01s
[2018.12.03-02.40.39:904][  0]LogFileCache: Scanning file cache for directory 'C:/Users/Asher/OneDrive - George Mason University/GAME310_RamboBambi/Content/Developers/Asher/Collections/' took 0.01s
[2018.12.03-02.40.39:904][  0]LogFileCache: Scanning file cache for directory 'C:/Users/Asher/OneDrive - George Mason University/GAME310_RamboBambi/Content/Collections/' took 0.01s
[2018.12.03-02.40.39:904][  0]LogCollectionManager: Rebuilt the GUID cache for 0 collections in 0.000001 seconds
[2018.12.03-02.40.40:093][  0]LogContentBrowser: Native class hierarchy populated in 0.0568 seconds. Added 2572 classes and 603 folders.
[2018.12.03-02.40.41:100][  0]LogContentBrowser: Native class hierarchy updated for 'WidgetCarousel' in 0.0003 seconds. Added 0 classes and 0 folders.
[2018.12.03-02.40.55:456][  0]LogContentBrowser: Native class hierarchy updated for 'AddContentDialog' in 0.0003 seconds. Added 0 classes and 0 folders.
[2018.12.03-02.40.55:551][  0]LogContentBrowser: Native class hierarchy updated for 'SceneOutliner' in 0.0005 seconds. Added 1 classes and 2 folders.
[2018.12.03-02.40.57:556][  0]LogSlate: Took 0.261729 seconds to synchronously load lazily loaded font '../../../Engine/Content/Slate/Fonts/Roboto-Regular.ttf' (155K)
[2018.12.03-02.40.58:001][  0]LogSlate: Took 0.442465 seconds to synchronously load lazily loaded font '../../../Engine/Content/Slate/Fonts/Roboto-Bold.ttf' (160K)
[2018.12.03-02.40.58:036][  0]LogSlate: Took 0.020245 seconds to synchronously load lazily loaded font '../../../Engine/Content/Editor/Slate/Fonts/FontAwesome.ttf' (139K)
[2018.12.03-02.40.58:569][  0]LogRenderer: Reallocating scene render targets to support 1212x808 Format 10 NumSamples 1 (Frame:1).
[2018.12.03-02.41.00:765][  0]LogContentBrowser: Native class hierarchy updated for 'HierarchicalLODOutliner' in 0.0004 seconds. Added 0 classes and 0 folders.
[2018.12.03-02.41.00:765][  0]LogLoad: (Engine Initialization) Total time: 495.42 seconds
[2018.12.03-02.41.00:765][  0]LogLoad: (Engine Initialization) Total Blueprint compile time: 0.00 seconds
[2018.12.03-02.41.01:371][  0]LogContentStreaming: Texture pool size now 1000 MB
[2018.12.03-02.41.02:307][  1]LogFileCache: Retrieving MD5 hashes for directory 'C:/Users/Asher/OneDrive - George Mason University/GAME310_RamboBambi/Content/' took 1.49s
[2018.12.03-02.41.03:890][  2]LogSlate: Took 0.333282 seconds to synchronously load lazily loaded font '../../../Engine/Content/Slate/Fonts/Roboto-Light.ttf' (167K)
[2018.12.03-02.41.03:928][  3]LogAssetRegistry: Asset discovery search completed in 285.6341 seconds
[2018.12.03-02.41.03:965][  3]LogCollectionManager: Rebuilt the object cache for 0 collections in 0.000001 seconds (found 0 objects)
[2018.12.03-02.41.03:965][  3]LogCollectionManager: Fixed up redirectors for 0 collections in 0.000140 seconds (updated 0 objects)
[2018.12.03-02.41.24:750][ 65]LogSlate: FSceneViewport::OnFocusLost() reason 0
[2018.12.03-02.43.31:435][589]LogEditorViewport: Clicking on Actor (LMB): EnemyBP_C (EnemyBP)
[2018.12.03-02.43.34:351][686]LogSlate: FSceneViewport::OnFocusLost() reason 2
[2018.12.03-02.43.35:731][779]LogSlate: FSceneViewport::OnFocusLost() reason 2
[2018.12.03-02.43.35:737][779]LogAssetEditorManager: Opening Asset editor for Blueprint /Game/EnemyBP.EnemyBP
[2018.12.03-02.43.37:186][779]LogContentBrowser: Native class hierarchy updated for 'BlueprintGraph' in 0.0009 seconds. Added 116 classes and 0 folders.
[2018.12.03-02.43.40:612][779]LogSlate: Took 0.025306 seconds to synchronously load lazily loaded font '../../../Engine/Content/Slate/Fonts/Roboto-BoldCondensed.ttf' (158K)
[2018.12.03-02.43.41:393][780]LogSlate: Took 0.016816 seconds to synchronously load lazily loaded font '../../../Engine/Content/Slate/Fonts/Roboto-Italic.ttf' (157K)
[2018.12.03-02.44.15:504][848]BlueprintLog: New page: Compile EnemyBP
[2018.12.03-02.44.15:753][848]LogActorComponent: RegisterComponentWithWorld: Owner belongs to a DEADCLASS
[2018.12.03-02.44.15:753][848]LogActorComponent: RegisterComponentWithWorld: Owner belongs to a DEADCLASS
[2018.12.03-02.44.15:753][848]LogActorComponent: RegisterComponentWithWorld: Owner belongs to a DEADCLASS
[2018.12.03-02.44.15:753][848]LogActorComponent: RegisterComponentWithWorld: Owner belongs to a DEADCLASS
[2018.12.03-02.44.15:753][848]LogActorComponent: RegisterComponentWithWorld: Owner belongs to a DEADCLASS
[2018.12.03-02.44.15:754][848]LogActorComponent: RegisterComponentWithWorld: Owner belongs to a DEADCLASS
[2018.12.03-02.44.18:067][867]Cmd: OBJ SAVEPACKAGE PACKAGE="/Game/EnemyBP" FILE="../../../../../../Users/Asher/OneDrive - George Mason University/GAME310_RamboBambi/Content/EnemyBP.uasset" SILENT=true
[2018.12.03-02.44.18:355][867]LogSavePackage: Moving '../../../../../../Users/Asher/OneDrive - George Mason University/GAME310_RamboBambi/Saved/EnemyBP7242686D4C24EE65A355349E10EBB78E.tmp' to '../../../../../../Users/Asher/OneDrive - George Mason University/GAME310_RamboBambi/Content/EnemyBP.uasset'
[2018.12.03-02.46.35:195][213]LogSlate: FSceneViewport::OnFocusLost() reason 0
[2018.12.03-02.46.35:349][215]LogTemp: Repeating last play command: New Editor Window (PIE)
[2018.12.03-02.46.35:465][215]LogPlayLevel: PlayLevel: No blueprints needed recompiling
[2018.12.03-02.46.35:577][215]PIE: New page: PIE session: Level1 (Dec 2, 2018, 4:46:35 PM)
[2018.12.03-02.46.35:647][215]LogPlayLevel: Creating play world package: /Game/Levels/Level1/UEDPIE_0_Level1
[2018.12.03-02.46.35:670][215]LogPlayLevel: PIE: StaticDuplicateObject took: (0.023252s)
[2018.12.03-02.46.35:671][215]LogAIModule: Creating AISystem for world Level1
[2018.12.03-02.46.35:672][215]LogPlayLevel: PIE: World Init took: (0.001395s)
[2018.12.03-02.46.35:672][215]LogPlayLevel: PIE: Created PIE world by copying editor world from /Game/Levels/Level1/Level1.Level1 to /Game/Levels/Level1/UEDPIE_0_Level1.Level1 (0.024965s)
[2018.12.03-02.46.35:753][215]LogInit: XAudio2 using 'Headphones (2- INSIGNIA NS-CAHBTOE01 Stereo)' : 2 channels at 44.1 kHz using 16 bits per sample (channel mask 0x3)
[2018.12.03-02.46.35:767][215]LogInit: FAudioDevice initialized.
[2018.12.03-02.46.35:820][215]LogSlate: Updating window title bar state: overlay mode, drag disabled, window buttons hidden, title bar hidden
[2018.12.03-02.46.35:942][215]LogLoad: Game class is 'ThirdPersonGameMode_C'
[2018.12.03-02.46.35:953][215]LogWorld: Bringing World /Game/Levels/Level1/UEDPIE_0_Level1.Level1 up for play (max tick rate 0) at 2018.12.02-21.46.35
[2018.12.03-02.46.36:195][215]LogWorld: Bringing up level for play took: 0.250500
[2018.12.03-02.46.36:300][215]LogSpawn: Warning: SpawnActor failed because no class was specified
[2018.12.03-02.46.36:356][215]LogContentBrowser: Native class hierarchy updated for 'MovieSceneCapture' in 0.0004 seconds. Added 10 classes and 0 folders.
[2018.12.03-02.46.36:562][215]PIE: Play in editor start time for /Game/Levels/Level1/UEDPIE_0_Level1 0.437
[2018.12.03-02.46.37:138][215]LogRenderer: Reallocating scene render targets to support 1292x808 Format 10 NumSamples 1 (Frame:1).
[2018.12.03-02.46.42:769][395]LogCharacterMovement: EnemyBP3_5 is stuck and failed to move! Velocity: X=-23.72 Y=171.10 Z=0.00 Location: X=31.77 Y=-679.99 Z=185.86 Normal: X=0.16 Y=-0.74 Z=-0.65 PenetrationDepth:16.962 Actor:ThirdPersonCharacter_C_0 Component:CameraPositionModifier BoneName:None (0 other events since notify)
[2018.12.03-02.46.44:305][452]LogCharacterMovement: EnemyBP2_2 is stuck and failed to move! Velocity: X=54.19 Y=-80.91 Z=0.00 Location: X=-271.67 Y=-1304.80 Z=288.65 Normal: X=-0.64 Y=0.77 Z=0.00 PenetrationDepth:43.932 Actor:SoundCollision_PlayerStep_C_6 Component:Collision BoneName:None (0 other events since notify)
[2018.12.03-02.46.49:500][649]LogCharacterMovement: EnemyBP4 is stuck and failed to move! Velocity: X=-7.54 Y=461.86 Z=0.00 Location: X=-700.75 Y=-2359.82 Z=472.31 Normal: X=0.37 Y=-0.93 Z=-0.00 PenetrationDepth:19.876 Actor:EnemyBP2_2 Component:CharacterMesh0 BoneName:RightArm (0 other events since notify)
[2018.12.03-02.46.52:474][769]LogCharacterMovement: EnemyBP3_5 is stuck and failed to move! Velocity: X=37.39 Y=-33.36 Z=0.00 Location: X=-33.99 Y=-2732.88 Z=288.65 Normal: X=0.96 Y=-0.27 Z=-0.00 PenetrationDepth:3.320 Actor:EnemyBP2_2 Component:CharacterMesh0 BoneName:LeftArm (1 other events since notify)
[2018.12.03-02.46.53:515][811]LogCharacterMovement: EnemyBP3_5 is stuck and failed to move! Velocity: X=36.33 Y=-32.40 Z=0.00 Location: X=-33.99 Y=-2732.88 Z=288.65 Normal: X=0.78 Y=-0.63 Z=-0.00 PenetrationDepth:19.053 Actor:EnemyBP2_2 Component:CharacterMesh0 BoneName:LeftArm (15 other events since notify)
[2018.12.03-02.46.53:616][815]LogCharacterMovement: EnemyBP_2 is stuck and failed to move! Velocity: X=104.84 Y=-114.21 Z=0.00 Location: X=24.46 Y=-2774.85 Z=288.65 Normal: X=-0.86 Y=0.52 Z=0.00 PenetrationDepth:6.642 Actor:SoundCollision_PlayerStep_C_27 Component:Collision BoneName:None (0 other events since notify)
[2018.12.03-02.46.54:734][853]LogCharacterMovement: EnemyBP3_5 is stuck and failed to move! Velocity: X=32.71 Y=-54.22 Z=0.00 Location: X=-61.44 Y=-2708.21 Z=288.65 Normal: X=0.51 Y=-0.86 Z=0.00 PenetrationDepth:19.363 Actor:EnemyBP2_2 Component:CharacterMesh0 BoneName:LeftArm (1 other events since notify)
[2018.12.03-02.46.55:744][893]LogCharacterMovement: EnemyBP3_5 is stuck and failed to move! Velocity: X=24.58 Y=-40.74 Z=0.00 Location: X=-61.44 Y=-2708.21 Z=288.65 Normal: X=0.56 Y=-0.83 Z=-0.00 PenetrationDepth:18.747 Actor:EnemyBP2_2 Component:CharacterMesh0 BoneName:LeftArm (19 other events since notify)
[2018.12.03-02.46.56:796][933]LogCharacterMovement: EnemyBP3_5 is stuck and failed to move! Velocity: X=26.03 Y=-43.15 Z=0.00 Location: X=-61.44 Y=-2708.21 Z=288.65 Normal: X=0.56 Y=-0.83 Z=-0.00 PenetrationDepth:18.747 Actor:EnemyBP2_2 Component:CharacterMesh0 BoneName:LeftArm (19 other events since notify)
[2018.12.03-02.46.57:796][973]LogCharacterMovement: EnemyBP3_5 is stuck and failed to move! Velocity: X=25.53 Y=-42.32 Z=0.00 Location: X=-61.44 Y=-2708.21 Z=288.65 Normal: X=0.56 Y=-0.83 Z=-0.00 PenetrationDepth:18.747 Actor:EnemyBP2_2 Component:CharacterMesh0 BoneName:LeftArm (19 other events since notify)
[2018.12.03-02.46.58:813][ 14]LogCharacterMovement: EnemyBP3_5 is stuck and failed to move! Velocity: X=25.77 Y=-42.72 Z=0.00 Location: X=-61.44 Y=-2708.21 Z=288.65 Normal: X=0.56 Y=-0.83 Z=-0.00 PenetrationDepth:18.747 Actor:EnemyBP2_2 Component:CharacterMesh0 BoneName:LeftArm (20 other events since notify)
[2018.12.03-02.46.59:820][ 55]LogCharacterMovement: EnemyBP3_5 is stuck and failed to move! Velocity: X=23.75 Y=-39.36 Z=0.00 Location: X=-61.44 Y=-2708.21 Z=288.65 Normal: X=0.56 Y=-0.83 Z=-0.00 PenetrationDepth:18.747 Actor:EnemyBP2_2 Component:CharacterMesh0 BoneName:LeftArm (20 other events since notify)
[2018.12.03-02.47.00:852][ 97]LogCharacterMovement: EnemyBP3_5 is stuck and failed to move! Velocity: X=26.74 Y=-44.33 Z=0.00 Location: X=-61.44 Y=-2708.21 Z=288.65 Normal: X=0.56 Y=-0.83 Z=-0.00 PenetrationDepth:18.747 Actor:EnemyBP2_2 Component:CharacterMesh0 BoneName:LeftArm (20 other events since notify)
[2018.12.03-02.47.01:856][139]LogCharacterMovement: EnemyBP3_5 is stuck and failed to move! Velocity: X=23.61 Y=-39.14 Z=0.00 Location: X=-61.44 Y=-2708.21 Z=288.65 Normal: X=0.56 Y=-0.83 Z=-0.00 PenetrationDepth:18.747 Actor:EnemyBP2_2 Component:CharacterMesh0 BoneName:LeftArm (20 other events since notify)
[2018.12.03-02.47.02:870][181]LogCharacterMovement: EnemyBP3_5 is stuck and failed to move! Velocity: X=23.83 Y=-39.50 Z=0.00 Location: X=-61.44 Y=-2708.21 Z=288.65 Normal: X=0.56 Y=-0.83 Z=-0.00 PenetrationDepth:18.747 Actor:EnemyBP2_2 Component:CharacterMesh0 BoneName:LeftArm (21 other events since notify)
[2018.12.03-02.47.03:907][224]LogCharacterMovement: EnemyBP3_5 is stuck and failed to move! Velocity: X=24.52 Y=-40.64 Z=0.00 Location: X=-61.44 Y=-2708.21 Z=288.65 Normal: X=0.56 Y=-0.83 Z=-0.00 PenetrationDepth:18.747 Actor:EnemyBP2_2 Component:CharacterMesh0 BoneName:LeftArm (21 other events since notify)
[2018.12.03-02.47.04:930][266]LogCharacterMovement: EnemyBP3_5 is stuck and failed to move! Velocity: X=26.99 Y=-44.75 Z=0.00 Location: X=-61.44 Y=-2708.21 Z=288.65 Normal: X=0.56 Y=-0.83 Z=-0.00 PenetrationDepth:18.747 Actor:EnemyBP2_2 Component:CharacterMesh0 BoneName:LeftArm (20 other events since notify)
[2018.12.03-02.47.05:948][308]LogCharacterMovement: EnemyBP3_5 is stuck and failed to move! Velocity: X=25.09 Y=-41.58 Z=0.00 Location: X=-61.44 Y=-2708.21 Z=288.65 Normal: X=0.56 Y=-0.83 Z=-0.00 PenetrationDepth:18.747 Actor:EnemyBP2_2 Component:CharacterMesh0 BoneName:LeftArm (20 other events since notify)
[2018.12.03-02.47.06:950][349]LogCharacterMovement: EnemyBP3_5 is stuck and failed to move! Velocity: X=23.92 Y=-39.65 Z=0.00 Location: X=-61.44 Y=-2708.21 Z=288.65 Normal: X=0.56 Y=-0.83 Z=-0.00 PenetrationDepth:18.747 Actor:EnemyBP2_2 Component:CharacterMesh0 BoneName:LeftArm (20 other events since notify)
[2018.12.03-02.47.07:951][389]LogCharacterMovement: EnemyBP3_5 is stuck and failed to move! Velocity: X=25.22 Y=-41.81 Z=0.00 Location: X=-61.44 Y=-2708.21 Z=288.65 Normal: X=0.56 Y=-0.83 Z=-0.00 PenetrationDepth:18.747 Actor:EnemyBP2_2 Component:CharacterMesh0 BoneName:LeftArm (19 other events since notify)
[2018.12.03-02.47.08:987][431]LogCharacterMovement: EnemyBP3_5 is stuck and failed to move! Velocity: X=24.13 Y=-40.00 Z=0.00 Location: X=-61.44 Y=-2708.21 Z=288.65 Normal: X=0.56 Y=-0.83 Z=-0.00 PenetrationDepth:18.747 Actor:EnemyBP2_2 Component:CharacterMesh0 BoneName:LeftArm (20 other events since notify)
[2018.12.03-02.47.09:987][471]LogCharacterMovement: EnemyBP3_5 is stuck and failed to move! Velocity: X=27.27 Y=-45.21 Z=0.00 Location: X=-61.44 Y=-2708.21 Z=288.65 Normal: X=0.56 Y=-0.83 Z=-0.00 PenetrationDepth:18.747 Actor:EnemyBP2_2 Component:CharacterMesh0 BoneName:LeftArm (19 other events since notify)
[2018.12.03-02.47.11:010][513]LogCharacterMovement: EnemyBP3_5 is stuck and failed to move! Velocity: X=26.06 Y=-43.20 Z=0.00 Location: X=-61.44 Y=-2708.21 Z=288.65 Normal: X=0.56 Y=-0.83 Z=-0.00 PenetrationDepth:18.747 Actor:EnemyBP2_2 Component:CharacterMesh0 BoneName:LeftArm (20 other events since notify)
[2018.12.03-02.47.12:035][555]LogCharacterMovement: EnemyBP3_5 is stuck and failed to move! Velocity: X=26.11 Y=-43.28 Z=0.00 Location: X=-61.44 Y=-2708.21 Z=288.65 Normal: X=0.56 Y=-0.83 Z=-0.00 PenetrationDepth:18.747 Actor:EnemyBP2_2 Component:CharacterMesh0 BoneName:LeftArm (21 other events since notify)
[2018.12.03-02.47.13:053][597]LogCharacterMovement: EnemyBP3_5 is stuck and failed to move! Velocity: X=26.31 Y=-43.61 Z=0.00 Location: X=-61.44 Y=-2708.21 Z=288.65 Normal: X=0.56 Y=-0.83 Z=-0.00 PenetrationDepth:18.747 Actor:EnemyBP2_2 Component:CharacterMesh0 BoneName:LeftArm (20 other events since notify)
[2018.12.03-02.47.14:090][640]LogCharacterMovement: EnemyBP3_5 is stuck and failed to move! Velocity: X=26.53 Y=-43.98 Z=0.00 Location: X=-61.44 Y=-2708.21 Z=288.65 Normal: X=0.56 Y=-0.83 Z=-0.00 PenetrationDepth:18.747 Actor:EnemyBP2_2 Component:CharacterMesh0 BoneName:LeftArm (21 other events since notify)
[2018.12.03-02.47.15:132][682]LogCharacterMovement: EnemyBP3_5 is stuck and failed to move! Velocity: X=25.45 Y=-42.18 Z=0.00 Location: X=-61.44 Y=-2708.21 Z=288.65 Normal: X=0.56 Y=-0.83 Z=-0.00 PenetrationDepth:18.747 Actor:EnemyBP2_2 Component:CharacterMesh0 BoneName:LeftArm (20 other events since notify)
[2018.12.03-02.47.16:153][724]LogCharacterMovement: EnemyBP3_5 is stuck and failed to move! Velocity: X=24.65 Y=-40.85 Z=0.00 Location: X=-61.44 Y=-2708.21 Z=288.65 Normal: X=0.56 Y=-0.83 Z=-0.00 PenetrationDepth:18.747 Actor:EnemyBP2_2 Component:CharacterMesh0 BoneName:LeftArm (20 other events since notify)
[2018.12.03-02.47.17:189][767]LogCharacterMovement: EnemyBP3_5 is stuck and failed to move! Velocity: X=24.63 Y=-40.82 Z=0.00 Location: X=-61.44 Y=-2708.21 Z=288.65 Normal: X=0.56 Y=-0.83 Z=-0.00 PenetrationDepth:18.747 Actor:EnemyBP2_2 Component:CharacterMesh0 BoneName:LeftArm (21 other events since notify)
[2018.12.03-02.47.18:210][809]LogCharacterMovement: EnemyBP3_5 is stuck and failed to move! Velocity: X=24.85 Y=-41.19 Z=0.00 Location: X=-61.44 Y=-2708.21 Z=288.65 Normal: X=0.56 Y=-0.83 Z=-0.00 PenetrationDepth:18.747 Actor:EnemyBP2_2 Component:CharacterMesh0 BoneName:LeftArm (20 other events since notify)
[2018.12.03-02.47.19:247][851]LogCharacterMovement: EnemyBP3_5 is stuck and failed to move! Velocity: X=25.11 Y=-41.62 Z=0.00 Location: X=-61.44 Y=-2708.21 Z=288.65 Normal: X=0.56 Y=-0.83 Z=-0.00 PenetrationDepth:18.747 Actor:EnemyBP2_2 Component:CharacterMesh0 BoneName:LeftArm (20 other events since notify)
[2018.12.03-02.47.20:255][892]LogCharacterMovement: EnemyBP3_5 is stuck and failed to move! Velocity: X=25.74 Y=-42.66 Z=0.00 Location: X=-61.44 Y=-2708.21 Z=288.65 Normal: X=0.56 Y=-0.83 Z=-0.00 PenetrationDepth:18.747 Actor:EnemyBP2_2 Component:CharacterMesh0 BoneName:LeftArm (19 other events since notify)
[2018.12.03-02.47.20:937][920]LogSlate: Updating window title bar state: overlay mode, drag disabled, window buttons hidden, title bar hidden
[2018.12.03-02.47.21:013][920]LogSlate: Window 'GAME310_RamboBambi Game Preview Standalone (64-bit/PCD3D_SM5)' being destroyed
[2018.12.03-02.47.21:076][920]LogPlayLevel: Display: Shutting down PIE online subsystems
[2018.12.03-02.47.21:395][921]LogPlayLevel: Display: Destroying online subsystem :Context_6
[2018.12.03-02.47.26:260][133]Cmd: OBJ SAVEPACKAGE PACKAGE="/Game/EnemyBP" FILE="../../../../../../Users/Asher/OneDrive - George Mason University/GAME310_RamboBambi/Content/EnemyBP.uasset" SILENT=true
[2018.12.03-02.47.26:458][133]LogSavePackage: Moving '../../../../../../Users/Asher/OneDrive - George Mason University/GAME310_RamboBambi/Saved/EnemyBP8CA1EC3B4527A85733536ABC22A287F7.tmp' to '../../../../../../Users/Asher/OneDrive - George Mason University/GAME310_RamboBambi/Content/EnemyBP.uasset'
[2018.12.03-02.51.47:040][532]LogSavePackage: Moving '../../../../../../Users/Asher/OneDrive - George Mason University/GAME310_RamboBambi/Saved/Level1_Auto1C6AF1E0342229314E805B3891ED2C15B.tmp' to '../../../../../../Users/Asher/OneDrive - George Mason University/GAME310_RamboBambi/Saved/Autosaves/Game/Levels/Level1/Level1_Auto1.umap'
[2018.12.03-02.51.47:098][532]LogFileHelpers: Editor autosave (incl. sublevels) for '/Game/Levels/Level1/Level1' took 0.376
[2018.12.03-02.51.47:098][532]LogFileHelpers: Editor autosave (incl. sublevels) for all levels took 0.376
[2018.12.03-02.53.51:837][693]LogSlate: FSceneViewport::OnFocusLost() reason 0
[2018.12.03-02.53.52:269][704]LogSavePackage: Moving '../../../../../../Users/Asher/OneDrive - George Mason University/GAME310_RamboBambi/Saved/Level1B8F4B5CC4BCE3B9E8677A88AFD50287A.tmp' to '../../../../../../Users/Asher/OneDrive - George Mason University/GAME310_RamboBambi/Content/Levels/Level1/Level1.umap'
[2018.12.03-02.53.52:705][704]LogSavePackage: Moving '../../../../../../Users/Asher/OneDrive - George Mason University/GAME310_RamboBambi/Saved/Level1_BuiltData0B60893D4E7AED46CE292191408E54CA.tmp' to '../../../../../../Users/Asher/OneDrive - George Mason University/GAME310_RamboBambi/Content/Levels/Level1/Level1_BuiltData.uasset'
[2018.12.03-02.54.38:958][ 36]LogSlate: FSceneViewport::OnFocusLost() reason 0
[2018.12.03-02.58.01:158][135]LogInit: XAudio2 using 'Headphones (2- INSIGNIA NS-CAHBTOE01 Stereo)' : 2 channels at 44.1 kHz using 16 bits per sample (channel mask 0x3)
[2018.12.03-02.58.02:082][135]LogAudio: Error: CreateMasteringVoice error: Unhandled error code -2147024875
[2018.12.03-02.58.02:082][135]LogInit: Warning: Failed to create the mastering voice for XAudio2
[2018.12.03-02.58.02:205][140]LogAudio: Warning: Current Audio Device with ID {0.0.0.00000000}.{d3860d91-ebaa-4e17-817e-70ba7ee9f50b} was removed. Shutting down audio device.
[2018.12.03-02.58.02:322][140]LogInit: XAudio2 using 'Speakers (High Definition Audio Device)' : 2 channels at 48 kHz using 32 bits per sample (channel mask 0x3)
[2018.12.03-02.58.02:582][141]LogInit: XAudio2 using 'Speakers (High Definition Audio Device)' : 2 channels at 48 kHz using 32 bits per sample (channel mask 0x3)
[2018.12.03-02.58.02:796][146]LogInit: XAudio2 using 'Speakers (High Definition Audio Device)' : 2 channels at 48 kHz using 32 bits per sample (channel mask 0x3)
[2018.12.03-02.59.04:870][862]LogSlate: FSceneViewport::OnFocusLost() reason 0
[2018.12.03-02.59.06:166][938]LogEditorViewport: Clicking on Actor (LMB): EnemyBP_C (EnemyBP)
[2018.12.03-02.59.17:918][407]LogSlate: FSceneViewport::OnFocusLost() reason 0
[2018.12.03-02.59.21:209][533]LogAssetEditorManager: Opening Asset editor for SkeletalMesh /Game/Drone/Drone.Drone
[2018.12.03-02.59.21:328][533]LogContentBrowser: Native class hierarchy updated for 'SkeletonEditor' in 0.0004 seconds. Added 1 classes and 2 folders.
[2018.12.03-02.59.22:239][533]LogActorComponent: RegisterComponentWithWorld: (/Engine/Transient.World_5:PersistentLevel.AnimationEditorPreviewActor_0.DebugSkelMeshComponent_0) Already registered. Aborting.
[2018.12.03-02.59.22:310][533]LogContentBrowser: Native class hierarchy updated for 'PinnedCommandList' in 0.0003 seconds. Added 1 classes and 0 folders.
[2018.12.03-02.59.22:706][533]LogSkeletalMesh: USkeletalMeshComponent::InitArticulated : Bodies already created (/Engine/Transient.World_5:PersistentLevel.AnimationEditorPreviewActor_0.DebugSkelMeshComponent_0) - call TermArticulated first.
[2018.12.03-02.59.23:917][533]LogContentBrowser: Native class hierarchy updated for 'ClothingSystemEditorInterface' in 0.0005 seconds. Added 1 classes and 0 folders.
[2018.12.03-02.59.27:476][671]LogAssetEditorManager: Opening Asset editor for PhysicsAsset /Game/Drone/Drone_PhysicsAsset.Drone_PhysicsAsset
[2018.12.03-02.59.27:536][671]LogContentBrowser: Native class hierarchy updated for 'PhysicsAssetEditor' in 0.0004 seconds. Added 7 classes and 3 folders.
[2018.12.03-02.59.27:582][671]LogActorComponent: RegisterComponentWithWorld: (/Engine/Transient.World_7:PersistentLevel.AnimationEditorPreviewActor_0.PhysicsAssetEditorSkeletalMeshComponent_0) Already registered. Aborting.
[2018.12.03-02.59.33:444][886]LogSlate: FSceneViewport::OnFocusLost() reason 2
[2018.12.03-02.59.35:672][980]LogSlate: FSceneViewport::OnFocusLost() reason 0
[2018.12.03-02.59.35:852][985]Cmd: OBJ SAVEPACKAGE PACKAGE="/Game/Drone/Drone_PhysicsAsset" FILE="../../../../../../Users/Asher/OneDrive - George Mason University/GAME310_RamboBambi/Content/Drone/Drone_PhysicsAsset.uasset" SILENT=true
[2018.12.03-02.59.35:978][985]LogSavePackage: Moving '../../../../../../Users/Asher/OneDrive - George Mason University/GAME310_RamboBambi/Saved/Drone_PhysicsAsset90A280F8453642066622E9B12E4E7AA5.tmp' to '../../../../../../Users/Asher/OneDrive - George Mason University/GAME310_RamboBambi/Content/Drone/Drone_PhysicsAsset.uasset'
[2018.12.03-02.59.36:987][ 22]LogSlate: FSceneViewport::OnFocusLost() reason 0
[2018.12.03-02.59.37:095][ 26]LogSlate: Window 'Drone_PhysicsAsset' being destroyed
[2018.12.03-02.59.37:100][ 26]LogSlate: Window 'Drone_PhysicsAsset' being destroyed
[2018.12.03-02.59.37:946][ 26]LogSlate: FSceneViewport::OnFocusLost() reason 0
[2018.12.03-02.59.37:947][ 26]LogTemp: Repeating last play command: New Editor Window (PIE)
[2018.12.03-02.59.38:005][ 26]LogPlayLevel: PlayLevel: No blueprints needed recompiling
[2018.12.03-02.59.38:006][ 26]PIE: New page: PIE session: Level1 (Dec 2, 2018, 4:59:38 PM)
[2018.12.03-02.59.38:006][ 26]LogPlayLevel: Creating play world package: /Game/Levels/Level1/UEDPIE_0_Level1
[2018.12.03-02.59.38:015][ 26]LogPlayLevel: PIE: StaticDuplicateObject took: (0.009344s)
[2018.12.03-02.59.38:016][ 26]LogAIModule: Creating AISystem for world Level1
[2018.12.03-02.59.38:017][ 26]LogPlayLevel: PIE: World Init took: (0.001556s)
[2018.12.03-02.59.38:017][ 26]LogPlayLevel: PIE: Created PIE world by copying editor world from /Game/Levels/Level1/Level1.Level1 to /Game/Levels/Level1/UEDPIE_0_Level1.Level1 (0.011152s)
[2018.12.03-02.59.38:085][ 26]LogInit: XAudio2 using 'Speakers (High Definition Audio Device)' : 2 channels at 48 kHz using 32 bits per sample (channel mask 0x3)
[2018.12.03-02.59.38:100][ 26]LogInit: FAudioDevice initialized.
[2018.12.03-02.59.38:125][ 26]LogSlate: Updating window title bar state: overlay mode, drag disabled, window buttons hidden, title bar hidden
[2018.12.03-02.59.38:208][ 26]LogLoad: Game class is 'ThirdPersonGameMode_C'
[2018.12.03-02.59.38:216][ 26]LogWorld: Bringing World /Game/Levels/Level1/UEDPIE_0_Level1.Level1 up for play (max tick rate 0) at 2018.12.02-21.59.38
[2018.12.03-02.59.38:218][ 26]LogWorld: Bringing up level for play took: 0.010148
[2018.12.03-02.59.38:232][ 26]LogSpawn: Warning: SpawnActor failed because no class was specified
[2018.12.03-02.59.38:251][ 26]PIE: Play in editor start time for /Game/Levels/Level1/UEDPIE_0_Level1 0.125
[2018.12.03-02.59.41:108][224]LogSlate: Updating window title bar state: overlay mode, drag disabled, window buttons hidden, title bar hidden
[2018.12.03-02.59.41:168][224]LogSlate: Window 'GAME310_RamboBambi Game Preview Standalone (64-bit/PCD3D_SM5)' being destroyed
[2018.12.03-02.59.41:205][224]LogPlayLevel: Display: Shutting down PIE online subsystems
[2018.12.03-02.59.41:291][225]LogPlayLevel: Display: Destroying online subsystem :Context_10
[2018.12.03-02.59.42:246][310]LogEditorViewport: Clicking on Actor (LMB): EnemyBP_C (EnemyBP)
[2018.12.03-02.59.47:813][584]LogSlate: FSceneViewport::OnFocusLost() reason 0
[2018.12.03-02.59.55:936][ 80]Cmd: TRANSACTION UNDO
[2018.12.03-02.59.55:936][ 80]LogEditorTransaction: Undo Move Actors
[2018.12.03-02.59.56:925][140]Cmd: TRANSACTION UNDO
[2018.12.03-02.59.56:925][140]LogEditorTransaction: Undo Move Actors
[2018.12.03-02.59.57:858][203]Cmd: TRANSACTION UNDO
[2018.12.03-02.59.57:858][203]LogEditorTransaction: Undo Move Actors
[2018.12.03-03.00.10:012][998]LogSlate: FSceneViewport::OnFocusLost() reason 0
[2018.12.03-03.00.16:383][420]LogSlate: FSceneViewport::OnFocusLost() reason 2
[2018.12.03-03.00.16:610][420]LogSavePackage: Moving '../../../../../../Users/Asher/OneDrive - George Mason University/GAME310_RamboBambi/Saved/Level13293C90040259AB5A40799BC10B762A3.tmp' to '../../../../../../Users/Asher/OneDrive - George Mason University/GAME310_RamboBambi/Content/Levels/Level1/Level1.umap'
[2018.12.03-03.00.17:019][420]LogSavePackage: Moving '../../../../../../Users/Asher/OneDrive - George Mason University/GAME310_RamboBambi/Saved/Level1_BuiltDataAF7B0C0547577569FB08EB90D82BAFB0.tmp' to '../../../../../../Users/Asher/OneDrive - George Mason University/GAME310_RamboBambi/Content/Levels/Level1/Level1_BuiltData.uasset'
[2018.12.03-03.00.22:948][744]LogSlate: FSceneViewport::OnFocusLost() reason 0
[2018.12.03-03.00.23:360][752]LogSavePackage: Moving '../../../../../../Users/Asher/OneDrive - George Mason University/GAME310_RamboBambi/Saved/Level10C7B054649EFB8AA56FA65B7394ADE0D.tmp' to '../../../../../../Users/Asher/OneDrive - George Mason University/GAME310_RamboBambi/Content/Levels/Level1/Level1.umap'
[2018.12.03-03.00.23:780][752]LogSavePackage: Moving '../../../../../../Users/Asher/OneDrive - George Mason University/GAME310_RamboBambi/Saved/Level1_BuiltData4D304A9C4A31ACEBED4965982E769763.tmp' to '../../../../../../Users/Asher/OneDrive - George Mason University/GAME310_RamboBambi/Content/Levels/Level1/Level1_BuiltData.uasset'
[2018.12.03-03.00.24:897][813]LogSlate: FSceneViewport::OnFocusLost() reason 0
[2018.12.03-03.00.25:422][823]LogSlate: Window 'GAME310_RamboBambi - Unreal Editor' being destroyed
[2018.12.03-03.00.25:423][823]LogWindowsTextInputMethodSystem: Display: IME system now deactivated.
[2018.12.03-03.00.25:827][824]Cmd: QUIT_EDITOR
[2018.12.03-03.00.26:227][824]LogExit: Preparing to exit.
[2018.12.03-03.00.26:639][824]LogExit: Editor shut down
[2018.12.03-03.00.26:639][824]LogExit: Transaction tracking system shut down
[2018.12.03-03.00.27:617][824]LogExit: Object subsystem successfully closed.
[2018.12.03-03.00.27:719][824]LogShaderCompilers: Display: Shaders left to compile 0
[2018.12.03-03.00.27:724][824]LogD3D11RHI: Shutdown
[2018.12.03-03.00.27:724][824]LogD3D11RHI: CleanupD3DDevice
[2018.12.03-03.00.27:747][824]LogD3D11RHI: ~FD3D11DynamicRHI
[2018.12.03-03.00.29:018][824]LogModuleManager: Shutting down and abandoning module PhysicsAssetEditor (624)
[2018.12.03-03.00.29:018][824]LogModuleManager: Shutting down and abandoning module ClothingSystemEditorInterface (622)
[2018.12.03-03.00.29:018][824]LogModuleManager: Shutting down and abandoning module PinnedCommandList (620)
[2018.12.03-03.00.29:018][824]LogModuleManager: Shutting down and abandoning module SkeletonEditor (618)
[2018.12.03-03.00.29:018][824]LogModuleManager: Shutting down and abandoning module MovieSceneCapture (616)
[2018.12.03-03.00.29:018][824]LogModuleManager: Shutting down and abandoning module Voice (614)
[2018.12.03-03.00.29:018][824]LogModuleManager: Shutting down and abandoning module BlueprintGraph (612)
[2018.12.03-03.00.29:018][824]LogModuleManager: Shutting down and abandoning module HierarchicalLODOutliner (610)
[2018.12.03-03.00.29:018][824]LogModuleManager: Shutting down and abandoning module SceneOutliner (608)
[2018.12.03-03.00.29:018][824]LogModuleManager: Shutting down and abandoning module AddContentDialog (606)
[2018.12.03-03.00.29:019][824]LogModuleManager: Shutting down and abandoning module WidgetCarousel (605)
[2018.12.03-03.00.29:020][824]LogModuleManager: Shutting down and abandoning module EditorWidgets (602)
[2018.12.03-03.00.29:020][824]LogModuleManager: Shutting down and abandoning module CollectionManager (600)
[2018.12.03-03.00.29:035][824]LogModuleManager: Shutting down and abandoning module StatsViewer (598)
[2018.12.03-03.00.29:035][824]LogModuleManager: Shutting down and abandoning module FoliageEdit (596)
[2018.12.03-03.00.29:035][824]LogModuleManager: Shutting down and abandoning module LandscapeEditor (594)
[2018.12.03-03.00.29:059][824]LogModuleManager: Shutting down and abandoning module MeshPaintMode (592)
[2018.12.03-03.00.29:059][824]LogModuleManager: Shutting down and abandoning module SceneDepthPickerMode (590)
[2018.12.03-03.00.29:059][824]LogModuleManager: Shutting down and abandoning module ActorPickerMode (588)
[2018.12.03-03.00.29:060][824]LogModuleManager: Shutting down and abandoning module GeometryMode (586)
[2018.12.03-03.00.29:060][824]LogModuleManager: Shutting down and abandoning module TextureAlignMode (584)
[2018.12.03-03.00.29:060][824]LogModuleManager: Shutting down and abandoning module BspMode (582)
[2018.12.03-03.00.29:060][824]LogModuleManager: Shutting down and abandoning module PIEPreviewDeviceProfileSelector (580)
[2018.12.03-03.00.29:060][824]LogModuleManager: Shutting down and abandoning module SequenceRecorderSections (578)
[2018.12.03-03.00.29:060][824]LogModuleManager: Shutting down and abandoning module AutomationWorker (576)
[2018.12.03-03.00.29:060][824]LogModuleManager: Shutting down and abandoning module AudioCaptureEditor (574)
[2018.12.03-03.00.29:060][824]LogModuleManager: Shutting down and abandoning module SequenceRecorder (573)
[2018.12.03-03.00.29:060][824]LogModuleManager: Shutting down and abandoning module MatineeToLevelSequence (570)
[2018.12.03-03.00.29:060][824]LogModuleManager: Shutting down and abandoning module LevelSequenceEditor (568)
[2018.12.03-03.00.29:067][824]LogModuleManager: Shutting down and abandoning module PlacementMode (567)
[2018.12.03-03.00.29:068][824]LogModuleManager: Shutting down and abandoning module MaterialEditor (566)
[2018.12.03-03.00.29:097][824]LogModuleManager: Shutting down and abandoning module WmfMediaFactory (562)
[2018.12.03-03.00.29:097][824]LogModuleManager: Shutting down and abandoning module WmfMediaEditor (560)
[2018.12.03-03.00.29:097][824]LogModuleManager: Shutting down and abandoning module MediaPlayerEditor (558)
[2018.12.03-03.00.29:097][824]LogModuleManager: Shutting down and abandoning module OpenExrWrapper (556)
[2018.12.03-03.00.29:097][824]LogModuleManager: Shutting down and abandoning module ImgMediaFactory (554)
[2018.12.03-03.00.29:097][824]LogModuleManager: Shutting down and abandoning module ImgMediaEditor (552)
[2018.12.03-03.00.29:097][824]LogModuleManager: Shutting down and abandoning module AvfMediaFactory (550)
[2018.12.03-03.00.29:097][824]LogModuleManager: Shutting down and abandoning module AvfMediaEditor (548)
[2018.12.03-03.00.29:097][824]LogModuleManager: Shutting down and abandoning module AndroidMediaFactory (546)
[2018.12.03-03.00.29:097][824]LogModuleManager: Shutting down and abandoning module AndroidMediaEditor (544)
[2018.12.03-03.00.29:097][824]LogModuleManager: Shutting down and abandoning module MagicLeapCameraPreviewFactory (542)
[2018.12.03-03.00.29:098][824]LogModuleManager: Shutting down and abandoning module MagicLeapMediaFactory (540)
[2018.12.03-03.00.29:098][824]LogModuleManager: Shutting down and abandoning module MagicLeapMediaEditor (538)
[2018.12.03-03.00.29:098][824]LogModuleManager: Shutting down and abandoning module CharacterAI (536)
[2018.12.03-03.00.29:098][824]LogModuleManager: Shutting down and abandoning module SmartSnapping (534)
[2018.12.03-03.00.29:098][824]LogModuleManager: Shutting down and abandoning module SessionServices (532)
[2018.12.03-03.00.29:098][824]LogModuleManager: Shutting down and abandoning module ViewportSnapping (530)
[2018.12.03-03.00.29:098][824]LogModuleManager: Shutting down and abandoning module ViewportInteraction (528)
[2018.12.03-03.00.29:112][824]LogModuleManager: Shutting down and abandoning module ClothPainter (526)
[2018.12.03-03.00.29:112][824]LogModuleManager: Shutting down and abandoning module SkeletalMeshEditor (525)
[2018.12.03-03.00.29:112][824]LogModuleManager: Shutting down and abandoning module LogVisualizer (522)
[2018.12.03-03.00.29:120][824]LogModuleManager: Shutting down and abandoning module IntroTutorials (520)
[2018.12.03-03.00.29:121][824]LogModuleManager: Shutting down and abandoning module GameProjectGeneration (519)
[2018.12.03-03.00.29:125][824]LogModuleManager: Shutting down and abandoning module LuminPlatformEditor (516)
[2018.12.03-03.00.29:125][824]LogModuleManager: Shutting down and abandoning module IOSPlatformEditor (514)
[2018.12.03-03.00.29:125][824]LogModuleManager: Shutting down and abandoning module HTML5PlatformEditor (512)
[2018.12.03-03.00.29:125][824]LogModuleManager: Shutting down and abandoning module AndroidPlatformEditor (510)
[2018.12.03-03.00.29:125][824]LogModuleManager: Shutting down and abandoning module AndroidDeviceDetection (509)
[2018.12.03-03.00.30:048][824]LogModuleManager: Shutting down and abandoning module WindowsPlatformEditor (506)
[2018.12.03-03.00.30:048][824]LogModuleManager: Shutting down and abandoning module LuminRuntimeSettings (504)
[2018.12.03-03.00.30:048][824]LogModuleManager: Shutting down and abandoning module IOSRuntimeSettings (502)
[2018.12.03-03.00.30:048][824]LogModuleManager: Shutting down and abandoning module AndroidRuntimeSettings (500)
[2018.12.03-03.00.30:048][824]LogModuleManager: Shutting down and abandoning module InputBindingEditor (498)
[2018.12.03-03.00.30:063][824]LogModuleManager: Shutting down and abandoning module MergeActors (496)
[2018.12.03-03.00.30:063][824]LogModuleManager: Shutting down and abandoning module LocalizationDashboard (494)
[2018.12.03-03.00.30:077][824]LogModuleManager: Shutting down and abandoning module LocalizationService (493)
[2018.12.03-03.00.30:077][824]LogModuleManager: Shutting down and abandoning module HardwareTargeting (490)
[2018.12.03-03.00.30:077][824]LogModuleManager: Shutting down and abandoning module DeviceProfileEditor (488)
[2018.12.03-03.00.30:078][824]LogModuleManager: Shutting down and abandoning module UndoHistory (486)
[2018.12.03-03.00.30:078][824]LogModuleManager: Shutting down and abandoning module XmlParser (484)
[2018.12.03-03.00.30:078][824]LogModuleManager: Shutting down and abandoning module Blutility (482)
[2018.12.03-03.00.30:078][824]LogModuleManager: Shutting down and abandoning module ProjectSettingsViewer (480)
[2018.12.03-03.00.30:078][824]LogModuleManager: Shutting down and abandoning module ProjectTargetPlatformEditor (479)
[2018.12.03-03.00.30:078][824]LogModuleManager: Shutting down and abandoning module EditorSettingsViewer (476)
[2018.12.03-03.00.30:078][824]LogModuleManager: Shutting down and abandoning module SettingsEditor (474)
[2018.12.03-03.00.30:078][824]LogModuleManager: Shutting down and abandoning module ProjectLauncher (472)
[2018.12.03-03.00.30:088][824]LogModuleManager: Shutting down and abandoning module SessionFrontend (470)
[2018.12.03-03.00.30:088][824]LogModuleManager: Shutting down and abandoning module ProfilerClient (468)
[2018.12.03-03.00.30:098][824]LogModuleManager: Shutting down and abandoning module DeviceManager (466)
[2018.12.03-03.00.30:098][824]LogModuleManager: Shutting down and abandoning module TargetDeviceServices (465)
[2018.12.03-03.00.30:169][824]LogModuleManager: Shutting down and abandoning module AutomationController (462)
[2018.12.03-03.00.30:169][824]LogModuleManager: Shutting down and abandoning module AutomationWindow (460)
[2018.12.03-03.00.30:186][824]LogModuleManager: Shutting down and abandoning module Layers (458)
[2018.12.03-03.00.30:216][824]LogModuleManager: Shutting down and abandoning module ComponentVisualizers (456)
[2018.12.03-03.00.30:216][824]LogModuleManager: Shutting down and abandoning module DetailCustomizations (454)
[2018.12.03-03.00.30:216][824]LogModuleManager: Shutting down and abandoning module PackagesDialog (452)
[2018.12.03-03.00.30:216][824]LogModuleManager: Shutting down and abandoning module Persona (450)
[2018.12.03-03.00.30:216][824]LogModuleManager: Shutting down and abandoning module AdvancedPreviewScene (449)
[2018.12.03-03.00.30:216][824]LogModuleManager: Shutting down and abandoning module AnimGraph (447)
[2018.12.03-03.00.30:216][824]LogModuleManager: Shutting down and abandoning module Kismet (444)
[2018.12.03-03.00.30:222][824]LogModuleManager: Shutting down and abandoning module GraphEditor (442)
[2018.12.03-03.00.30:223][824]LogModuleManager: Shutting down and abandoning module ClassViewer (440)
[2018.12.03-03.00.30:223][824]LogModuleManager: Shutting down and abandoning module Toolbox (438)
[2018.12.03-03.00.30:223][824]LogModuleManager: Shutting down and abandoning module ModuleUI (436)
[2018.12.03-03.00.30:229][824]LogModuleManager: Shutting down and abandoning module MovieSceneTools (434)
[2018.12.03-03.00.30:230][824]LogModuleManager: Shutting down and abandoning module OutputLog (432)
[2018.12.03-03.00.30:230][824]LogModuleManager: Shutting down and abandoning module GammaUI (430)
[2018.12.03-03.00.30:240][824]LogModuleManager: Shutting down and abandoning module Documentation (428)
[2018.12.03-03.00.30:240][824]LogModuleManager: Shutting down and abandoning module MovieSceneTracks (426)
[2018.12.03-03.00.30:257][824]LogModuleManager: Shutting down and abandoning module MovieScene (424)
[2018.12.03-03.00.30:257][824]LogModuleManager: Shutting down and abandoning module StreamingPauseRendering (422)
[2018.12.03-03.00.30:257][824]LogModuleManager: Shutting down and abandoning module LauncherPlatform (420)
[2018.12.03-03.00.30:257][824]LogModuleManager: Shutting down and abandoning module AnalyticsET (418)
[2018.12.03-03.00.30:257][824]LogModuleManager: Shutting down and abandoning module PortalServices (416)
[2018.12.03-03.00.30:257][824]LogModuleManager: Shutting down and abandoning module PortalRpc (414)
[2018.12.03-03.00.30:257][824]LogModuleManager: Shutting down and abandoning module MessagingRpc (412)
[2018.12.03-03.00.30:257][824]LogModuleManager: Shutting down and abandoning module AIModule (410)
[2018.12.03-03.00.30:257][824]LogModuleManager: Shutting down and abandoning module GameplayDebugger (409)
[2018.12.03-03.00.30:257][824]LogModuleManager: Shutting down and abandoning module AITestSuite (407)
[2018.12.03-03.00.30:257][824]LogModuleManager: Shutting down and abandoning module NavigationSystem (405)
[2018.12.03-03.00.30:258][824]LogModuleManager: Shutting down and abandoning module DesktopPlatform (402)
[2018.12.03-03.00.30:258][824]LogModuleManager: Shutting down and abandoning module ProfilerService (400)
[2018.12.03-03.00.30:378][824]LogModuleManager: Shutting down and abandoning module TaskGraph (398)
[2018.12.03-03.00.30:378][824]LogModuleManager: Shutting down and abandoning module SteamVRController (396)
[2018.12.03-03.00.30:379][824]LogModuleManager: Shutting down and abandoning module ProceduralMeshComponentEditor (394)
[2018.12.03-03.00.30:379][824]LogModuleManager: Shutting down and abandoning module ProceduralMeshComponent (392)
[2018.12.03-03.00.30:379][824]LogModuleManager: Shutting down and abandoning module OculusInput (390)
[2018.12.03-03.00.30:379][824]LogModuleManager: Shutting down and abandoning module MobilePatchingUtils (388)
[2018.12.03-03.00.30:379][824]LogModuleManager: Shutting down and abandoning module EditableMesh (386)
[2018.12.03-03.00.30:379][824]LogModuleManager: Shutting down and abandoning module CustomMeshComponent (384)
[2018.12.03-03.00.30:379][824]LogModuleManager: Shutting down and abandoning module CableComponent (382)
[2018.12.03-03.00.30:379][824]LogModuleManager: Shutting down and abandoning module AudioCapture (380)
[2018.12.03-03.00.30:379][824]LogModuleManager: Shutting down and abandoning module ArchVisCharacter (378)
[2018.12.03-03.00.30:379][824]LogModuleManager: Shutting down and abandoning module AndroidPermission (376)
[2018.12.03-03.00.30:379][824]LogModuleManager: Shutting down and abandoning module NUTUnrealEngine4 (374)
[2018.12.03-03.00.30:379][824]LogModuleManager: Shutting down and abandoning module NetcodeUnitTest (372)
[2018.12.03-03.00.30:402][824]LogModuleManager: Shutting down and abandoning module MediaCompositingEditor (370)
[2018.12.03-03.00.30:402][824]LogModuleManager: Shutting down and abandoning module MediaCompositing (368)
[2018.12.03-03.00.30:402][824]LogModuleManager: Shutting down and abandoning module LinearTimecode (366)
[2018.12.03-03.00.30:402][824]LogModuleManager: Shutting down and abandoning module ImgMedia (364)
[2018.12.03-03.00.30:414][824]LogModuleManager: Shutting down and abandoning module HTML5Networking (362)
[2018.12.03-03.00.30:414][824]LogModuleManager: Shutting down and abandoning module GeometryCacheTracks (360)
[2018.12.03-03.00.30:414][824]LogModuleManager: Shutting down and abandoning module GeometryCacheSequencer (358)
[2018.12.03-03.00.30:415][824]LogModuleManager: Shutting down and abandoning module BackChannel (356)
[2018.12.03-03.00.30:415][824]LogModuleManager: Shutting down and abandoning module AppleVision (354)
[2018.12.03-03.00.30:415][824]LogModuleManager: Shutting down and abandoning module AppleImageUtils (352)
[2018.12.03-03.00.30:415][824]LogModuleManager: Shutting down and abandoning module AlembicImporter (350)
[2018.12.03-03.00.30:415][824]LogModuleManager: Shutting down and abandoning module AlembicLibrary (349)
[2018.12.03-03.00.30:415][824]LogModuleManager: Shutting down and abandoning module GeometryCache (348)
[2018.12.03-03.00.30:415][824]LogModuleManager: Shutting down and abandoning module GeometryCacheEd (347)
[2018.12.03-03.00.30:415][824]LogModuleManager: Shutting down and abandoning module DatasmithContentEditor (342)
[2018.12.03-03.00.30:415][824]LogModuleManager: Shutting down and abandoning module DatasmithContent (340)
[2018.12.03-03.00.30:416][824]LogModuleManager: Shutting down and abandoning module SpeedTreeImporter (338)
[2018.12.03-03.00.30:416][824]LogModuleManager: Shutting down and abandoning module PluginBrowser (336)
[2018.12.03-03.00.30:425][824]LogModuleManager: Shutting down and abandoning module MobileLauncherProfileWizard (334)
[2018.12.03-03.00.30:439][824]LogModuleManager: Shutting down and abandoning module PolygonModeling (332)
[2018.12.03-03.00.30:440][824]LogModuleManager: Shutting down and abandoning module MeshEditor (330)
[2018.12.03-03.00.30:440][824]LogModuleManager: Shutting down and abandoning module CryptoKeysOpenSSL (328)
[2018.12.03-03.00.30:440][824]LogModuleManager: Shutting down and abandoning module CryptoKeys (326)
[2018.12.03-03.00.30:440][824]LogModuleManager: Shutting down and abandoning module VisualStudioSourceCodeAccess (324)
[2018.12.03-03.00.30:440][824]LogModuleManager: Shutting down and abandoning module VisualStudioCodeSourceCodeAccess (322)
[2018.12.03-03.00.30:440][824]LogModuleManager: Shutting down and abandoning module UObjectPlugin (320)
[2018.12.03-03.00.30:440][824]LogModuleManager: Shutting down and abandoning module SubversionSourceControl (318)
[2018.12.03-03.00.30:440][824]LogModuleManager: Shutting down and abandoning module PerforceSourceControl (316)
[2018.12.03-03.00.30:454][824]LogModuleManager: Shutting down and abandoning module GitSourceControl (314)
[2018.12.03-03.00.30:454][824]LogModuleManager: Shutting down and abandoning module SourceControl (313)
[2018.12.03-03.00.30:454][824]LogModuleManager: Shutting down and abandoning module CLionSourceCodeAccess (310)
[2018.12.03-03.00.30:454][824]LogModuleManager: Shutting down and abandoning module LightPropagationVolumeEditor (308)
[2018.12.03-03.00.30:454][824]LogModuleManager: Shutting down and abandoning module PaperTiledImporter (306)
[2018.12.03-03.00.30:454][824]LogModuleManager: Shutting down and abandoning module PaperSpriteSheetImporter (304)
[2018.12.03-03.00.30:454][824]LogModuleManager: Shutting down and abandoning module Paper2DEditor (302)
[2018.12.03-03.00.30:461][824]LogModuleManager: Shutting down and abandoning module MeshPaint (301)
[2018.12.03-03.00.30:462][824]LogModuleManager: Shutting down and abandoning module RuntimePhysXCooking (298)
[2018.12.03-03.00.30:462][824]LogModuleManager: Shutting down and abandoning module PhysXVehiclesEditor (296)
[2018.12.03-03.00.30:462][824]LogModuleManager: Shutting down and abandoning module PhysXVehicles (294)
[2018.12.03-03.00.30:462][824]LogModuleManager: Shutting down and abandoning module OculusEditor (292)
[2018.12.03-03.00.30:462][824]LogModuleManager: Shutting down and abandoning module LocationServicesBPLibrary (290)
[2018.12.03-03.00.30:462][824]LogModuleManager: Shutting down and abandoning module ImmediatePhysicsEditor (288)
[2018.12.03-03.00.30:462][824]LogModuleManager: Shutting down and abandoning module ImmediatePhysics (286)
[2018.12.03-03.00.30:462][824]LogModuleManager: Shutting down and abandoning module ActorSequence (284)
[2018.12.03-03.00.30:462][824]LogModuleManager: Shutting down and abandoning module UdpMessaging (282)
[2018.12.03-03.00.30:563][824]LogModuleManager: Shutting down and abandoning module TcpMessaging (280)
[2018.12.03-03.00.30:664][824]LogModuleManager: Shutting down and abandoning module MagicLeapAudio (278)
[2018.12.03-03.00.30:664][824]LogModuleManager: Shutting down and abandoning module GameplayTagsEditor (276)
[2018.12.03-03.00.30:664][824]LogModuleManager: Shutting down and abandoning module FacialAnimationEditor (274)
[2018.12.03-03.00.30:664][824]LogModuleManager: Shutting down and abandoning module FacialAnimation (272)
[2018.12.03-03.00.30:664][824]LogModuleManager: Shutting down and abandoning module DataValidation (270)
[2018.12.03-03.00.30:664][824]LogModuleManager: Shutting down and abandoning module AssetManagerEditor (268)
[2018.12.03-03.00.30:716][824]LogModuleManager: Shutting down and abandoning module LevelEditor (267)
[2018.12.03-03.00.30:717][824]LogModuleManager: Shutting down and abandoning module PixelInspectorModule (266)
[2018.12.03-03.00.30:717][824]LogModuleManager: Shutting down and abandoning module CommonMenuExtensions (264)
[2018.12.03-03.00.30:717][824]LogModuleManager: Shutting down and abandoning module MainFrame (262)
[2018.12.03-03.00.30:718][824]LogModuleManager: Shutting down and abandoning module HotReload (261)
[2018.12.03-03.00.30:718][824]LogModuleManager: Shutting down and abandoning module ContentBrowser (257)
[2018.12.03-03.00.30:719][824]LogModuleManager: Shutting down and abandoning module TreeMap (255)
[2018.12.03-03.00.30:719][824]LogModuleManager: Shutting down and abandoning module LightPropagationVolumeRuntime (252)
[2018.12.03-03.00.30:719][824]LogModuleManager: Shutting down and abandoning module AISupportModule (250)
[2018.12.03-03.00.30:719][824]LogModuleManager: Shutting down and abandoning module Paper2D (248)
[2018.12.03-03.00.30:719][824]LogModuleManager: Shutting down and abandoning module WindowsMoviePlayer (246)
[2018.12.03-03.00.30:719][824]LogModuleManager: Shutting down and abandoning module WmfMedia (244)
[2018.12.03-03.00.30:735][824]LogModuleManager: Shutting down and abandoning module Media (243)
[2018.12.03-03.00.30:741][824]LogModuleManager: Shutting down and abandoning module PacketHandler (240)
[2018.12.03-03.00.30:741][824]LogModuleManager: Shutting down and abandoning module ClothingSystemEditor (238)
[2018.12.03-03.00.30:742][824]LogModuleManager: Shutting down and abandoning module ClothingSystemRuntime (236)
[2018.12.03-03.00.30:760][824]LogModuleManager: Shutting down and abandoning module MediaAssets (234)
[2018.12.03-03.00.30:760][824]LogModuleManager: Shutting down and abandoning module Overlay (232)
[2018.12.03-03.00.30:760][824]LogModuleManager: Shutting down and abandoning module OverlayEditor (231)
[2018.12.03-03.00.30:760][824]LogModuleManager: Shutting down and abandoning module VREditor (228)
[2018.12.03-03.00.30:770][824]LogModuleManager: Shutting down and abandoning module StringTableEditor (226)
[2018.12.03-03.00.30:794][824]LogModuleManager: Shutting down and abandoning module GameplayTasksEditor (224)
[2018.12.03-03.00.30:794][824]LogModuleManager: Shutting down and abandoning module BehaviorTreeEditor (222)
[2018.12.03-03.00.30:801][824]LogModuleManager: Shutting down and abandoning module FunctionalTesting (220)
[2018.12.03-03.00.30:801][824]LogModuleManager: Shutting down and abandoning module CollisionAnalyzer (218)
[2018.12.03-03.00.30:801][824]LogModuleManager: Shutting down and abandoning module WorkspaceMenuStructure (217)
[2018.12.03-03.00.30:801][824]LogModuleManager: Shutting down and abandoning module UMG (214)
[2018.12.03-03.00.30:801][824]LogModuleManager: Shutting down and abandoning module UMGEditor (213)
[2018.12.03-03.00.30:811][824]LogModuleManager: Shutting down and abandoning module Sequencer (212)
[2018.12.03-03.00.30:824][824]LogModuleManager: Shutting down and abandoning module MessageLog (209)
[2018.12.03-03.00.30:824][824]LogModuleManager: Shutting down and abandoning module SlateReflector (204)
[2018.12.03-03.00.30:843][824]LogModuleManager: Shutting down and abandoning module Slate (202)
[2018.12.03-03.00.30:843][824]LogModuleManager: Shutting down and abandoning module EditorStyle (200)
[2018.12.03-03.00.30:846][824]LogModuleManager: Shutting down and abandoning module MRMesh (198)
[2018.12.03-03.00.30:846][824]LogModuleManager: Shutting down and abandoning module SourceCodeAccess (196)
[2018.12.03-03.00.30:846][824]LogModuleManager: Shutting down and abandoning module HeadMountedDisplay (194)
[2018.12.03-03.00.30:846][824]LogModuleManager: Shutting down and abandoning module XAudio2 (192)
[2018.12.03-03.00.30:846][824]LogModuleManager: Shutting down and abandoning module Networking (190)
[2018.12.03-03.00.30:846][824]LogModuleManager: Shutting down and abandoning module Core (188)
[2018.12.03-03.00.30:846][824]LogModuleManager: Shutting down and abandoning module LevelSequence (186)
[2018.12.03-03.00.30:846][824]LogModuleManager: Shutting down and abandoning module KismetCompiler (184)
[2018.12.03-03.00.30:846][824]LogModuleManager: Shutting down and abandoning module MeshUtilities (182)
[2018.12.03-03.00.30:862][824]LogModuleManager: Shutting down and abandoning module MeshMergeUtilities (181)
[2018.12.03-03.00.30:877][824]LogModuleManager: Shutting down and abandoning module MeshReductionInterface (180)
[2018.12.03-03.00.30:877][824]LogModuleManager: Shutting down and abandoning module SimplygonSwarm (179)
[2018.12.03-03.00.30:884][824]LogModuleManager: Shutting down and abandoning module ProxyLODMeshReduction (177)
[2018.12.03-03.00.30:903][824]LogModuleManager: Shutting down and abandoning module SimplygonMeshReduction (175)
[2018.12.03-03.00.30:903][824]LogModuleManager: Shutting down and abandoning module QuadricMeshReduction (173)
[2018.12.03-03.00.30:917][824]LogModuleManager: Shutting down and abandoning module MaterialBaking (169)
[2018.12.03-03.00.30:934][824]LogModuleManager: Shutting down and abandoning module DirectoryWatcher (165)
[2018.12.03-03.00.30:934][824]LogModuleManager: Shutting down and abandoning module DerivedDataCache (162)
[2018.12.03-03.00.30:989][824]LogDerivedDataCache: Shutdown
[2018.12.03-03.00.30:989][824]LogModuleManager: Shutting down and abandoning module XGEController (160)
[2018.12.03-03.00.30:989][824]LogXGEController: Cleaning working directory: C:/Users/Asher/AppData/Local/Temp/UnrealXGEWorkingDir/
[2018.12.03-03.00.30:989][824]LogModuleManager: Shutting down and abandoning module TargetPlatform (158)
[2018.12.03-03.00.30:989][824]LogModuleManager: Shutting down and abandoning module VulkanShaderFormat (157)
[2018.12.03-03.00.30:989][824]LogModuleManager: Shutting down and abandoning module ShaderFormatVectorVM (155)
[2018.12.03-03.00.30:989][824]LogModuleManager: Shutting down and abandoning module ShaderFormatOpenGL (153)
[2018.12.03-03.00.31:014][824]LogModuleManager: Shutting down and abandoning module ShaderFormatD3D (151)
[2018.12.03-03.00.31:014][824]LogModuleManager: Shutting down and abandoning module MetalShaderFormat (149)
[2018.12.03-03.00.31:021][824]LogModuleManager: Shutting down and abandoning module TextureFormatUncompressed (147)
[2018.12.03-03.00.31:021][824]LogModuleManager: Shutting down and abandoning module TextureFormatPVR (145)
[2018.12.03-03.00.31:022][824]LogModuleManager: Shutting down and abandoning module TextureFormatDXT (143)
[2018.12.03-03.00.31:022][824]LogModuleManager: Shutting down and abandoning module TextureFormatIntelISPCTexComp (141)
[2018.12.03-03.00.31:022][824]LogModuleManager: Shutting down and abandoning module TextureFormatASTC (139)
[2018.12.03-03.00.31:022][824]LogModuleManager: Shutting down and abandoning module ImageWrapper (138)
[2018.12.03-03.00.31:022][824]LogModuleManager: Shutting down and abandoning module TextureFormatAndroid (135)
[2018.12.03-03.00.31:022][824]LogModuleManager: Shutting down and abandoning module AudioFormatOpus (133)
[2018.12.03-03.00.31:022][824]LogModuleManager: Shutting down and abandoning module AudioFormatOgg (131)
[2018.12.03-03.00.31:022][824]LogModuleManager: Shutting down and abandoning module AudioFormatADPCM (129)
[2018.12.03-03.00.31:022][824]LogModuleManager: Shutting down and abandoning module LuminTargetPlatform (127)
[2018.12.03-03.00.31:022][824]LogModuleManager: Shutting down and abandoning module LinuxTargetPlatform (125)
[2018.12.03-03.00.31:022][824]LogModuleManager: Shutting down and abandoning module LinuxServerTargetPlatform (123)
[2018.12.03-03.00.31:022][824]LogModuleManager: Shutting down and abandoning module LinuxNoEditorTargetPlatform (121)
[2018.12.03-03.00.31:022][824]LogModuleManager: Shutting down and abandoning module LinuxClientTargetPlatform (119)
[2018.12.03-03.00.31:022][824]LogModuleManager: Shutting down and abandoning module TVOSTargetPlatform (117)
[2018.12.03-03.00.31:023][824]LogModuleManager: Shutting down and abandoning module Messaging (115)
[2018.12.03-03.00.31:023][824]LogModuleManager: Shutting down and abandoning module IOSTargetPlatform (113)
[2018.12.03-03.00.31:024][824]LogModuleManager: Shutting down and abandoning module HTML5TargetPlatform (111)
[2018.12.03-03.00.31:024][824]LogModuleManager: Shutting down and abandoning module AndroidTargetPlatform (109)
[2018.12.03-03.00.31:032][824]LogModuleManager: Shutting down and abandoning module WindowsTargetPlatform (107)
[2018.12.03-03.00.31:032][824]LogModuleManager: Shutting down and abandoning module WindowsServerTargetPlatform (105)
[2018.12.03-03.00.31:032][824]LogModuleManager: Shutting down and abandoning module WindowsNoEditorTargetPlatform (103)
[2018.12.03-03.00.31:032][824]LogModuleManager: Shutting down and abandoning module WindowsClientTargetPlatform (101)
[2018.12.03-03.00.31:032][824]LogModuleManager: Shutting down and abandoning module MacTargetPlatform (99)
[2018.12.03-03.00.31:032][824]LogModuleManager: Shutting down and abandoning module MacServerTargetPlatform (97)
[2018.12.03-03.00.31:032][824]LogModuleManager: Shutting down and abandoning module MacNoEditorTargetPlatform (95)
[2018.12.03-03.00.31:032][824]LogModuleManager: Shutting down and abandoning module MacClientTargetPlatform (93)
[2018.12.03-03.00.31:032][824]LogModuleManager: Shutting down and abandoning module AllDesktopTargetPlatform (91)
[2018.12.03-03.00.31:032][824]LogModuleManager: Shutting down and abandoning module InputCore (88)
[2018.12.03-03.00.31:032][824]LogModuleManager: Shutting down and abandoning module Settings (86)
[2018.12.03-03.00.31:032][824]LogModuleManager: Shutting down and abandoning module PhysXCooking (84)
[2018.12.03-03.00.31:032][824]LogModuleManager: Shutting down and abandoning module SteamVR (82)
[2018.12.03-03.00.31:032][824]LogModuleManager: Shutting down and abandoning module OculusHMD (80)
[2018.12.03-03.00.31:032][824]LogModuleManager: Shutting down and abandoning module ExampleDeviceProfileSelector (78)
[2018.12.03-03.00.31:032][824]LogModuleManager: Shutting down and abandoning module LauncherChunkInstaller (76)
[2018.12.03-03.00.31:032][824]LogModuleManager: Shutting down and abandoning module OnlineBlueprintSupport (74)
[2018.12.03-03.00.31:032][824]LogModuleManager: Shutting down and abandoning module OnlineSubsystem (70)
[2018.12.03-03.00.31:033][824]LogModuleManager: Shutting down and abandoning module XMPP (65)
[2018.12.03-03.00.31:060][824]LogModuleManager: Shutting down and abandoning module WebSockets (64)
[2018.12.03-03.00.31:126][824]LogModuleManager: Shutting down and abandoning module HTTP (61)
[2018.12.03-03.00.31:136][824]LogHttp: Display: Http module shutting down, but needs to wait on 1 outstanding Http requests:
[2018.12.03-03.00.31:136][824]LogHttp: Display: 	verb=[POST] url=[https://datarouter.ol.epicgames.com/datarouter/api/v1/public/data?SessionID=%7B03CC85B9-4BB7-C78A-753C-CC8BB7BB0D83%7D&AppID=UEEditor.Rocket.Release&AppVersion=4.20.3-4369336%2B%2B%2BUE4%2BRelease-4.20&UserID=7b011dca43d1f7dd5a2cab97a5a1cc89%7Cfbaeb9bf8e0b4360b487a9f3a17e3365%7C19bae229-9730-440c-853b-20aa169b81cb&AppEnvironment=datacollector-binary&UploadType=eteventstream] status=Processing
[2018.12.03-03.00.31:157][824]LogModuleManager: Shutting down and abandoning module SSL (60)
[2018.12.03-03.00.31:160][824]LogModuleManager: Shutting down and abandoning module MagicLeapEmulator (56)
[2018.12.03-03.00.31:160][824]LogModuleManager: Shutting down and abandoning module MagicLeapPrivileges (54)
[2018.12.03-03.00.31:160][824]LogModuleManager: Shutting down and abandoning module MagicLeapIdentity (52)
[2018.12.03-03.00.31:160][824]LogModuleManager: Shutting down and abandoning module MagicLeapHelperVulkan (50)
[2018.12.03-03.00.31:160][824]LogModuleManager: Shutting down and abandoning module MagicLeapHelperOpenGL (48)
[2018.12.03-03.00.31:160][824]LogModuleManager: Shutting down and abandoning module MagicLeapSecureStorage (46)
[2018.12.03-03.00.31:160][824]LogModuleManager: Shutting down and abandoning module MagicLeapGestures (44)
[2018.12.03-03.00.31:160][824]LogModuleManager: Shutting down and abandoning module MagicLeapEyeTracker (42)
[2018.12.03-03.00.31:160][824]LogModuleManager: Shutting down and abandoning module MagicLeapController (40)
[2018.12.03-03.00.31:161][824]LogSlate: Slate User Destroyed.  User Index 0, Is Virtual User: 0
[2018.12.03-03.00.31:161][824]LogModuleManager: Shutting down and abandoning module MagicLeap (38)
[2018.12.03-03.00.31:161][824]LogModuleManager: Shutting down and abandoning module AnimationModifiers (36)
[2018.12.03-03.00.31:174][824]LogModuleManager: Shutting down and abandoning module PropertyEditor (35)
[2018.12.03-03.00.31:175][824]LogModuleManager: Shutting down and abandoning module AudioEditor (32)
[2018.12.03-03.00.31:194][824]LogModuleManager: Shutting down and abandoning module TextureCompressor (30)
[2018.12.03-03.00.31:215][824]LogModuleManager: Shutting down and abandoning module ShaderCore (28)
[2018.12.03-03.00.31:215][824]LogModuleManager: Shutting down and abandoning module Landscape (26)
[2018.12.03-03.00.31:215][824]LogModuleManager: Shutting down and abandoning module SlateRHIRenderer (24)
[2018.12.03-03.00.31:233][824]LogModuleManager: Shutting down and abandoning module OpenGLDrv (22)
[2018.12.03-03.00.31:274][824]LogModuleManager: Shutting down and abandoning module D3D11RHI (20)
[2018.12.03-03.00.31:274][824]LogModuleManager: Shutting down and abandoning module AnimGraphRuntime (18)
[2018.12.03-03.00.31:274][824]LogModuleManager: Shutting down and abandoning module Renderer (16)
[2018.12.03-03.00.31:274][824]LogModuleManager: Shutting down and abandoning module Engine (14)
[2018.12.03-03.00.31:274][824]LogModuleManager: Shutting down and abandoning module CoreUObject (12)
[2018.12.03-03.00.31:275][824]LogModuleManager: Shutting down and abandoning module NetworkFile (10)
[2018.12.03-03.00.31:275][824]LogModuleManager: Shutting down and abandoning module CookedIterativeFile (8)
[2018.12.03-03.00.31:275][824]LogModuleManager: Shutting down and abandoning module StreamingFile (6)
[2018.12.03-03.00.31:275][824]LogModuleManager: Shutting down and abandoning module SandboxFile (4)
[2018.12.03-03.00.31:275][824]LogModuleManager: Shutting down and abandoning module PakFile (2)
[2018.12.03-03.00.31:329][824]LogExit: Exiting.
[2018.12.03-03.00.31:392][824]Log file closed, 12/02/18 22:00:31
